$ADVER,3080,2.3
$GPRMC,161222.238,A,2940.8263,N,09524.7638,W,0.19,129.43,200411,,,A*72
$GPGGA,161223.238,2940.8263,N,09524.7639,W,1,04,1.8,13.9,M,-23.7,M,,0000*5E
$GPGSA,A,3,21,22,14,18,,,,,,,,,2.1,1.8,1.0*36
$GPRMC,161223.238,A,2940.8263,N,09524.7639,W,0.14,169.87,200411,,,A*73
$GPVTG,169.87,T,,M,0.14,N,0.3,K,A*0A
$GPGGA,161224.238,2940.8263,N,09524.7639,W,1,04,1.8,13.7,M,-23.7,M,,0000*57
$GPGSA,A,3,21,22,14,18,,,,,,,,,2.1,1.8,1.0*36
$GPRMC,161224.238,A,2940.8263,N,09524.7639,W,0.08,172.18,200411,,,A*75
$GPVTG,172.18,T,,M,0.08,N,0.2,K,A*0A
$GPGGA,161225.000,2940.8263,N,09524.7639,W,1,04,1.8,13.8,M,-23.7,M,,0000*50
$GPGSA,A,3,21,22,14,18,,,,,,,,,2.1,1.8,1.0*36
$GPRMC,161225.000,A,2940.8263,N,09524.7639,W,0.09,128.80,200411,,,A*72
$GPVTG,128.80,T,,M,0.09,N,0.2,K,A*05
$GPGGA,161226.000,2940.8263,N,09524.7639,W,1,04,1.8,13.4,M,-23.7,M,,0000*5F
$GPGSA,A,3,21,22,14,18,,,,,,,,,2.1,1.8,1.0*36
$GPRMC,161226.000,A,2940.8263,N,09524.7639,W,0.12,137.55,200411,,,A*7D
$GPVTG,137.55,T,,M,0.12,N,0.2,K,A*09
$GPGGA,161227.000,2940.8263,N,09524.7639,W,1,04,1.8,13.2,M,-23.7,M,,0000*58
$GPGSA,A,3,21,22,14,18,,,,,,,,,2.1,1.8,1.0*36
$GPGSV,3,1,11,18,58,038,34,14,57,258,39,22,54,333,39,21,48,151,34*74
$GPGSV,3,2,11,09,37,059,34,27,22,045,24,06,21,258,,03,16,269,*7F
$GPGSV,3,3,11,19,15,301,22,15,07,049,19,31,03,195,*4D
$GPRMC,161227.000,A,2940.8263,N,09524.7639,W,0.13,158.09,200411,,,A*7D
$GPVTG,158.09,T,,M,0.13,N,0.2,K,A*08
$GPGGA,161228.000,2940.8263,N,09524.7639,W,1,04,1.8,13.1,M,-23.7,M,,0000*54
$GPGSA,A,3,21,22,14,18,,,,,,,,,2.1,1.8,1.0*36
$GPRMC,161228.000,A,2940.8263,N,09524.7639,W,0.14,165.34,200411,,,A*75
$GPVTG,165.34,T,,M,0.14,N,0.3,K,A*0E
$GPGGA,161229.000,2940.8263,N,09524.7638,W,1,04,1.8,13.0,M,-23.7,M,,0000*55
$GPGSA,A,3,21,22,14,18,,,,,,,,,2.1,1.8,1.0*36
$GPRMC,161229.000,A,2940.8263,N,09524.7638,W,0.17,158.14,200411,,,A*7A
$GPVTG,158.14,T,,M,0.17,N,0.3,K,A*01
$GPGGA,161230.000,2940.8263,N,09524.7638,W,1,04,1.8,12.9,M,-23.7,M,,0000*55
$GPGSA,A,3,21,22,14,18,,,,,,,,,2.1,1.8,1.0*36
$GPRMC,161230.000,A,2940.8263,N,09524.7638,W,0.18,167.99,200411,,,A*74
$GPVTG,167.99,T,,M,0.18,N,0.3,K,A*07
$GPGGA,161231.000,2940.8264,N,09524.7630,W,1,04,1.8,20.8,M,-23.7,M,,0000*5B
$GPGSA,A,3,21,22,14,18,,,,,,,,,2.1,1.8,1.0*36
$GPRMC,161231.000,A,2940.8264,N,09524.7630,W,0.21,101.53,200411,,,A*76
$GPVTG,101.53,T,,M,0.21,N,0.4,K,A*0C
$GPGGA,161232.000,2940.8263,N,09524.7634,W,1,04,1.8,16.5,M,-23.7,M,,0000*53
$GPGSA,A,3,21,22,14,18,,,,,,,,,2.1,1.8,1.0*36
$GPGSV,3,1,11,18,58,038,23,14,57,258,38,22,54,333,31,21,48,151,34*7B
$GPGSV,3,2,11,09,37,059,28,27,22,045,24,06,21,258,,03,16,269,*72
$GPGSV,3,3,11,19,15,301,21,15,07,049,27,31,03,195,*43
$GPRMC,161232.000,A,2940.8263,N,09524.7634,W,0.08,207.41,200411,,,A*7B
$GPVTG,207.41,T,,M,0.08,N,0.1,K,A*04
$GPGGA,161233.000,2940.8262,N,09524.7638,W,1,04,1.8,13.7,M,-23.7,M,,0000*58
$GPGSA,A,3,21,22,14,18,,,,,,,,,2.1,1.8,1.0*36
$GPRMC,161233.000,A,2940.8262,N,09524.7638,W,0.86,225.29,200411,,,A*7F
$GPVTG,225.29,T,,M,0.86,N,1.6,K,A*0A
$GPGGA,161234.000,2940.8259,N,09524.7645,W,1,04,1.8,8.9,M,-23.7,M,,0000*69
$GPGSA,A,3,21,22,14,18,,,,,,,,,2.1,1.8,1.0*36
$GPRMC,161234.000,A,2940.8259,N,09524.7645,W,0.92,224.62,200411,,,A*71
$GPVTG,224.62,T,,M,0.92,N,1.7,K,A*00
$GPGGA,161235.000,2940.8256,N,09524.7646,W,1,03,2.6,10.1,M,-23.7,M,,0000*5F
$GPGSA,A,2,21,22,14,,,,,,,,,,2.8,2.6,1.0*3A
$GPRMC,161235.000,A,2940.8256,N,09524.7646,W,0.78,224.09,200411,,,A*75
$GPVTG,224.09,T,,M,0.78,N,1.4,K,A*0A
$GPGGA,161236.000,2940.8263,N,09524.7646,W,1,03,2.6,5.1,M,-23.7,M,,0000*6E
$GPGSA,A,2,21,22,14,,,,,,,,,,2.8,2.6,1.0*3A
$GPRMC,161236.000,A,2940.8263,N,09524.7646,W,0.73,20.63,200411,,,A*41
$GPVTG,20.63,T,,M,0.73,N,1.3,K,A*3C
$GPGGA,161237.000,2940.8268,N,09524.7650,W,1,04,1.8,-2.0,M,-23.7,M,,0000*42
$GPGSA,A,3,21,22,14,18,,,,,,,,,2.1,1.8,1.0*36
$GPGSV,3,1,11,18,58,038,20,14,57,258,30,22,54,333,24,21,48,151,39*79
$GPGSV,3,2,11,09,37,059,28,27,22,045,22,06,21,258,,03,16,269,*74
$GPGSV,3,3,11,19,15,301,21,15,07,049,23,31,03,195,*47
$GPRMC,161237.000,A,2940.8268,N,09524.7650,W,0.30,200.10,200411,,,A*7F
$GPVTG,200.10,T,,M,0.30,N,0.5,K,A*08
$GPGGA,161238.000,2940.8275,N,09524.7650,W,1,04,1.8,-8.0,M,-23.7,M,,0000*4B
$GPGSA,A,3,21,22,14,18,,,,,,,,,2.1,1.8,1.0*36
$GPRMC,161238.000,A,2940.8275,N,09524.7650,W,0.17,224.40,200411,,,A*7A
$GPVTG,224.40,T,,M,0.17,N,0.3,K,A*08
$GPGGA,161239.000,2940.8279,N,09524.7649,W,1,04,1.8,-10.5,M,-23.7,M,,0000*72
$GPGSA,A,3,21,22,14,18,,,,,,,,,2.1,1.8,1.0*36
$GPRMC,161239.000,A,2940.8279,N,09524.7649,W,0.03,181.01,200411,,,A*73
$GPVTG,181.01,T,,M,0.03,N,0.1,K,A*06
$GPGGA,161240.000,2940.8282,N,09524.7646,W,1,04,1.8,-10.6,M,-23.7,M,,0000*74
$GPGSA,A,3,21,22,14,18,,,,,,,,,2.1,1.8,1.0*36
$GPRMC,161240.000,A,2940.8282,N,09524.7646,W,0.43,55.34,200411,,,A*4C
$GPVTG,55.34,T,,M,0.43,N,0.8,K,A*35
$GPGGA,161241.000,2940.8283,N,09524.7647,W,1,04,1.8,-11.8,M,-23.7,M,,0000*7A
$GPGSA,A,3,21,22,14,18,,,,,,,,,2.1,1.8,1.0*36
$GPRMC,161241.000,A,2940.8283,N,09524.7647,W,0.08,134.46,200411,,,A*71
$GPVTG,134.46,T,,M,0.08,N,0.1,K,A*00
$GPGGA,161242.000,2940.8284,N,09524.7645,W,1,04,1.8,-11.6,M,-23.7,M,,0000*72
$GPGSA,A,3,21,22,14,18,,,,,,,,,2.1,1.8,1.0*36
$GPGSV,3,1,11,18,58,038,26,14,57,258,30,22,54,333,26,21,48,151,38*7C
$GPGSV,3,2,11,09,37,059,21,27,22,045,18,06,21,258,,03,16,269,*74
$GPGSV,3,3,11,19,15,301,21,15,07,049,24,31,03,195,*40
$GPVTG,201.79,T,,M,0.26,N,0.5,K,A*01
$GPGGA,161243.000,2940.8284,N,09524.7645,W,1,04,1.8,-11.9,M,-23.7,M,,0000*7C
$GPGSA,A,3,21,22,14,18,,,,,,,,,2.1,1.8,1.0*36
$GPRMC,161243.000,A,2940.8284,N,09524.7645,W,0.19,166.38,200411,,,A*78
$GPVTG,166.38,T,,M,0.19,N,0.3,K,A*0C
$GPGGA,161244.000,2940.8284,N,09524.7647,W,1,04,1.8,-14.5,M,-23.7,M,,0000*70
$GPGSA,A,3,21,22,14,18,,,,,,,,,2.1,1.8,1.0*36
$GPRMC,161244.000,A,2940.8284,N,09524.7647,W,0.22,72.31,200411,,,A*48
$GPVTG,72.31,T,,M,0.22,N,0.4,K,A*3E
$GPGGA,161245.000,2940.8286,N,09524.7647,W,1,04,1.8,-15.3,M,-23.7,M,,0000*74
$GPGSA,A,3,21,22,14,18,,,,,,,,,2.1,1.8,1.0*36
$GPRMC,161245.000,A,2940.8286,N,09524.7647,W,0.19,326.81,200411,,,A*7A
$GPVTG,326.81,T,,M,0.19,N,0.4,K,A*0F
$GPGGA,161246.000,2940.8286,N,09524.7648,W,1,04,1.8,-15.8,M,-23.7,M,,0000*73
$GPGSA,A,3,21,22,14,18,,,,,,,,,2.1,1.8,1.0*36
$GPRMC,161246.000,A,2940.8286,N,09524.7648,W,0.10,283.48,200411,,,A*74
$GPVTG,283.48,T,,M,0.10,N,0.2,K,A*0B
$GPGGA,161247.000,2940.8286,N,09524.7648,W,1,04,1.8,-15.9,M,-23.7,M,,0000*73
$GPGSA,A,3,21,22,14,18,,,,,,,,,2.1,1.8,1.0*36
$GPGSV,3,1,11,18,58,038,30,14,57,259,31,22,54,334,33,21,48,151,35*75
$GPGSV,3,2,11,09,37,059,21,27,22,045,28,06,21,258,,03,16,268,*76
$GPGSV,3,3,11,19,15,301,18,15,07,049,25,31,04,195,*4C
$GPRMC,161247.000,A,2940.8286,N,09524.7648,W,0.06,177.78,200411,,,A*79
$GPVTG,177.78,T,,M,0.06,N,0.1,K,A*04
$GPGGA,161248.000,2940.8286,N,09524.7647,W,1,04,1.8,-15.6,M,-23.7,M,,0000*7C
$GPGSA,A,3,21,22,14,18,,,,,,,,,2.1,1.8,1.0*36
$GPRMC,161248.000,A,2940.8286,N,09524.7647,W,0.18,157.05,200411,,,A*7E
$GPVTG,157.05,T,,M,0.18,N,0.3,K,A*01
$GPGGA,161249.000,2940.8285,N,09524.7646,W,1,04,1.8,-15.2,M,-23.7,M,,0000*7B
$GPGSA,A,3,21,22,14,18,,,,,,,,,2.1,1.8,1.0*36
$GPRMC,161249.000,A,2940.8285,N,09524.7646,W,0.26,178.90,200411,,,A*71
$GPVTG,178.90,T,,M,0.26,N,0.5,K,A*0B
$GPGGA,161250.000,2940.8284,N,09524.7646,W,1,04,1.8,-14.8,M,-23.7,M,,0000*79
$GPGSA,A,3,21,22,14,18,,,,,,,,,2.1,1.8,1.0*36
$GPRMC,161250.000,A,2940.8284,N,09524.7646,W,0.14,164.85,200411,,,A*70
$GPVTG,164.85,T,,M,0.14,N,0.3,K,A*05
$GPGGA,161251.000,2940.8284,N,09524.7645,W,1,04,1.8,-14.5,M,-23.7,M,,0000*76
$GPGSA,A,3,21,22,14,18,,,,,,,,,2.1,1.8,1.0*36
$GPRMC,161251.000,A,2940.8284,N,09524.7645,W,0.11,146.84,200411,,,A*76
$GPVTG,146.84,T,,M,0.11,N,0.2,K,A*00
$GPGGA,161252.000,2940.8284,N,09524.7645,W,1,04,1.8,-14.2,M,-23.7,M,,0000*72
$GPGSA,A,3,21,22,14,18,,,,,,,,,2.1,1.8,1.0*36
$GPGSV,3,1,11,18,58,038,30,14,57,259,30,22,54,334,32,21,48,151,35*75
$GPGSV,3,2,11,09,37,059,23,27,22,045,25,06,21,258,,03,16,268,*79
$GPGSV,3,3,11,19,15,301,19,15,07,049,27,31,04,195,*4F
$GPRMC,161252.000,A,2940.8284,N,09524.7645,W,0.10,148.10,200411,,,A*77
$GPVTG,148.10,T,,M,0.10,N,0.2,K,A*02
$GPGGA,161253.000,2940.8284,N,09524.7644,W,1,04,1.8,-14.2,M,-23.7,M,,0000*72
$GPGSA,A,3,21,22,14,18,,,,,,,,,2.1,1.8,1.0*36
$GPRMC,161253.000,A,2940.8284,N,09524.7644,W,0.14,160.35,200411,,,A*7E
$GPVTG,160.35,T,,M,0.14,N,0.3,K,A*0A
$GPGGA,161254.000,2940.8284,N,09524.7644,W,1,04,1.8,-14.2,M,-23.7,M,,0000*75
$GPGSA,A,3,21,22,14,18,,,,,,,,,2.1,1.8,1.0*36
$GPRMC,161254.000,A,2940.8284,N,09524.7644,W,0.09,147.10,200411,,,A*77
$GPVTG,147.10,T,,M,0.09,N,0.2,K,A*05
$GPGGA,161255.000,2940.8284,N,09524.7644,W,1,04,1.8,-14.3,M,-23.7,M,,0000*75
$GPGSA,A,3,21,22,14,18,,,,,,,,,2.1,1.8,1.0*36
$GPRMC,161255.000,A,2940.8284,N,09524.7644,W,0.13,154.91,200411,,,A*76
$GPVTG,154.91,T,,M,0.13,N,0.2,K,A*05
$GPGGA,161256.000,2940.8284,N,09524.7644,W,1,04,1.8,-14.5,M,-23.7,M,,0000*70
$GPGSA,A,3,21,22,14,18,,,,,,,,,2.1,1.8,1.0*36
$GPRMC,161256.000,A,2940.8284,N,09524.7644,W,0.09,114.26,200411,,,A*76
$GPVTG,114.26,T,,M,0.09,N,0.2,K,A*06
$GPGGA,161257.000,2940.8283,N,09524.7644,W,1,04,1.8,-14.6,M,-23.7,M,,0000*75
$GPGSA,A,3,21,22,14,18,,,,,,,,,2.1,1.8,1.0*36
$GPGSV,3,1,11,18,58,038,29,14,57,259,30,22,54,334,32,21,48,151,35*7D
$GPGSV,3,2,11,09,37,059,23,27,22,045,19,06,21,258,,03,16,268,*76
$GPGSV,3,3,11,19,15,301,19,15,07,049,23,31,04,195,*4B
$GPRMC,161257.000,A,2940.8283,N,09524.7644,W,0.08,96.40,200411,,,A*4A
$GPGGA,161258.000,2940.8283,N,09524.7645,W,1,04,1.8,-14.8,M,-23.7,M,,0000*75
$GPGSA,A,3,21,22,14,18,,,,,,,,,2.1,1.8,1.0*36
$GPRMC,161258.000,A,2940.8283,N,09524.7645,W,0.05,130.17,200411,,,A*76
$GPVTG,130.17,T,,M,0.05,N,0.1,K,A*0D
$GPGGA,161259.000,2940.8283,N,09524.7645,W,1,04,1.8,-15.1,M,-23.7,M,,0000*7C
$GPGSA,A,3,21,22,14,18,,,,,,,,,2.1,1.8,1.0*36
$GPRMC,161259.000,A,2940.8283,N,09524.7645,W,0.12,175.75,200411,,,A*74
$GPVTG,175.75,T,,M,0.12,N,0.2,K,A*0D
$GPGGA,161300.000,2940.8283,N,09524.7645,W,1,04,1.8,-15.3,M,-23.7,M,,0000*73
$GPGSA,A,3,21,22,14,18,,,,,,,,,2.1,1.8,1.0*36
$GPRMC,161300.000,A,2940.8283,N,09524.7645,W,0.16,146.86,200411,,,A*71
$GPVTG,146.86,T,,M,0.16,N,0.3,K,A*04
$GPGGA,161301.000,2940.8281,N,09524.7648,W,1,04,1.8,-16.2,M,-23.7,M,,0000*7F
$GPGSA,A,3,21,22,14,18,,,,,,,,,2.1,1.8,1.0*36
$GPRMC,161301.000,A,2940.8281,N,09524.7648,W,0.51,205.70,200411,,,A*71
$GPVTG,205.70,T,,M,0.51,N,0.9,K,A*00
$GPGGA,161302.000,2940.8281,N,09524.7648,W,1,04,1.8,-16.0,M,-23.7,M,,0000*7E
$GPGSA,A,3,21,22,14,18,,,,,,,,,2.1,1.8,1.0*36
$GPGSV,3,1,11,18,58,038,24,14,57,259,30,22,54,334,31,21,48,151,36*70
$GPGSV,3,2,11,09,37,059,20,27,22,045,24,06,21,258,,03,16,268,*7B
$GPGSV,3,3,11,19,15,301,17,15,07,049,27,31,04,195,*41
$GPRMC,161302.000,A,2940.8281,N,09524.7648,W,0.28,210.75,200411,,,A*7D
$GPVTG,210.75,T,,M,0.28,N,0.5,K,A*03
$GPGGA,161303.000,2940.8283,N,09524.7643,W,1,04,1.8,-14.2,M,-23.7,M,,0000*76
$GPGSA,A,3,21,22,14,18,,,,,,,,,2.1,1.8,1.0*36
$GPRMC,161303.000,A,2940.8283,N,09524.7643,W,0.19,99.47,200411,,,A*45
$GPVTG,99.47,T,,M,0.19,N,0.3,K,A*35
$GPGGA,161304.000,2940.8286,N,09524.7635,W,1,04,1.8,-11.3,M,-23.7,M,,0000*71
$GPGSA,A,3,21,22,14,18,,,,,,,,,2.1,1.8,1.0*36
$GPRMC,161304.000,A,2940.8286,N,09524.7635,W,0.35,70.46,200411,,,A*4E
$GPVTG,70.46,T,,M,0.35,N,0.7,K,A*39
$GPGGA,161305.000,2940.8287,N,09524.7634,W,1,04,1.8,-10.9,M,-23.7,M,,0000*7B
$GPGSA,A,3,21,22,14,18,,,,,,,,,2.1,1.8,1.0*36
$GPRMC,161305.000,A,2940.8287,N,09524.7634,W,0.12,75.98,200411,,,A*4C
$GPVTG,75.98,T,,M,0.12,N,0.2,K,A*3F
$GPGGA,161306.000,2940.8286,N,09524.7637,W,1,04,1.8,-11.5,M,-23.7,M,,0000*77
$GPGSA,A,3,21,22,14,18,,,,,,,,,2.1,1.8,1.0*36
$GPRMC,161306.000,A,2940.8286,N,09524.7637,W,0.09,191.97,200411,,,A*73
$GPVTG,191.97,T,,M,0.09,N,0.2,K,A*01
$GPGGA,161307.000,2940.8284,N,09524.7639,W,1,04,1.8,-12.3,M,-23.7,M,,0000*7F
$GPGSA,A,3,21,22,14,18,,,,,,,,,2.1,1.8,1.0*36
$GPGSV,3,1,11,18,58,038,30,14,57,259,29,22,54,334,30,21,48,151,35*7F
$GPGSV,3,2,11,09,37,059,18,27,22,045,17,06,21,258,,03,16,268,*70
$GPGSV,3,3,11,19,15,301,,15,07,049,23,31,04,195,*43
$GPRMC,161307.000,A,2940.8284,N,09524.7639,W,0.15,195.13,200411,,,A*7B
$GPVTG,195.13,T,,M,0.15,N,0.3,K,A*05
$GPGGA,161308.000,2940.8283,N,09524.7642,W,1,04,1.8,-13.1,M,-23.7,M,,0000*78
$GPGSA,A,3,21,22,14,18,,,,,,,,,2.1,1.8,1.0*36
$GPRMC,161308.000,A,2940.8283,N,09524.7642,W,0.16,178.55,200411,,,A*7D
$GPVTG,178.55,T,,M,0.16,N,0.3,K,A*07
$GPGGA,161309.000,2940.8281,N,09524.7645,W,1,04,1.8,-14.2,M,-23.7,M,,0000*78
$GPGSA,A,3,21,22,14,18,,,,,,,,,2.1,1.8,1.0*36
$GPRMC,161309.000,A,2940.8281,N,09524.7645,W,0.22,205.29,200411,,,A*7C
$GPVTG,205.29,T,,M,0.22,N,0.4,K,A*05
$GPGGA,161310.000,2940.8280,N,09524.7649,W,1,04,1.8,-15.4,M,-23.7,M,,0000*7A
$GPGSA,A,3,21,22,14,18,,,,,,,,,2.1,1.8,1.0*36
$GPRMC,161310.000,A,2940.8280,N,09524.7649,W,0.11,185.76,200411,,,A*78
$GPVTG,185.76,T,,M,0.11,N,0.2,K,A*02
$GPGGA,161311.000,2940.8278,N,09524.7651,W,1,04,1.8,-16.5,M,-23.7,M,,0000*77
$GPGSA,A,3,21,22,14,18,,,,,,,,,2.1,1.8,1.0*36
$GPRMC,161311.000,A,2940.8278,N,09524.7651,W,0.19,199.50,200411,,,A*76
$GPVTG,199.50,T,,M,0.19,N,0.4,K,A*05
$GPGGA,161312.000,2940.8277,N,09524.7654,W,1,04,1.8,-17.5,M,-23.7,M,,0000*7F
$GPGSA,A,3,21,22,14,18,,,,,,,,,2.1,1.8,1.0*36
$GPGSV,3,1,11,18,58,038,24,14,57,259,29,22,54,334,31,21,48,151,35*7B
$GPGSV,3,2,11,09,37,059,19,27,22,045,23,06,21,258,,03,16,268,*76
$GPGSV,3,3,11,19,15,301,,15,07,049,25,31,04,195,*45
$GPRMC,161312.000,A,2940.8277,N,09524.7654,W,0.22,187.82,200411,,,A*77
$GPVTG,187.82,T,,M,0.22,N,0.4,K,A*0D
$GPGGA,161313.000,2940.8274,N,09524.7658,W,1,04,1.8,-19.0,M,-23.7,M,,0000*7A
$GPGSA,A,3,21,22,14,18,,,,,,,,,2.1,1.8,1.0*36
$GPRMC,161313.000,A,2940.8274,N,09524.7658,W,0.64,197.04,200411,,,A*74
$GPVTG,197.04,T,,M,0.64,N,1.2,K,A*07
$GPGGA,161314.000,2940.8273,N,09524.7660,W,1,04,1.8,-19.6,M,-23.7,M,,0000*77
$GPGSA,A,3,21,22,14,18,,,,,,,,,2.1,1.8,1.0*36
$GPRMC,161314.000,A,2940.8273,N,09524.7660,W,0.17,208.36,200411,,,A*7F
$GPVTG,208.36,T,,M,0.17,N,0.3,K,A*07
$GPGGA,161315.000,2940.8273,N,09524.7657,W,1,04,1.8,-20.1,M,-23.7,M,,0000*7F
$GPGSA,A,3,21,22,14,18,,,,,,,,,2.1,1.8,1.0*36
$GPRMC,161315.000,A,2940.8273,N,09524.7657,W,0.36,24.18,200411,,,A*49
$GPVTG,24.18,T,,M,0.36,N,0.7,K,A*30
$GPGGA,161316.000,2940.8274,N,09524.7651,W,1,04,1.8,-19.1,M,-23.7,M,,0000*77
$GPGSA,A,3,21,22,14,18,,,,,,,,,2.1,1.8,1.0*36
$GPRMC,161316.000,A,2940.8274,N,09524.7651,W,0.17,63.50,200411,,,A*47
$GPVTG,63.50,T,,M,0.17,N,0.3,K,A*38
$GPGGA,161317.000,2940.8275,N,09524.7644,W,1,04,1.8,-18.1,M,-23.7,M,,0000*72
$GPGSA,A,3,21,22,14,18,,,,,,,,,2.1,1.8,1.0*36
$GPGSV,3,1,11,14,57,259,28,18,57,039,32,22,54,334,30,21,48,151,30*77
$GPGSV,3,2,11,09,37,059,30,27,22,045,31,06,21,258,,03,16,268,*7E
$GPGSV,3,3,11,19,15,301,,15,06,050,23,31,04,195,*4A
$GPRMC,161317.000,A,2940.8275,N,09524.7644,W,0.29,87.51,200411,,,A*45
$GPVTG,87.51,T,,M,0.29,N,0.5,K,A*38
$GPGGA,161318.000,2940.8276,N,09524.7638,W,1,04,1.8,-17.0,M,-23.7,M,,0000*7B
$GPGSA,A,3,21,22,14,18,,,,,,,,,2.1,1.8,1.0*36
$GPRMC,161318.000,A,2940.8276,N,09524.7638,W,0.26,132.98,200411,,,A*77
$GPVTG,132.98,T,,M,0.26,N,0.5,K,A*0D
$GPGGA,161319.000,2940.8276,N,09524.7635,W,1,04,1.8,-16.6,M,-23.7,M,,0000*70
$GPGSA,A,3,21,22,14,18,,,,,,,,,2.1,1.8,1.0*36
$GPRMC,161319.000,A,2940.8276,N,09524.7635,W,0.06,351.54,200411,,,A*7E
$GPVTG,351.54,T,,M,0.06,N,0.1,K,A*0C
$GPGGA,161320.000,2940.8278,N,09524.7635,W,1,04,1.8,-15.9,M,-23.7,M,,0000*78
$GPGSA,A,3,21,22,14,18,,,,,,,,,2.1,1.8,1.0*36
$GPRMC,161320.000,A,2940.8278,N,09524.7635,W,0.24,55.52,200411,,,A*4B
$GPVTG,55.52,T,,M,0.24,N,0.4,K,A*38
$GPGGA,161321.000,2940.8280,N,09524.7639,W,1,04,1.8,-15.2,M,-23.7,M,,0000*79
$GPGSA,A,3,21,22,14,18,,,,,,,,,2.1,1.8,1.0*36
$GPRMC,161321.000,A,2940.8280,N,09524.7639,W,1.05,8.36,200411,,,A*79
$GPVTG,8.36,T,,M,1.05,N,1.9,K,A*0C
$GPGGA,161322.000,2940.8286,N,09524.7645,W,1,04,1.8,-14.6,M,-23.7,M,,0000*72
$GPGSA,A,3,21,22,14,18,,,,,,,,,2.1,1.8,1.0*36
$GPGSV,3,1,11,14,57,259,21,18,57,039,37,22,54,334,25,21,48,151,21*7F
$GPGSV,3,2,11,09,37,059,33,27,22,045,35,06,21,258,,03,16,268,*79
$GPGSV,3,3,11,19,15,301,,15,06,050,36,31,04,195,*4E
$GPRMC,161322.000,A,2940.8286,N,09524.7645,W,1.27,15.97,200411,,,A*40
$GPVTG,15.97,T,,M,1.27,N,2.4,K,A*35
$GPGGA,161323.000,2940.8281,N,09524.7643,W,1,04,1.8,-13.4,M,-23.7,M,,0000*77
$GPGSA,A,3,21,22,14,18,,,,,,,,,2.1,1.8,1.0*36
$GPRMC,161323.000,A,2940.8281,N,09524.7643,W,0.79,48.22,200411,,,A*4C
$GPVTG,48.22,T,,M,0.79,N,1.5,K,A*3B
$GPGGA,161324.000,2940.8283,N,09524.7641,W,6,00,50.0,-13.3,M,-23.7,M,,0000*48
$GPGSA,A,2,,,,,,,,,,,,,50.0,50.0,50.0*06
$GPRMC,161324.000,A,2940.8283,N,09524.7641,W,0.79,48.22,200411,,,E*4F
$GPVTG,48.22,T,,M,0.79,N,1.5,K,N*34
$GPGGA,161325.000,2940.8284,N,09524.7639,W,6,00,50.0,-13.3,M,-23.7,M,,0000*41
$GPGSA,A,2,,,,,,,,,,,,,50.0,50.0,50.0*06
$GPRMC,161325.000,A,2940.8284,N,09524.7639,W,0.79,48.22,200411,,,E*46
$GPVTG,48.22,T,,M,0.79,N,1.5,K,N*34
$GPGGA,161326.000,2940.8286,N,09524.7637,W,6,00,50.0,-13.3,M,-23.7,M,,0000*4E
$GPGSA,A,2,,,,,,,,,,,,,50.0,50.0,50.0*06
$GPRMC,161326.000,A,2940.8286,N,09524.7637,W,0.79,48.22,200411,,,E*49
$GPVTG,48.22,T,,M,0.79,N,1.5,K,N*34
$GPGGA,161327.000,2940.8287,N,09524.7635,W,6,00,50.0,-13.3,M,-23.7,M,,0000*4C
$GPGSA,A,2,,,,,,,,,,,,,50.0,50.0,50.0*06
$GPGSV,3,1,11,14,57,259,,18,57,039,19,22,54,334,12,21,48,151,22*77
$GPGSV,3,2,11,09,37,059,24,27,22,045,30,06,21,258,,03,16,268,*7A
$GPGSV,3,3,11,19,15,301,,15,06,050,29,31,04,195,*40
$GPRMC,161327.000,A,2940.8287,N,09524.7635,W,0.79,48.22,200411,,,E*4B
$GPVTG,48.22,T,,M,0.79,N,1.5,K,N*34
$GPGGA,161328.000,2940.8289,N,09524.7633,W,6,00,50.0,-13.3,M,-23.7,M,,0000*4B
$GPGSA,A,2,,,,,,,,,,,,,50.0,50.0,50.0*06
$GPRMC,161328.000,A,2940.8289,N,09524.7633,W,0.79,48.22,200411,,,E*4C
$GPVTG,48.22,T,,M,0.79,N,1.5,K,N*34
$GPGGA,161329.000,2940.8290,N,09524.7632,W,6,00,50.0,-13.3,M,-23.7,M,,0000*43
$GPGSA,A,2,,,,,,,,,,,,,50.0,50.0,50.0*06
$GPRMC,161329.000,A,2940.8290,N,09524.7632,W,0.79,48.22,200411,,,E*44
$GPVTG,48.22,T,,M,0.79,N,1.5,K,N*34
$GPGGA,161330.000,2940.8292,N,09524.7630,W,6,00,50.0,-13.3,M,-23.7,M,,0000*4B
$GPGSA,A,2,,,,,,,,,,,,,50.0,50.0,50.0*06
$GPRMC,161330.000,A,2940.8292,N,09524.7630,W,0.79,48.22,200411,,,E*4C
$GPVTG,48.22,T,,M,0.79,N,1.5,K,N*34
$GPGGA,161331.000,2940.8293,N,09524.7628,W,6,00,50.0,-13.2,M,-23.7,M,,0000*43
$GPGSA,A,2,,,,,,,,,,,,,50.0,50.0,50.0*06
$GPRMC,161331.000,A,2940.8293,N,09524.7628,W,0.79,48.22,200411,,,E*45
$GPVTG,48.22,T,,M,0.79,N,1.5,K,N*34
$GPGGA,161332.000,2940.8295,N,09524.7626,W,6,00,50.0,-13.2,M,-23.7,M,,0000*48
$GPGSA,A,2,,,,,,,,,,,,,50.0,50.0,50.0*06
$GPGSV,3,1,11,14,57,259,,18,57,039,19,22,54,334,,21,48,151,28*7E
$GPGSV,3,2,11,09,37,059,22,27,22,045,25,06,21,258,,03,16,268,*78
$GPGSV,3,3,11,19,15,301,,15,06,050,25,31,04,195,*4C
$GPRMC,161332.000,A,2940.8295,N,09524.7626,W,0.79,48.22,200411,,,E*4E
$GPVTG,48.22,T,,M,0.79,N,1.5,K,N*34
$GPGGA,161333.000,2940.8296,N,09524.7624,W,6,00,50.0,-13.2,M,-23.7,M,,0000*48
$GPGSA,A,2,,,,,,,,,,,,,50.0,50.0,50.0*06
$GPRMC,161333.000,A,2940.8296,N,09524.7624,W,0.79,48.22,200411,,,E*4E
$GPVTG,48.22,T,,M,0.79,N,1.5,K,N*34
$GPGGA,161334.000,2940.8298,N,09524.7622,W,6,00,50.0,-13.2,M,-23.7,M,,0000*47
$GPGSA,A,2,,,,,,,,,,,,,50.0,50.0,50.0*06
$GPRMC,161334.000,A,2940.8298,N,09524.7622,W,0.79,48.22,200411,,,E*41
$GPVTG,48.22,T,,M,0.79,N,1.5,K,N*34
$GPGGA,161335.000,2940.8299,N,09524.7620,W,6,00,50.0,-13.2,M,-23.7,M,,0000*45
$GPGSA,A,2,,,,,,,,,,,,,50.0,50.0,50.0*06
$GPRMC,161335.000,A,2940.8299,N,09524.7620,W,0.79,48.22,200411,,,E*43
$GPVTG,48.22,T,,M,0.79,N,1.5,K,N*34
$GPGGA,161336.000,2940.8300,N,09524.7618,W,6,00,50.0,-13.2,M,-23.7,M,,0000*4C
$GPGSA,A,2,,,,,,,,,,,,,50.0,50.0,50.0*06
$GPRMC,161336.000,A,2940.8300,N,09524.7618,W,0.79,48.22,200411,,,E*4A
$GPVTG,48.22,T,,M,0.79,N,1.5,K,N*34
$GPGGA,161337.000,2940.8302,N,09524.7617,W,6,00,50.0,-13.1,M,-23.7,M,,0000*43
$GPGSA,A,2,,,,,,,,,,,,,50.0,50.0,50.0*06
$GPGSV,3,1,11,14,57,259,,18,57,039,19,22,54,334,,21,48,151,32*75
$GPGSV,3,2,11,09,37,059,28,27,22,045,27,06,21,258,,03,16,268,*70
$GPGSV,3,3,11,19,15,301,,15,06,050,28,31,04,195,*41
$GPRMC,161337.000,A,2940.8302,N,09524.7617,W,0.79,48.22,200411,,,E*46
$GPGGA,161343.000,2940.8212,N,09524.7768,W,1,03,2.9,-13.2,M,-23.7,M,,0000*70
$GPGSA,A,2,21,22,18,,,,,,,,,,3.1,2.9,1.0*31
$GPRMC,161343.000,A,2940.8212,N,09524.7768,W,2.65,232.75,200411,,,A*7A
$GPVTG,232.75,T,,M,2.65,N,4.9,K,N*0F
$GPGGA,161344.000,2940.8213,N,09524.7637,W,1,03,2.9,-13.1,M,-23.7,M,,0000*7E
$GPGSA,A,2,21,22,18,,,,,,,,,,3.1,2.9,1.0*31
$GPRMC,161344.000,A,2940.8213,N,09524.7637,W,2.78,101.83,200411,,,A*71
$GPVTG,101.83,T,,M,2.78,N,5.1,K,N*00
$GPGGA,161345.000,2940.8211,N,09524.7628,W,6,00,50.0,-13.1,M,-23.7,M,,0000*49
$GPGSA,A,2,,,,,,,,,,,,,50.0,50.0,50.0*06
$GPRMC,161345.000,A,2940.8211,N,09524.7628,W,2.78,101.83,200411,,,E*78
$GPVTG,101.83,T,,M,2.78,N,5.1,K,N*00
$GPGGA,161346.000,2940.8209,N,09524.7619,W,6,00,50.0,-13.1,M,-23.7,M,,0000*41
$GPGSA,A,2,,,,,,,,,,,,,50.0,50.0,50.0*06
$GPRMC,161346.000,A,2940.8209,N,09524.7619,W,2.78,101.83,200411,,,E*70
$GPVTG,101.83,T,,M,2.78,N,5.1,K,N*00
$GPGGA,161347.000,2940.8208,N,09524.7611,W,6,00,50.0,-13.1,M,-23.7,M,,0000*49
$GPGSA,A,2,,,,,,,,,,,,,50.0,50.0,50.0*06
$GPGSV,3,1,11,14,57,259,,18,57,039,18,22,54,334,15,21,48,151,22*71
$GPGSV,3,2,11,09,37,059,24,27,22,045,28,06,21,258,,03,16,268,*73
$GPGSV,3,3,11,19,15,301,,15,06,050,34,31,04,195,*4C
$GPRMC,161347.000,A,2940.8208,N,09524.7611,W,2.78,101.83,200411,,,E*78
$GPVTG,101.83,T,,M,2.78,N,5.1,K,N*00
$GPGGA,161348.000,2940.8237,N,09524.7591,W,1,03,2.9,-12.8,M,-23.7,M,,0000*73
$GPGSA,A,2,21,22,18,,,,,,,,,,3.1,2.9,1.0*31
$GPRMC,161348.000,A,2940.8237,N,09524.7591,W,1.65,75.12,200411,,,A*41
$GPVTG,75.12,T,,M,1.65,N,3.1,K,N*33
$GPGGA,161349.000,2940.8225,N,09524.7577,W,1,03,2.9,-12.4,M,-23.7,M,,0000*75
$GPGSA,A,2,21,22,18,,,,,,,,,,3.1,2.9,1.0*31
$GPRMC,161349.000,A,2940.8225,N,09524.7577,W,1.55,59.60,200411,,,A*43
$GPVTG,59.60,T,,M,1.55,N,2.9,K,N*32
$GPGGA,161350.000,2940.8205,N,09524.7580,W,1,03,2.9,-12.1,M,-23.7,M,,0000*72
$GPGSA,A,2,21,22,18,,,,,,,,,,3.1,2.9,1.0*31
$GPRMC,161350.000,A,2940.8205,N,09524.7580,W,1.67,101.93,200411,,,A*70
$GPVTG,101.93,T,,M,1.67,N,3.1,K,N*0A
$GPGGA,161351.000,2940.8183,N,09524.7621,W,1,03,2.9,-11.8,M,-23.7,M,,0000*7C
$GPGSA,A,2,21,22,18,,,,,,,,,,3.1,2.9,1.0*31
$GPRMC,161351.000,A,2940.8183,N,09524.7621,W,2.01,150.06,200411,,,A*7F
$GPVTG,150.06,T,,M,2.01,N,3.7,K,A*08
$GPGGA,161352.000,2940.8178,N,09524.7617,W,6,00,50.0,-11.8,M,-23.7,M,,0000*44
$GPGSA,A,2,,,,,,,,,,,,,50.0,50.0,50.0*06
$GPGSV,3,1,11,14,57,259,17,18,57,039,22,22,54,334,16,21,48,151,21*7E
$GPGSV,3,2,11,09,37,059,20,27,22,045,31,06,21,258,,03,16,268,*7F
$GPGSV,3,3,11,19,15,301,18,15,06,050,37,31,04,195,*46
$GPRMC,161352.000,A,2940.8178,N,09524.7617,W,2.01,150.06,200411,,,E*79
$GPVTG,150.06,T,,M,2.01,N,3.7,K,N*07
$GPGGA,161353.000,2940.8173,N,09524.7614,W,6,00,50.0,-11.8,M,-23.7,M,,0000*4D
$GPGSA,A,2,,,,,,,,,,,,,50.0,50.0,50.0*06
$GPRMC,161353.000,A,2940.8173,N,09524.7614,W,2.01,150.06,200411,,,E*70
$GPVTG,150.06,T,,M,2.01,N,3.7,K,N*07
$GPGGA,161354.000,2940.8168,N,09524.7611,W,6,00,50.0,-11.8,M,-23.7,M,,0000*45
$GPGSA,A,2,,,,,,,,,,,,,50.0,50.0,50.0*06
$GPRMC,161354.000,A,2940.8168,N,09524.7611,W,2.01,150.06,200411,,,E*78
$GPVTG,150.06,T,,M,2.01,N,3.7,K,N*07
$GPGGA,161355.000,2940.8164,N,09524.7608,W,6,00,50.0,-11.8,M,-23.7,M,,0000*40
$GPGSA,A,2,,,,,,,,,,,,,50.0,50.0,50.0*06
$GPRMC,161355.000,A,2940.8164,N,09524.7608,W,2.01,150.06,200411,,,E*7D
$GPVTG,150.06,T,,M,2.01,N,3.7,K,N*07
$GPGGA,161356.000,2940.8159,N,09524.7604,W,6,00,50.0,-11.8,M,-23.7,M,,0000*41
$GPGSA,A,2,,,,,,,,,,,,,50.0,50.0,50.0*06
$GPRMC,161356.000,A,2940.8159,N,09524.7604,W,2.01,150.06,200411,,,E*7C
$GPVTG,150.06,T,,M,2.01,N,3.7,K,N*07
$GPGGA,161357.000,2940.8154,N,09524.7601,W,6,00,50.0,-11.8,M,-23.7,M,,0000*48
$GPGSA,A,2,,,,,,,,,,,,,50.0,50.0,50.0*06
$GPGSV,3,1,11,14,57,259,15,18,57,039,,22,54,334,14,21,48,151,21*7E
$GPGSV,3,2,11,09,37,059,31,27,22,045,26,06,21,258,,03,16,268,*79
$GPGSV,3,3,11,19,15,301,18,15,06,050,37,31,04,195,*46
$GPRMC,161357.000,A,2940.8154,N,09524.7601,W,2.01,150.06,200411,,,E*75
$GPVTG,150.06,T,,M,2.01,N,3.7,K,N*07
$GPGGA,161358.000,2940.8149,N,09524.7598,W,6,00,50.0,-11.8,M,-23.7,M,,0000*48
$GPGSA,A,2,,,,,,,,,,,,,50.0,50.0,50.0*06
$GPRMC,161358.000,A,2940.8149,N,09524.7598,W,2.01,150.06,200411,,,E*75
$GPVTG,150.06,T,,M,2.01,N,3.7,K,N*07
$GPGGA,161359.000,2940.8144,N,09524.7595,W,6,00,50.0,-11.8,M,-23.7,M,,0000*49
$GPGSA,A,2,,,,,,,,,,,,,50.0,50.0,50.0*06
$GPRMC,161359.000,A,2940.8144,N,09524.7595,W,2.01,150.06,200411,,,E*74
$GPVTG,150.06,T,,M,2.01,N,3.7,K,N*07
$GPGGA,161400.000,2940.8139,N,09524.7592,W,6,00,50.0,-11.8,M,-23.7,M,,0000*4F
$GPGSA,A,2,,,,,,,,,,,,,50.0,50.0,50.0*06
$GPRMC,161400.000,A,2940.8139,N,09524.7592,W,2.01,150.06,200411,,,E*72
$GPVTG,150.06,T,,M,2.01,N,3.7,K,N*07
$GPGGA,161401.000,2940.8134,N,09524.7588,W,6,00,50.0,-11.8,M,-23.7,M,,0000*48
$GPGSA,A,2,,,,,,,,,,,,,50.0,50.0,50.0*06
$GPRMC,161401.000,A,2940.8134,N,09524.7588,W,2.01,150.06,200411,,,E*75
$GPVTG,150.06,T,,M,2.01,N,3.7,K,N*07
$GPGGA,161402.000,2940.8130,N,09524.7585,W,6,00,50.0,-11.8,M,-23.7,M,,0000*42
$GPGSA,A,2,,,,,,,,,,,,,50.0,50.0,50.0*06
$GPGSV,3,1,11,14,57,259,16,18,57,039,,22,54,334,14,21,48,151,20*7C
$GPGSV,3,2,11,09,37,059,26,27,22,045,27,06,21,258,,03,16,268,*7E
$GPGSV,3,3,11,19,15,301,17,15,06,050,28,31,04,195,*47
$GPRMC,161402.000,A,2940.8130,N,09524.7585,W,2.01,150.06,200411,,,E*7F
$GPVTG,150.06,T,,M,2.01,N,3.7,K,N*07
$GPGGA,161403.000,2940.8262,N,09524.7423,W,1,03,2.6,-15.1,M,-23.7,M,,0000*72
$GPGSA,A,2,21,22,14,,,,,,,,,,2.8,2.6,1.0*3A
$GPRMC,161403.000,A,2940.8262,N,09524.7423,W,6.47,54.37,200411,,,A*42
$GPVTG,54.37,T,,M,6.47,N,12.0,K,N*01
$GPGGA,161404.000,2940.8293,N,09524.7359,W,1,03,2.6,-15.4,M,-23.7,M,,0000*74
$GPGSA,A,2,21,22,14,,,,,,,,,,2.8,2.6,1.0*3A
$GPRMC,161404.000,A,2940.8293,N,09524.7359,W,7.44,64.25,200411,,,A*43
$GPVTG,64.25,T,,M,7.44,N,13.8,K,N*0A
$GPGGA,161405.000,2940.8302,N,09524.7338,W,6,00,50.0,-15.4,M,-23.7,M,,0000*4E
$GPGSA,A,2,,,,,,,,,,,,,50.0,50.0,50.0*06
$GPRMC,161405.000,A,2940.8302,N,09524.7338,W,7.44,64.25,200411,,,E*48
$GPVTG,64.25,T,,M,7.44,N,13.8,K,N*0A
$GPGGA,161406.000,2940.8311,N,09524.7316,W,6,00,50.0,-15.5,M,-23.7,M,,0000*42
$GPGSA,A,2,,,,,,,,,,,,,50.0,50.0,50.0*06
$GPRMC,161406.000,A,2940.8311,N,09524.7316,W,7.44,64.25,200411,,,E*45
$GPVTG,64.25,T,,M,7.44,N,13.8,K,N*0A
$GPGGA,161407.000,2940.8313,N,09524.7315,W,1,03,2.6,-15.4,M,-23.7,M,,0000*76
$GPGSA,A,2,21,22,14,,,,,,,,,,2.8,2.6,1.0*3A
$GPGSV,3,1,11,14,57,259,16,18,57,039,,22,54,334,13,21,48,151,24*7F
$GPGSV,3,2,11,09,37,059,25,27,22,045,29,06,21,258,,03,16,268,*73
$GPGSV,3,3,11,19,15,301,18,15,06,050,27,31,04,195,*47
$GPVTG,70.32,T,,M,5.66,N,10.5,K,N*05
$GPGGA,161408.000,2940.8318,N,09524.7298,W,6,00,50.0,-15.4,M,-23.7,M,,0000*43
$GPGSA,A,2,,,,,,,,,,,,,50.0,50.0,50.0*06
$GPRMC,161408.000,A,2940.8318,N,09524.7298,W,5.66,70.32,200411,,,E*44
$GPVTG,70.32,T,,M,5.66,N,10.5,K,N*05
$GPGGA,161409.000,2940.8355,N,09524.7268,W,1,03,2.6,-14.4,M,-23.7,M,,0000*70
$GPGSA,A,2,21,22,14,,,,,,,,,,2.8,2.6,1.0*3A
$GPRMC,161409.000,A,2940.8355,N,09524.7268,W,5.72,57.12,200411,,,A*45
$GPVTG,57.12,T,,M,5.72,N,10.6,K,N*04
$GPGGA,161410.000,2940.8365,N,09524.7286,W,1,03,2.6,-14.5,M,-23.7,M,,0000*7A
$GPGSA,A,2,21,22,14,,,,,,,,,,2.8,2.6,1.0*3A
$GPRMC,161410.000,A,2940.8365,N,09524.7286,W,3.17,49.50,200411,,,A*42
$GPVTG,49.50,T,,M,3.17,N,5.9,K,N*33
$GPGGA,161411.000,2940.8333,N,09524.7321,W,1,03,2.6,-14.1,M,-23.7,M,,0000*70
$GPGSA,A,2,21,22,14,,,,,,,,,,2.8,2.6,1.0*3A
$GPRMC,161411.000,A,2940.8333,N,09524.7321,W,0.91,135.84,200411,,,A*72
$GPVTG,135.84,T,,M,0.91,N,1.7,K,N*07
$GPGGA,161412.000,2940.8313,N,09524.7359,W,1,03,2.6,-13.7,M,-23.7,M,,0000*7F
$GPGSA,A,2,21,22,14,,,,,,,,,,2.8,2.6,1.0*3A
$GPGSV,3,1,11,14,57,259,16,18,57,039,,22,54,334,15,21,48,151,21*7C
$GPGSV,3,2,11,09,37,059,26,27,22,045,23,06,21,258,,03,16,268,*7A
$GPGSV,3,3,11,19,15,301,18,15,06,050,30,31,04,195,*41
$GPRMC,161412.000,A,2940.8313,N,09524.7359,W,1.08,217.14,200411,,,A*77
$GPVTG,217.14,T,,M,1.08,N,2.0,K,N*08
$GPGGA,161413.000,2940.8311,N,09524.7361,W,6,00,50.0,-13.7,M,-23.7,M,,0000*42
$GPGSA,A,2,,,,,,,,,,,,,50.0,50.0,50.0*06
$GPRMC,161413.000,A,2940.8311,N,09524.7361,W,1.08,217.14,200411,,,E*7B
$GPVTG,217.14,T,,M,1.08,N,2.0,K,N*08
$GPGGA,161414.000,2940.8308,N,09524.7363,W,6,00,50.0,-13.7,M,-23.7,M,,0000*4F
$GPGSA,A,2,,,,,,,,,,,,,50.0,50.0,50.0*06
$GPRMC,161414.000,A,2940.8308,N,09524.7363,W,1.08,217.14,200411,,,E*76
$GPVTG,217.14,T,,M,1.08,N,2.0,K,N*08
$GPGGA,161415.000,2940.8306,N,09524.7365,W,6,00,50.0,-13.6,M,-23.7,M,,0000*47
$GPGSA,A,2,,,,,,,,,,,,,50.0,50.0,50.0*06
$GPRMC,161415.000,A,2940.8306,N,09524.7365,W,1.08,217.14,200411,,,E*7F
$GPVTG,217.14,T,,M,1.08,N,2.0,K,N*08
$GPGGA,161416.000,2940.8303,N,09524.7367,W,6,00,50.0,-13.6,M,-23.7,M,,0000*43
$GPGSA,A,2,,,,,,,,,,,,,50.0,50.0,50.0*06
$GPRMC,161416.000,A,2940.8303,N,09524.7367,W,1.08,217.14,200411,,,E*7B
$GPVTG,217.14,T,,M,1.08,N,2.0,K,N*08
$GPGGA,161417.000,2940.8293,N,09524.7413,W,1,03,2.6,-13.5,M,-23.7,M,,0000*78
$GPGSA,A,2,21,22,14,,,,,,,,,,2.8,2.6,1.0*3A
$GPGSV,3,1,11,14,58,260,15,18,57,040,,22,54,335,15,21,47,152,12*79
$GPGSV,3,2,11,09,37,058,29,27,22,044,23,06,21,257,,03,16,268,*7A
$GPGSV,3,3,11,19,15,301,16,15,06,050,24,31,04,195,*4A
$GPRMC,161417.000,A,2940.8293,N,09524.7413,W,2.21,220.12,200411,,,A*78
$GPVTG,220.12,T,,M,2.21,N,4.1,K,N*05
$GPGGA,161418.000,2940.8265,N,09524.7432,W,1,03,2.6,-13.0,M,-23.7,M,,0000*78
$GPGSA,A,2,21,22,14,,,,,,,,,,2.8,2.6,1.0*3A
$GPRMC,161418.000,A,2940.8265,N,09524.7432,W,2.53,236.73,200411,,,A*78
$GPVTG,236.73,T,,M,2.53,N,4.7,K,N*06
$GPGGA,161419.000,2940.8247,N,09524.7431,W,1,03,2.6,-12.5,M,-23.7,M,,0000*7E
$GPGSA,A,2,21,22,14,,,,,,,,,,2.8,2.6,1.0*3A
$GPRMC,161419.000,A,2940.8247,N,09524.7431,W,2.31,251.69,200411,,,A*74
$GPVTG,251.69,T,,M,2.31,N,4.3,K,N*0C
$GPGGA,161420.000,2940.8245,N,09524.7438,W,6,00,50.0,-12.5,M,-23.7,M,,0000*4A
$GPGSA,A,2,,,,,,,,,,,,,50.0,50.0,50.0*06
$GPRMC,161420.000,A,2940.8245,N,09524.7438,W,2.31,251.69,200411,,,E*71
$GPVTG,251.69,T,,M,2.31,N,4.3,K,N*0C
$GPGGA,161421.000,2940.8243,N,09524.7445,W,6,00,50.0,-12.5,M,-23.7,M,,0000*47
$GPGSA,A,2,,,,,,,,,,,,,50.0,50.0,50.0*06
$GPRMC,161421.000,A,2940.8243,N,09524.7445,W,2.31,251.69,200411,,,E*7C
$GPVTG,251.69,T,,M,2.31,N,4.3,K,N*0C
$GPGGA,161422.000,2940.8241,N,09524.7452,W,6,00,50.0,-12.5,M,-23.7,M,,0000*40
$GPGSA,A,2,,,,,,,,,,,,,50.0,50.0,50.0*06
$GPGSV,3,1,11,14,58,260,,18,57,040,15,22,54,335,16,21,47,152,20*7B
$GPGSV,3,2,11,09,37,058,26,27,22,044,26,06,21,257,,03,16,268,*70
$GPGSV,3,3,11,19,15,301,18,15,06,050,31,31,04,195,*40
$GPRMC,161422.000,A,2940.8241,N,09524.7452,W,2.31,251.69,200411,,,E*7B
$GPVTG,251.69,T,,M,2.31,N,4.3,K,N*0C
$GPGGA,161423.000,2940.8239,N,09524.7459,W,6,00,50.0,-12.4,M,-23.7,M,,0000*44
$GPGSA,A,2,,,,,,,,,,,,,50.0,50.0,50.0*06
$GPRMC,161423.000,A,2940.8239,N,09524.7459,W,2.31,251.69,200411,,,E*7E
$GPVTG,251.69,T,,M,2.31,N,4.3,K,N*0C
$GPGGA,161424.000,2940.8237,N,09524.7466,W,6,00,50.0,-12.4,M,-23.7,M,,0000*41
$GPGSA,A,2,,,,,,,,,,,,,50.0,50.0,50.0*06
$GPRMC,161424.000,A,2940.8237,N,09524.7466,W,2.31,251.69,200411,,,E*7B
$GPVTG,251.69,T,,M,2.31,N,4.3,K,N*0C
$GPGGA,161425.000,2940.8235,N,09524.7473,W,6,00,50.0,-12.4,M,-23.7,M,,0000*46
$GPGSA,A,2,,,,,,,,,,,,,50.0,50.0,50.0*06
$GPRMC,161425.000,A,2940.8235,N,09524.7473,W,2.31,251.69,200411,,,E*7C
$GPVTG,251.69,T,,M,2.31,N,4.3,K,N*0C
$GPGGA,161426.000,2940.8233,N,09524.7480,W,6,00,50.0,-12.4,M,-23.7,M,,0000*4F
$GPGSA,A,2,,,,,,,,,,,,,50.0,50.0,50.0*06
$GPRMC,161426.000,A,2940.8233,N,09524.7480,W,2.31,251.69,200411,,,E*75
$GPVTG,251.69,T,,M,2.31,N,4.3,K,N*0C
$GPGGA,161427.000,2940.8230,N,09524.7487,W,6,00,50.0,-12.4,M,-23.7,M,,0000*4A
$GPGSA,A,2,,,,,,,,,,,,,50.0,50.0,50.0*06
$GPGSV,3,1,11,14,58,260,,18,57,040,14,22,54,335,15,21,47,152,20*79
$GPGSV,3,2,11,09,37,058,24,27,22,044,,06,21,257,,03,16,268,*76
$GPGSV,3,3,11,19,15,301,,15,06,050,31,31,04,195,*49
$GPRMC,161427.000,A,2940.8230,N,09524.7487,W,2.31,251.69,200411,,,E*70
$GPVTG,251.69,T,,M,2.31,N,4.3,K,N*0C
$GPGGA,161428.000,2940.8228,N,09524.7494,W,6,00,50.0,-12.4,M,-23.7,M,,0000*4E
$GPGSA,A,2,,,,,,,,,,,,,50.0,50.0,50.0*06
$GPRMC,161428.000,A,2940.8228,N,09524.7494,W,2.31,251.69,200411,,,E*74
$GPVTG,251.69,T,,M,2.31,N,4.3,K,N*0C
$GPGGA,161429.000,2940.8226,N,09524.7501,W,6,00,50.0,-12.3,M,-23.7,M,,0000*4B
$GPGSA,A,2,,,,,,,,,,,,,50.0,50.0,50.0*06
$GPRMC,161429.000,A,2940.8226,N,09524.7501,W,2.31,251.69,200411,,,E*76
$GPVTG,251.69,T,,M,2.31,N,4.3,K,N*0C
$GPGGA,161430.000,2940.8224,N,09524.7508,W,6,00,50.0,-12.3,M,-23.7,M,,0000*48
$GPGSA,A,2,,,,,,,,,,,,,50.0,50.0,50.0*06
$GPRMC,161430.000,A,2940.8224,N,09524.7508,W,2.31,251.69,200411,,,E*75
$GPVTG,251.69,T,,M,2.31,N,4.3,K,N*0C
$GPGGA,161431.000,2940.8222,N,09524.7515,W,6,00,50.0,-12.3,M,-23.7,M,,0000*43
$GPGSA,A,2,,,,,,,,,,,,,50.0,50.0,50.0*06
$GPRMC,161431.000,A,2940.8222,N,09524.7515,W,2.31,251.69,200411,,,E*7E
$GPVTG,251.69,T,,M,2.31,N,4.3,K,N*0C
$GPGGA,161432.000,2940.8220,N,09524.7522,W,6,00,50.0,-12.3,M,-23.7,M,,0000*46
$GPGSA,A,2,,,,,,,,,,,,,50.0,50.0,50.0*06
$GPGSV,3,1,11,14,58,260,,18,57,040,15,22,54,335,,21,47,152,20*7C
$GPGSV,3,2,11,09,37,058,24,27,22,044,24,06,21,257,,03,16,268,*70
$GPGSV,3,3,11,19,15,301,,15,06,050,28,31,04,195,*41
$GPVTG,251.69,T,,M,2.31,N,4.3,K,N*0C
$GPGGA,161433.000,2940.8218,N,09524.7529,W,6,00,50.0,-12.3,M,-23.7,M,,0000*47
$GPGSA,A,2,,,,,,,,,,,,,50.0,50.0,50.0*06
$GPRMC,161433.000,A,2940.8218,N,09524.7529,W,2.31,251.69,200411,,,E*7A
$GPVTG,251.69,T,,M,2.31,N,4.3,K,N*0C
$GPGGA,161437.000,2940.8193,N,09524.7735,W,1,03,2.9,-13.4,M,-23.7,M,,0000*70
$GPGSA,A,2,21,22,18,,,,,,,,,,3.1,2.9,1.0*31
$GPGSV,3,1,11,14,58,260,,18,57,040,18,22,54,335,19,21,47,152,19*73
$GPGSV,3,2,11,09,37,058,26,27,22,044,30,06,21,257,,03,16,268,*77
$GPGSV,3,3,11,19,15,301,,15,06,050,25,31,04,195,*4C
$GPRMC,161437.000,A,2940.8193,N,09524.7735,W,2.21,252.40,200411,,,A*7C
$GPVTG,252.40,T,,M,2.21,N,4.1,K,N*07
$GPGGA,161438.000,2940.8160,N,09524.7765,W,1,03,2.9,-13.3,M,-23.7,M,,0000*71
$GPGSA,A,2,21,22,18,,,,,,,,,,3.1,2.9,1.0*31
$GPRMC,161438.000,A,2940.8160,N,09524.7765,W,1.49,249.88,200411,,,A*79
$GPVTG,249.88,T,,M,1.49,N,2.8,K,N*0B
$GPGGA,161439.000,2940.8150,N,09524.7775,W,1,03,2.9,-12.7,M,-23.7,M,,0000*77
$GPGSA,A,2,21,22,18,,,,,,,,,,3.1,2.9,1.0*31
$GPRMC,161439.000,A,2940.8150,N,09524.7775,W,1.03,213.61,200411,,,A*7C
$GPVTG,213.61,T,,M,1.03,N,1.9,K,N*0F
$GPGGA,161440.000,2940.8163,N,09524.7760,W,1,03,2.9,-12.4,M,-23.7,M,,0000*7E
$GPGSA,A,2,21,22,18,,,,,,,,,,3.1,2.9,1.0*31
$GPRMC,161440.000,A,2940.8163,N,09524.7760,W,0.70,100.52,200411,,,A*72
$GPVTG,100.52,T,,M,0.70,N,1.3,K,N*01
$GPGGA,161441.000,2940.8202,N,09524.7691,W,1,03,2.9,-11.8,M,-23.7,M,,0000*7B
$GPGSA,A,2,21,22,18,,,,,,,,,,3.1,2.9,1.0*31
$GPRMC,161441.000,A,2940.8202,N,09524.7691,W,2.80,70.11,200411,,,A*44
$GPVTG,70.11,T,,M,2.80,N,5.2,K,N*38
$GPGGA,161442.000,2940.8205,N,09524.7682,W,6,00,50.0,-11.9,M,-23.7,M,,0000*46
$GPGSA,A,2,,,,,,,,,,,,,50.0,50.0,50.0*06
$GPGSV,3,1,11,14,58,260,,18,57,040,24,22,54,335,12,21,47,152,24*79
$GPGSV,3,2,11,09,37,058,26,27,22,044,29,06,21,257,,03,16,268,*7F
$GPGSV,3,3,11,19,15,301,,15,06,050,26,31,04,195,*4F
$GPRMC,161442.000,A,2940.8205,N,09524.7682,W,2.80,70.11,200411,,,E*46
$GPVTG,70.11,T,,M,2.80,N,5.2,K,N*38
$GPGGA,161443.000,2940.8222,N,09524.7650,W,1,03,2.9,-11.4,M,-23.7,M,,0000*7A
$GPGSA,A,2,21,22,18,,,,,,,,,,3.1,2.9,1.0*31
$GPRMC,161443.000,A,2940.8222,N,09524.7650,W,4.25,58.22,200411,,,A*4A
$GPVTG,58.22,T,,M,4.25,N,7.9,K,N*32
$GPGGA,161444.000,2940.8228,N,09524.7639,W,6,00,50.0,-11.4,M,-23.7,M,,0000*42
$GPGSA,A,2,,,,,,,,,,,,,50.0,50.0,50.0*06
$GPRMC,161444.000,A,2940.8228,N,09524.7639,W,4.25,58.22,200411,,,E*4C
$GPVTG,58.22,T,,M,4.25,N,7.9,K,N*32
$GPGGA,161445.000,2940.8226,N,09524.7592,W,1,03,2.9,-11.0,M,-23.7,M,,0000*71
$GPGSA,A,2,21,22,18,,,,,,,,,,3.1,2.9,1.0*31
$GPRMC,161445.000,A,2940.8226,N,09524.7592,W,6.36,84.01,200411,,,A*45
$GPVTG,84.01,T,,M,6.36,N,11.8,K,N*04
$GPGGA,161446.000,2940.8234,N,09524.7599,W,1,03,2.9,-10.3,M,-23.7,M,,0000*78
$GPGSA,A,2,21,22,18,,,,,,,,,,3.1,2.9,1.0*31
$GPRMC,161446.000,A,2940.8234,N,09524.7599,W,3.93,59.24,200411,,,A*43
$GPVTG,59.24,T,,M,3.93,N,7.3,K,N*35
$GPGGA,161447.000,2940.8222,N,09524.7640,W,1,03,2.9,-9.8,M,-23.7,M,,0000*4A
$GPGSA,A,2,21,22,18,,,,,,,,,,3.1,2.9,1.0*31
$GPGSV,3,1,11,14,58,260,,18,57,040,22,22,54,335,16,21,47,152,19*75
$GPGSV,3,2,11,09,37,058,30,27,22,044,31,06,21,257,,03,16,268,*71
$GPGSV,3,3,11,19,15,301,,15,06,050,27,31,04,195,*4E
$GPRMC,161447.000,A,2940.8222,N,09524.7640,W,0.91,299.41,200411,,,A*7E
$GPVTG,299.41,T,,M,0.91,N,1.7,K,N*0B
$GPGGA,161448.000,2940.8211,N,09524.7645,W,1,03,2.9,-9.2,M,-23.7,M,,0000*4A
$GPGSA,A,2,21,22,18,,,,,,,,,,3.1,2.9,1.0*31
$GPRMC,161448.000,A,2940.8211,N,09524.7645,W,1.10,231.87,200411,,,A*74
$GPVTG,231.87,T,,M,1.10,N,2.0,K,N*0F
$GPGGA,161449.000,2940.8209,N,09524.7648,W,6,00,50.0,-9.2,M,-23.7,M,,0000*75
$GPGSA,A,2,,,,,,,,,,,,,50.0,50.0,50.0*06
$GPRMC,161449.000,A,2940.8209,N,09524.7648,W,1.10,231.87,200411,,,E*75
$GPVTG,231.87,T,,M,1.10,N,2.0,K,N*0F
$GPGGA,161450.000,2940.8232,N,09524.7623,W,1,03,2.9,-8.6,M,-23.7,M,,0000*47
$GPGSA,A,2,21,22,18,,,,,,,,,,3.1,2.9,1.0*31
$GPRMC,161450.000,A,2940.8232,N,09524.7623,W,2.51,15.37,200411,,,A*45
$GPVTG,15.37,T,,M,2.51,N,4.6,K,N*36
$GPGGA,161451.000,2940.8242,N,09524.7602,W,1,03,2.9,-8.0,M,-23.7,M,,0000*44
$GPGSA,A,2,21,22,18,,,,,,,,,,3.1,2.9,1.0*31
$GPRMC,161451.000,A,2940.8242,N,09524.7602,W,3.33,47.84,200411,,,A*4A
$GPVTG,47.84,T,,M,3.33,N,6.2,K,N*3A
$GPGGA,161452.000,2940.8248,N,09524.7594,W,6,00,50.0,-8.0,M,-23.7,M,,0000*7B
$GPGSA,A,2,,,,,,,,,,,,,50.0,50.0,50.0*06
$GPGSV,3,1,11,14,58,260,,18,57,040,22,22,54,335,16,21,47,152,20*7F
$GPGSV,3,2,11,09,37,058,27,27,22,044,35,06,21,257,,03,16,268,*73
$GPGSV,3,3,11,19,15,301,,15,06,050,39,31,04,195,*41
$GPVTG,47.84,T,,M,3.33,N,6.2,K,N*3A
$GPGGA,161453.000,2940.8254,N,09524.7587,W,6,00,50.0,-8.0,M,-23.7,M,,0000*75
$GPGSA,A,2,,,,,,,,,,,,,50.0,50.0,50.0*06
$GPRMC,161453.000,A,2940.8254,N,09524.7587,W,3.33,47.84,200411,,,E*45
$GPVTG,47.84,T,,M,3.33,N,6.2,K,N*3A
$GPGGA,161454.000,2940.8261,N,09524.7579,W,6,00,50.0,-8.0,M,-23.7,M,,0000*75
$GPGSA,A,2,,,,,,,,,,,,,50.0,50.0,50.0*06
$GPRMC,161454.000,A,2940.8261,N,09524.7579,W,3.33,47.84,200411,,,E*45
$GPVTG,47.84,T,,M,3.33,N,6.2,K,N*3A
$GPGGA,161455.000,2940.8267,N,09524.7571,W,6,00,50.0,-8.0,M,-23.7,M,,0000*7A
$GPGSA,A,2,,,,,,,,,,,,,50.0,50.0,50.0*06
$GPRMC,161455.000,A,2940.8267,N,09524.7571,W,3.33,47.84,200411,,,E*4A
$GPVTG,47.84,T,,M,3.33,N,6.2,K,N*3A
$GPGGA,161456.000,2940.8273,N,09524.7563,W,6,00,50.0,-8.0,M,-23.7,M,,0000*7F
$GPGSA,A,2,,,,,,,,,,,,,50.0,50.0,50.0*06
$GPRMC,161456.000,A,2940.8273,N,09524.7563,W,3.33,47.84,200411,,,E*4F
$GPVTG,47.84,T,,M,3.33,N,6.2,K,N*3A
$GPGGA,161457.000,2940.8279,N,09524.7555,W,6,00,50.0,-8.0,M,-23.7,M,,0000*71
$GPGSA,A,2,,,,,,,,,,,,,50.0,50.0,50.0*06
$GPGSV,3,1,11,14,58,260,,18,57,040,22,22,54,335,15,21,47,152,20*7C
$GPGSV,3,2,11,09,37,058,34,27,22,044,37,06,21,257,,03,16,268,*73
$GPGSV,3,3,11,19,15,301,,15,06,050,37,31,04,195,*4F
$GPRMC,161457.000,A,2940.8279,N,09524.7555,W,3.33,47.84,200411,,,E*41
$GPVTG,47.84,T,,M,3.33,N,6.2,K,N*3A
$GPGGA,161458.000,2940.8286,N,09524.7547,W,6,00,50.0,-8.0,M,-23.7,M,,0000*7D
$GPGSA,A,2,,,,,,,,,,,,,50.0,50.0,50.0*06
$GPRMC,161458.000,A,2940.8286,N,09524.7547,W,3.33,47.84,200411,,,E*4D
$GPVTG,47.84,T,,M,3.33,N,6.2,K,N*3A
$GPGGA,161459.000,2940.8354,N,09524.7445,W,1,03,2.9,-7.6,M,-23.7,M,,0000*42
$GPGSA,A,2,21,22,18,,,,,,,,,,3.1,2.9,1.0*31
$GPRMC,161459.000,A,2940.8354,N,09524.7445,W,5.45,51.62,200411,,,A*4D
$GPVTG,51.62,T,,M,5.45,N,10.1,K,N*06
$GPGGA,161500.000,2940.8362,N,09524.7403,W,1,03,2.9,-7.0,M,-23.7,M,,0000*4E
$GPGSA,A,2,21,22,18,,,,,,,,,,3.1,2.9,1.0*31
$GPRMC,161500.000,A,2940.8362,N,09524.7403,W,5.18,47.84,200411,,,A*40
$GPVTG,47.84,T,,M,5.18,N,9.6,K,N*3E
$GPGGA,161501.000,2940.8349,N,09524.7391,W,1,03,2.9,-6.0,M,-23.7,M,,0000*4B
$GPGSA,A,2,21,22,18,,,,,,,,,,3.1,2.9,1.0*31
$GPRMC,161501.000,A,2940.8349,N,09524.7391,W,3.60,52.22,200411,,,A*45
$GPVTG,52.22,T,,M,3.60,N,6.7,K,N*31
$GPGGA,161502.000,2940.8323,N,09524.7409,W,1,04,1.8,-8.3,M,-23.7,M,,0000*4A
$GPGSA,A,3,21,22,18,14,,,,,,,,,2.1,1.8,1.0*36
$GPGSV,3,1,11,14,58,260,17,18,57,040,21,22,54,335,15,21,47,152,24*7D
$GPGSV,3,2,11,09,37,058,35,27,22,044,36,06,21,257,,03,16,268,*73
$GPGSV,3,3,11,19,15,301,,15,06,050,37,31,04,195,*4F
$GPVTG,81.88,T,,M,1.76,N,3.3,K,A*34
$GPGGA,161503.000,2940.8327,N,09524.7389,W,1,04,1.8,-14.4,M,-23.7,M,,0000*7A
$GPGSA,A,3,21,22,18,14,,,,,,,,,2.1,1.8,1.0*36
$GPRMC,161503.000,A,2940.8327,N,09524.7389,W,1.54,92.20,200411,,,A*4D
$GPVTG,92.20,T,,M,1.54,N,2.9,K,A*3F
$GPGGA,161504.000,2940.8328,N,09524.7401,W,1,04,1.8,-15.9,M,-23.7,M,,0000*79
$GPGSA,A,3,21,22,18,14,,,,,,,,,2.1,1.8,1.0*36
$GPRMC,161504.000,A,2940.8328,N,09524.7401,W,1.33,99.44,200411,,,A*4A
$GPVTG,99.44,T,,M,1.33,N,2.5,K,A*3B
$GPGGA,161505.000,2940.8320,N,09524.7429,W,1,04,1.8,-11.3,M,-23.7,M,,0000*74
$GPGSA,A,3,21,22,18,14,,,,,,,,,2.1,1.8,1.0*36
$GPRMC,161505.000,A,2940.8320,N,09524.7429,W,0.22,174.41,200411,,,A*7F
$GPVTG,174.41,T,,M,0.22,N,0.4,K,A*0E
$GPGGA,161506.000,2940.8320,N,09524.7434,W,1,03,2.0,-10.0,M,-23.7,M,,0000*75
$GPGSA,A,2,21,18,14,,,,,,,,,,2.3,2.0,1.0*3E
$GPRMC,161506.000,A,2940.8320,N,09524.7434,W,0.85,302.48,200411,,,A*77
$GPVTG,302.48,T,,M,0.85,N,1.6,K,A*0A
$GPGGA,161507.000,2940.8312,N,09524.7416,W,1,04,1.8,-8.0,M,-23.7,M,,0000*40
$GPGSA,A,3,21,22,18,14,,,,,,,,,2.1,1.8,1.0*36
$GPGSV,3,1,11,14,58,260,19,18,57,040,21,22,54,335,16,21,47,152,24*70
$GPGSV,3,2,11,09,37,058,35,27,22,044,36,06,21,257,,03,16,268,*73
$GPGSV,3,3,11,19,15,301,17,15,06,050,37,31,04,195,*49
$GPRMC,161507.000,A,2940.8312,N,09524.7416,W,1.56,117.94,200411,,,A*7F
$GPVTG,117.94,T,,M,1.56,N,2.9,K,A*0E
$GPGGA,161508.000,2940.8315,N,09524.7400,W,1,03,2.0,-7.9,M,-23.7,M,,0000*45
$GPGSA,A,2,21,18,14,,,,,,,,,,2.3,2.0,1.0*3E
$GPRMC,161508.000,A,2940.8315,N,09524.7400,W,1.91,105.78,200411,,,A*7A
$GPVTG,105.78,T,,M,1.91,N,3.5,K,A*09
$GPGGA,161509.000,2940.8313,N,09524.7396,W,1,03,2.9,-7.6,M,-23.7,M,,0000*4C
$GPGSA,A,2,21,22,18,,,,,,,,,,3.1,2.9,1.0*31
$GPRMC,161509.000,A,2940.8313,N,09524.7396,W,1.74,143.55,200411,,,A*73
$GPVTG,143.55,T,,M,1.74,N,3.2,K,A*08
$GPGGA,161510.000,2940.8306,N,09524.7384,W,1,03,2.9,-3.8,M,-23.7,M,,0000*49
$GPGSA,A,2,21,22,18,,,,,,,,,,3.1,2.9,1.0*31
$GPRMC,161510.000,A,2940.8306,N,09524.7384,W,1.71,136.35,200411,,,A*7D
$GPVTG,136.35,T,,M,1.71,N,3.2,K,A*09
$GPGGA,161511.000,2940.8301,N,09524.7383,W,1,03,2.9,-4.1,M,-23.7,M,,0000*46
$GPGSA,A,2,21,22,18,,,,,,,,,,3.1,2.9,1.0*31
$GPRMC,161511.000,A,2940.8301,N,09524.7383,W,0.53,132.10,200411,,,A*7E
$GPVTG,132.10,T,,M,0.53,N,1.0,K,A*0B
$GPGGA,161512.000,2940.8291,N,09524.7379,W,1,04,1.8,-1.7,M,-23.7,M,,0000*4E
$GPGSA,A,3,21,22,18,14,,,,,,,,,2.1,1.8,1.0*36
$GPGSV,3,1,11,14,58,260,18,18,57,040,20,22,54,335,16,21,47,152,26*72
$GPGSV,3,2,11,09,37,058,36,27,22,044,36,06,21,257,,03,16,268,*70
$GPGSV,3,3,11,19,15,301,17,15,06,050,38,31,04,195,*46
$GPRMC,161512.000,A,2940.8291,N,09524.7379,W,0.63,127.28,200411,,,A*7C
$GPVTG,127.28,T,,M,0.63,N,1.2,K,A*05
$GPGGA,161513.000,2940.8286,N,09524.7365,W,1,04,1.8,-1.2,M,-23.7,M,,0000*41
$GPGSA,A,3,21,22,18,14,,,,,,,,,2.1,1.8,1.0*36
$GPRMC,161513.000,A,2940.8286,N,09524.7365,W,0.52,144.19,200411,,,A*73
$GPVTG,144.19,T,,M,0.52,N,1.0,K,A*02
$GPGGA,161514.000,2940.8291,N,09524.7353,W,1,04,1.8,-1.4,M,-23.7,M,,0000*43
$GPGSA,A,3,21,22,18,14,,,,,,,,,2.1,1.8,1.0*36
$GPRMC,161514.000,A,2940.8291,N,09524.7353,W,0.58,20.10,200411,,,A*47
$GPVTG,20.10,T,,M,0.58,N,1.1,K,A*33
$GPGGA,161515.000,2940.8295,N,09524.7351,W,1,04,1.8,-0.8,M,-23.7,M,,0000*49
$GPGSA,A,3,21,22,18,14,,,,,,,,,2.1,1.8,1.0*36
$GPRMC,161515.000,A,2940.8295,N,09524.7351,W,0.84,358.70,200411,,,A*7B
$GPVTG,358.70,T,,M,0.84,N,1.6,K,A*0F
$GPGGA,161516.000,2940.8304,N,09524.7352,W,1,04,1.8,-4.2,M,-23.7,M,,0000*4E
$GPGSA,A,3,21,22,18,14,,,,,,,,,2.1,1.8,1.0*36
$GPRMC,161516.000,A,2940.8304,N,09524.7352,W,1.35,358.55,200411,,,A*7E
$GPVTG,358.55,T,,M,1.35,N,2.5,K,A*03
$GPGGA,161517.000,2940.8310,N,09524.7351,W,1,04,1.8,-6.1,M,-23.7,M,,0000*48
$GPGSA,A,3,21,22,18,14,,,,,,,,,2.1,1.8,1.0*36
$GPGSV,3,1,11,14,58,260,17,18,57,040,23,22,54,335,21,21,47,152,26*7A
$GPGSV,3,2,11,09,37,058,30,27,22,044,38,06,21,257,,03,16,268,*78
$GPGSV,3,3,11,19,15,301,20,15,06,050,35,31,04,195,19*47
$GPRMC,161517.000,A,2940.8310,N,09524.7351,W,1.11,4.90,200411,,,A*7C
$GPGGA,161518.000,2940.8317,N,09524.7347,W,1,04,1.8,-7.3,M,-23.7,M,,0000*44
$GPGSA,A,3,21,22,18,14,,,,,,,,,2.1,1.8,1.0*36
$GPRMC,161518.000,A,2940.8317,N,09524.7347,W,0.86,17.50,200411,,,A*42
$GPVTG,17.50,T,,M,0.86,N,1.6,K,A*37
$GPGGA,161519.000,2940.8320,N,09524.7347,W,1,04,1.8,-7.9,M,-23.7,M,,0000*4B
$GPGSA,A,3,21,22,18,14,,,,,,,,,2.1,1.8,1.0*36
$GPRMC,161519.000,A,2940.8320,N,09524.7347,W,0.49,342.24,200411,,,A*74
$GPVTG,342.24,T,,M,0.49,N,0.9,K,A*0A
$GPGGA,161520.000,2940.8329,N,09524.7353,W,1,04,1.8,-5.6,M,-23.7,M,,0000*40
$GPGSA,A,3,21,22,18,14,,,,,,,,,2.1,1.8,1.0*36
$GPRMC,161520.000,A,2940.8329,N,09524.7353,W,1.06,307.73,200411,,,A*7B
$GPVTG,307.73,T,,M,1.06,N,2.0,K,A*08
$GPGGA,161521.000,2940.8336,N,09524.7359,W,1,04,1.8,-4.9,M,-23.7,M,,0000*4B
$GPGSA,A,3,21,22,18,14,,,,,,,,,2.1,1.8,1.0*36
$GPRMC,161521.000,A,2940.8336,N,09524.7359,W,1.74,310.23,200411,,,A*78
$GPVTG,310.23,T,,M,1.74,N,3.2,K,A*0D
$GPGGA,161522.000,2940.8333,N,09524.7357,W,1,05,1.8,8.2,M,-23.7,M,,0000*68
$GPGSA,A,3,21,22,18,14,15,,,,,,,,3.1,1.8,2.5*35
$GPGSV,3,1,11,14,58,260,17,18,57,040,36,22,54,335,26,21,47,152,28*77
$GPGSV,3,2,11,09,37,058,38,27,22,044,39,06,21,257,,03,16,268,*71
$GPGSV,3,3,11,19,15,301,20,15,06,050,40,31,04,195,22*4D
$GPRMC,161522.000,A,2940.8333,N,09524.7357,W,1.95,341.26,200411,,,A*7E
$GPVTG,341.26,T,,M,1.95,N,3.6,K,A*07
$GPGGA,161523.000,2940.8331,N,09524.7363,W,1,05,1.8,16.0,M,-23.7,M,,0000*51
$GPGSA,A,3,21,22,18,14,15,,,,,,,,3.1,1.8,2.5*35
$GPRMC,161523.000,A,2940.8331,N,09524.7363,W,1.32,344.28,200411,,,A*7C
$GPVTG,344.28,T,,M,1.32,N,2.4,K,A*02
$GPGGA,161524.000,2940.8332,N,09524.7365,W,1,04,2.6,20.6,M,-23.7,M,,0000*5C
$GPGSA,A,3,21,22,18,15,,,,,,,,,4.0,2.6,3.0*3F
$GPRMC,161524.000,A,2940.8332,N,09524.7365,W,1.47,349.23,200411,,,A*7A
$GPVTG,349.23,T,,M,1.47,N,2.7,K,A*05
$GPGGA,161525.000,2940.8335,N,09524.7369,W,1,05,1.8,23.4,M,-23.7,M,,0000*5B
$GPGSA,A,3,21,22,18,14,15,,,,,,,,3.1,1.8,2.5*35
$GPRMC,161525.000,A,2940.8335,N,09524.7369,W,1.57,346.37,200411,,,A*7B
$GPVTG,346.37,T,,M,1.57,N,2.9,K,A*00
$GPGGA,161526.000,2940.8337,N,09524.7375,W,1,05,1.8,25.3,M,-23.7,M,,0000*56
$GPGSA,A,3,21,22,18,14,15,,,,,,,,3.1,1.8,2.5*35
$GPRMC,161526.000,A,2940.8337,N,09524.7375,W,1.79,338.15,200411,,,A*72
$GPVTG,338.15,T,,M,1.79,N,3.3,K,A*0E
$GPGGA,161527.000,2940.8340,N,09524.7381,W,1,05,1.8,26.5,M,-23.7,M,,0000*59
$GPGSA,A,3,21,22,18,14,15,,,,,,,,3.1,1.8,2.5*35
$GPGSV,3,1,11,14,58,261,23,18,57,041,36,22,54,335,31,21,46,152,34*7A
$GPGSV,3,2,11,09,36,057,40,27,21,044,39,06,21,257,,03,16,267,*7C
$GPGSV,3,3,11,19,15,300,20,15,06,050,40,31,05,195,21*4E
$GPRMC,161527.000,A,2940.8340,N,09524.7381,W,1.77,333.19,200411,,,A*71
$GPVTG,333.19,T,,M,1.77,N,3.3,K,A*07
$GPGGA,161528.000,2940.8343,N,09524.7387,W,1,05,1.8,27.4,M,-23.7,M,,0000*53
$GPGSA,A,3,21,22,18,14,15,,,,,,,,3.1,1.8,2.5*35
$GPRMC,161528.000,A,2940.8343,N,09524.7387,W,1.61,333.85,200411,,,A*79
$GPVTG,333.85,T,,M,1.61,N,3.0,K,A*06
$GPGGA,161529.000,2940.8346,N,09524.7394,W,1,05,1.8,27.8,M,-23.7,M,,0000*59
$GPGSA,A,3,21,22,18,14,15,,,,,,,,3.1,1.8,2.5*35
$GPRMC,161529.000,A,2940.8346,N,09524.7394,W,1.71,321.51,200411,,,A*74
$GPVTG,321.51,T,,M,1.71,N,3.2,K,A*0F
$GPGGA,161530.000,2940.8349,N,09524.7412,W,1,05,1.8,27.4,M,-23.7,M,,0000*5B
$GPGSA,A,3,21,22,18,14,15,,,,,,,,3.1,1.8,2.5*35
$GPRMC,161530.000,A,2940.8349,N,09524.7412,W,1.84,322.74,200411,,,A*74
$GPVTG,322.74,T,,M,1.84,N,3.4,K,A*07
$GPGGA,161531.000,2940.8352,N,09524.7423,W,1,05,1.8,27.2,M,-23.7,M,,0000*54
$GPGSA,A,3,21,22,18,14,15,,,,,,,,3.1,1.8,2.5*35
$GPRMC,161531.000,A,2940.8352,N,09524.7423,W,1.75,324.20,200411,,,A*74
$GPVTG,324.20,T,,M,1.75,N,3.2,K,A*08
$GPGGA,161532.000,2940.8357,N,09524.7432,W,1,05,1.8,26.9,M,-23.7,M,,0000*58
$GPGSA,A,3,21,22,18,14,15,,,,,,,,3.1,1.8,2.5*35
$GPGSV,3,1,11,14,58,261,23,18,57,041,36,22,54,335,32,21,46,152,24*78
$GPGSV,3,2,11,09,36,057,40,27,21,044,39,06,21,257,,03,16,267,19*74
$GPGSV,3,3,11,19,15,300,20,15,06,050,39,31,05,195,20*41
$GPRMC,161532.000,A,2940.8357,N,09524.7432,W,1.47,331.31,200411,,,A*77
$GPVTG,331.31,T,,M,1.47,N,2.7,K,A*09
$GPGGA,161533.000,2940.8363,N,09524.7440,W,1,05,1.8,26.8,M,-23.7,M,,0000*5A
$GPGSA,A,3,21,22,18,14,15,,,,,,,,3.1,1.8,2.5*35
$GPRMC,161533.000,A,2940.8363,N,09524.7440,W,2.57,333.20,200411,,,A*74
$GPVTG,333.20,T,,M,2.57,N,4.8,K,A*00
$GPGGA,161534.000,2940.8373,N,09524.7462,W,1,05,1.8,24.9,M,-23.7,M,,0000*5F
$GPGSA,A,3,21,22,18,14,15,,,,,,,,3.1,1.8,2.5*35
$GPRMC,161534.000,A,2940.8373,N,09524.7462,W,1.76,339.13,200411,,,A*78
$GPVTG,339.13,T,,M,1.76,N,3.3,K,A*06
$GPGGA,161535.000,2940.8380,N,09524.7482,W,1,05,1.8,23.4,M,-23.7,M,,0000*56
$GPGSA,A,3,21,22,18,14,15,,,,,,,,3.1,1.8,2.5*35
$GPRMC,161535.000,A,2940.8380,N,09524.7482,W,2.03,336.14,200411,,,A*72
$GPVTG,336.14,T,,M,2.03,N,3.8,K,A*04
$GPGGA,161536.000,2940.8386,N,09524.7501,W,1,05,1.8,21.7,M,-23.7,M,,0000*58
$GPGSA,A,3,21,22,18,14,15,,,,,,,,3.1,1.8,2.5*35
$GPRMC,161536.000,A,2940.8386,N,09524.7501,W,1.97,324.50,200411,,,A*70
$GPVTG,324.50,T,,M,1.97,N,3.7,K,A*06
$GPGGA,161537.000,2940.8390,N,09524.7522,W,1,05,1.8,20.0,M,-23.7,M,,0000*59
$GPGSA,A,3,21,22,18,14,15,,,,,,,,3.1,1.8,2.5*35
$GPGSV,3,1,11,14,58,261,30,18,57,041,36,22,54,335,32,21,46,152,32*7D
$GPGSV,3,2,11,09,36,057,41,27,21,044,39,06,21,257,,03,16,267,*7D
$GPGSV,3,3,11,19,15,300,19,15,06,050,32,31,05,195,21*41
$GPRMC,161537.000,A,2940.8390,N,09524.7522,W,1.57,307.69,200411,,,A*70
$GPVTG,307.69,T,,M,1.57,N,2.9,K,A*0E
$GPGGA,161538.000,2940.8392,N,09524.7537,W,1,05,1.8,18.9,M,-23.7,M,,0000*52
$GPGSA,A,3,21,22,18,14,15,,,,,,,,3.1,1.8,2.5*35
$GPRMC,161538.000,A,2940.8392,N,09524.7537,W,0.96,273.05,200411,,,A*7D
$GPVTG,273.05,T,,M,0.96,N,1.8,K,A*08
$GPGGA,161539.000,2940.8392,N,09524.7550,W,1,05,1.8,17.8,M,-23.7,M,,0000*5C
$GPGSA,A,3,21,22,18,14,15,,,,,,,,3.1,1.8,2.5*35
$GPRMC,161539.000,A,2940.8392,N,09524.7550,W,0.93,249.84,200411,,,A*78
$GPVTG,249.84,T,,M,0.93,N,1.7,K,A*02
$GPGGA,161540.000,2940.8390,N,09524.7560,W,1,05,1.8,17.0,M,-23.7,M,,0000*5B
$GPGSA,A,3,21,22,18,14,15,,,,,,,,3.1,1.8,2.5*35
$GPRMC,161540.000,A,2940.8390,N,09524.7560,W,0.93,248.26,200411,,,A*7E
$GPVTG,248.26,T,,M,0.93,N,1.7,K,A*0B
$GPGGA,161541.000,2940.8389,N,09524.7568,W,1,05,1.8,16.3,M,-23.7,M,,0000*58
$GPGSA,A,3,21,22,18,14,15,,,,,,,,3.1,1.8,2.5*35
$GPRMC,161541.000,A,2940.8389,N,09524.7568,W,0.87,255.51,200411,,,A*76
$GPVTG,255.51,T,,M,0.87,N,1.6,K,A*03
$GPGGA,161542.000,2940.8389,N,09524.7576,W,1,05,1.8,15.6,M,-23.7,M,,0000*52
$GPGSA,A,3,21,22,18,14,15,,,,,,,,3.1,1.8,2.5*35
$GPGSV,3,1,11,14,58,261,28,18,57,041,36,22,54,335,22,21,46,152,38*7F
$GPGSV,3,2,11,09,36,057,41,27,21,044,38,06,21,257,,03,16,267,*7C
$GPGSV,3,3,11,19,15,300,18,15,06,050,37,31,05,195,22*46
$GPRMC,161542.000,A,2940.8389,N,09524.7576,W,0.96,256.99,200411,,,A*7D
$GPVTG,256.99,T,,M,0.96,N,1.8,K,A*0A
$GPGGA,161543.000,2940.8388,N,09524.7583,W,1,05,1.8,15.0,M,-23.7,M,,0000*5E
$GPGSA,A,3,21,22,18,14,15,,,,,,,,3.1,1.8,2.5*35
$GPRMC,161543.000,A,2940.8388,N,09524.7583,W,0.70,239.19,200411,,,A*7E
$GPVTG,239.19,T,,M,0.70,N,1.3,K,A*08
$GPGGA,161544.000,2940.8387,N,09524.7590,W,1,05,1.8,14.4,M,-23.7,M,,0000*51
$GPGSA,A,3,21,22,18,14,15,,,,,,,,3.1,1.8,2.5*35
$GPRMC,161544.000,A,2940.8387,N,09524.7590,W,0.79,259.29,200411,,,A*78
$GPVTG,259.29,T,,M,0.79,N,1.5,K,A*02
$GPGGA,161545.000,2940.8389,N,09524.7597,W,1,05,1.8,13.8,M,-23.7,M,,0000*52
$GPGSA,A,3,21,22,18,14,15,,,,,,,,3.1,1.8,2.5*35
$GPRMC,161545.000,A,2940.8389,N,09524.7597,W,1.10,299.71,200411,,,A*7F
$GPVTG,299.71,T,,M,1.10,N,2.0,K,A*0B
$GPGGA,161546.000,2940.8392,N,09524.7603,W,1,05,1.8,13.3,M,-23.7,M,,0000*5E
$GPGSA,A,3,21,22,18,14,15,,,,,,,,3.1,1.8,2.5*35
$GPRMC,161546.000,A,2940.8392,N,09524.7603,W,1.55,318.82,200411,,,A*7D
$GPVTG,318.82,T,,M,1.55,N,2.9,K,A*07
$GPGGA,161547.000,2940.8397,N,09524.7606,W,1,05,1.8,13.2,M,-23.7,M,,0000*5E
$GPGSA,A,3,21,22,18,14,15,,,,,,,,3.1,1.8,2.5*35
$GPGSV,3,1,11,14,58,261,28,18,57,041,36,22,55,336,33,21,46,152,37*72
$GPGSV,3,2,11,09,36,057,40,27,21,044,39,06,21,257,21,03,16,267,*7F
$GPGSV,3,3,11,19,15,300,17,15,06,050,42,31,05,195,19*43
$GPRMC,161547.000,A,2940.8397,N,09524.7606,W,1.76,322.52,200411,,,A*79
$GPGGA,161548.000,2940.8402,N,09524.7608,W,1,05,1.8,13.2,M,-23.7,M,,0000*54
$GPGSA,A,3,21,22,18,14,15,,,,,,,,3.1,1.8,2.5*35
$GPRMC,161548.000,A,2940.8402,N,09524.7608,W,1.92,327.08,200411,,,A*73
$GPVTG,327.08,T,,M,1.92,N,3.6,K,A*0C
$GPGGA,161549.000,2940.8407,N,09524.7615,W,1,05,1.8,12.7,M,-23.7,M,,0000*58
$GPGSA,A,3,21,22,18,14,15,,,,,,,,3.1,1.8,2.5*35
$GPRMC,161549.000,A,2940.8407,N,09524.7615,W,2.14,326.54,200411,,,A*7E
$GPVTG,326.54,T,,M,2.14,N,4.0,K,A*08
$GPGGA,161550.000,2940.8412,N,09524.7623,W,1,05,1.8,12.0,M,-23.7,M,,0000*56
$GPGSA,A,3,21,22,18,14,15,,,,,,,,3.1,1.8,2.5*35
$GPRMC,161550.000,A,2940.8412,N,09524.7623,W,1.86,317.10,200411,,,A*7D
$GPVTG,317.10,T,,M,1.86,N,3.4,K,A*01
$GPGGA,161551.000,2940.8416,N,09524.7628,W,1,05,1.8,11.5,M,-23.7,M,,0000*5E
$GPGSA,A,3,21,22,18,14,15,,,,,,,,3.1,1.8,2.5*35
$GPRMC,161551.000,A,2940.8416,N,09524.7628,W,1.75,330.83,200411,,,A*70
$GPVTG,330.83,T,,M,1.75,N,3.2,K,A*04
$GPGGA,161552.000,2940.8421,N,09524.7629,W,1,05,1.8,11.4,M,-23.7,M,,0000*59
$GPGSA,A,3,21,22,18,14,15,,,,,,,,3.1,1.8,2.5*35
$GPGSV,3,1,11,14,58,261,27,18,57,041,36,22,55,336,33,21,46,152,36*7C
$GPGSV,3,2,11,09,36,057,40,27,21,044,39,06,21,257,,03,16,267,*7C
$GPGSV,3,3,11,19,15,300,17,15,06,050,42,31,05,195,23*4A
$GPRMC,161552.000,A,2940.8421,N,09524.7629,W,1.58,329.93,200411,,,A*70
$GPVTG,329.93,T,,M,1.58,N,2.9,K,A*08
$GPGGA,161553.000,2940.8426,N,09524.7627,W,1,05,1.8,11.8,M,-23.7,M,,0000*5D
$GPGSA,A,3,21,22,18,14,15,,,,,,,,3.1,1.8,2.5*35
$GPRMC,161553.000,A,2940.8426,N,09524.7627,W,1.59,339.40,200411,,,A*76
$GPVTG,339.40,T,,M,1.59,N,2.9,K,A*06
$GPGGA,161554.000,2940.8431,N,09524.7626,W,1,05,1.8,12.1,M,-23.7,M,,0000*57
$GPGSA,A,3,21,22,18,14,15,,,,,,,,3.1,1.8,2.5*35
$GPRMC,161554.000,A,2940.8431,N,09524.7626,W,1.60,346.62,200411,,,A*74
$GPVTG,346.62,T,,M,1.60,N,3.0,K,A*0C
$GPGGA,161555.000,2940.8437,N,09524.7622,W,1,05,1.8,12.6,M,-23.7,M,,0000*53
$GPGSA,A,3,21,22,18,14,15,,,,,,,,3.1,1.8,2.5*35
$GPRMC,161555.000,A,2940.8437,N,09524.7622,W,1.66,0.66,200411,,,A*74
$GPVTG,0.66,T,,M,1.66,N,3.1,K,A*0E
$GPGGA,161556.000,2940.8442,N,09524.7622,W,1,05,1.8,12.7,M,-23.7,M,,0000*53
$GPGSA,A,3,21,22,18,14,15,,,,,,,,3.1,1.8,2.5*35
$GPRMC,161556.000,A,2940.8442,N,09524.7622,W,1.51,347.88,200411,,,A*71
$GPVTG,347.88,T,,M,1.51,N,2.8,K,A*02
$GPGGA,161557.000,2940.8446,N,09524.7628,W,1,05,1.8,12.0,M,-23.7,M,,0000*5B
$GPGSA,A,3,21,22,18,14,15,,,,,,,,3.1,1.8,2.5*35
$GPGSV,3,1,11,14,58,261,22,18,57,041,36,22,55,336,33,21,46,152,35*7A
$GPGSV,3,2,11,09,36,057,41,27,21,044,39,06,21,257,,03,16,267,*7D
$GPGSV,3,3,11,19,15,300,18,15,06,050,41,31,05,195,23*46
$GPRMC,161557.000,A,2940.8446,N,09524.7628,W,1.59,337.61,200411,,,A*76
$GPVTG,337.61,T,,M,1.59,N,2.9,K,A*0B
$GPGGA,161558.000,2940.8450,N,09524.7632,W,1,05,1.8,11.7,M,-23.7,M,,0000*5C
$GPGSA,A,3,21,22,18,14,15,,,,,,,,3.1,1.8,2.5*35
$GPRMC,161558.000,A,2940.8450,N,09524.7632,W,1.58,345.32,200411,,,A*77
$GPVTG,345.32,T,,M,1.58,N,2.9,K,A*09
$GPGGA,161559.000,2940.8454,N,09524.7637,W,1,05,1.8,11.2,M,-23.7,M,,0000*59
$GPGSA,A,3,21,22,18,14,15,,,,,,,,3.1,1.8,2.5*35
$GPRMC,161559.000,A,2940.8454,N,09524.7637,W,1.46,340.49,200411,,,A*71
$GPVTG,340.49,T,,M,1.46,N,2.7,K,A*01
$GPGGA,161600.000,2940.8458,N,09524.7641,W,1,05,1.8,10.9,M,-23.7,M,,0000*51
$GPGSA,A,3,21,22,18,14,15,,,,,,,,3.1,1.8,2.5*35
$GPRMC,161600.000,A,2940.8458,N,09524.7641,W,1.46,338.22,200411,,,A*71
$GPVTG,338.22,T,,M,1.46,N,2.7,K,A*03
$GPGGA,161601.000,2940.8462,N,09524.7641,W,1,05,1.8,10.9,M,-23.7,M,,0000*59
$GPGSA,A,3,21,22,18,14,15,,,,,,,,3.1,1.8,2.5*35
$GPRMC,161601.000,A,2940.8462,N,09524.7641,W,1.27,336.87,200411,,,A*7F
$GPVTG,336.87,T,,M,1.27,N,2.4,K,A*06
$GPGGA,161602.000,2940.8466,N,09524.7637,W,1,05,1.8,11.5,M,-23.7,M,,0000*52
$GPGSA,A,3,21,22,18,14,15,,,,,,,,3.1,1.8,2.5*35
$GPGSV,3,1,11,14,58,261,24,18,57,041,36,22,55,336,33,21,46,152,30*79
$GPGSV,3,2,11,09,36,057,41,27,21,044,39,06,21,257,,03,16,267,*7D
$GPGSV,3,3,11,19,15,300,18,15,06,050,37,31,05,195,18*4F
$GPRMC,161602.000,A,2940.8466,N,09524.7637,W,1.01,0.00,200411,,,A*74
$GPVTG,0.00,T,,M,1.01,N,1.9,K,A*05
$GPGGA,161603.000,2940.8471,N,09524.7634,W,1,05,1.8,12.1,M,-23.7,M,,0000*51
$GPGSA,A,3,21,22,18,14,15,,,,,,,,3.1,1.8,2.5*35
$GPRMC,161603.000,A,2940.8471,N,09524.7634,W,1.03,355.29,200411,,,A*7A
$GPVTG,355.29,T,,M,1.03,N,1.9,K,A*0F
$GPGGA,161604.000,2940.8474,N,09524.7630,W,1,05,1.8,12.6,M,-23.7,M,,0000*50
$GPGSA,A,3,21,22,18,14,15,,,,,,,,3.1,1.8,2.5*35
$GPRMC,161604.000,A,2940.8474,N,09524.7630,W,1.11,358.69,200411,,,A*76
$GPVTG,358.69,T,,M,1.11,N,2.1,K,A*0E
$GPGGA,161605.000,2940.8477,N,09524.7627,W,1,05,1.8,13.0,M,-23.7,M,,0000*53
$GPGSA,A,3,21,22,18,14,15,,,,,,,,3.1,1.8,2.5*35
$GPRMC,161605.000,A,2940.8477,N,09524.7627,W,1.02,3.43,200411,,,A*75
$GPVTG,3.43,T,,M,1.02,N,1.9,K,A*02
$GPGGA,161606.000,2940.8480,N,09524.7625,W,1,05,1.8,13.4,M,-23.7,M,,0000*5E
$GPGSA,A,3,21,22,18,14,15,,,,,,,,3.1,1.8,2.5*35
$GPRMC,161606.000,A,2940.8480,N,09524.7625,W,0.94,356.40,200411,,,A*72
$GPVTG,356.40,T,,M,0.94,N,1.7,K,A*02
$GPGGA,161607.000,2940.8482,N,09524.7624,W,1,05,1.8,13.5,M,-23.7,M,,0000*5D
$GPGSA,A,3,21,22,18,14,15,,,,,,,,3.1,1.8,2.5*35
$GPGSV,3,1,11,14,58,261,24,18,57,041,36,22,55,336,34,21,46,152,32*7C
$GPGSV,3,2,11,09,36,057,41,27,21,044,39,06,21,257,,03,16,267,*7D
$GPGSV,3,3,11,19,15,300,17,15,06,050,39,31,05,195,24*41
$GPRMC,161607.000,A,2940.8482,N,09524.7624,W,0.46,57.52,200411,,,A*4E
$GPVTG,57.52,T,,M,0.46,N,0.9,K,A*33
$GPGGA,161608.000,2940.8482,N,09524.7624,W,1,05,1.8,13.6,M,-23.7,M,,0000*51
$GPGSA,A,3,21,22,18,14,15,,,,,,,,3.1,1.8,2.5*35
$GPRMC,161608.000,A,2940.8482,N,09524.7624,W,0.22,106.90,200411,,,A*78
$GPVTG,106.90,T,,M,0.22,N,0.4,K,A*07
$GPGGA,161609.000,2940.8482,N,09524.7625,W,1,05,1.8,13.5,M,-23.7,M,,0000*52
$GPGSA,A,3,21,22,18,14,15,,,,,,,,3.1,1.8,2.5*35
$GPRMC,161609.000,A,2940.8482,N,09524.7625,W,0.27,104.74,200411,,,A*75
$GPVTG,104.74,T,,M,0.27,N,0.5,K,A*0B
$GPGGA,161609.000,2940.8483,N,09524.7625,W,1,05,1.8,13.6,M,-23.7,M,,0000*50
$GPGSA,A,3,21,22,18,14,15,,,,,,,,3.1,1.8,2.5*35
$GPRMC,161609.000,A,2940.8483,N,09524.7625,W,0.34,103.68,200411,,,A*7C
$GPVTG,103.68,T,,M,0.34,N,0.6,K,A*00
$GPGGA,161610.000,2940.8483,N,09524.7626,W,1,05,1.8,13.5,M,-23.7,M,,0000*58
$GPGSA,A,3,21,22,18,14,15,,,,,,,,3.1,1.8,2.5*35
$GPRMC,161610.000,A,2940.8483,N,09524.7626,W,0.28,109.42,200411,,,A*78
$GPVTG,109.42,T,,M,0.28,N,0.5,K,A*0C
$GPGGA,161611.000,2940.8484,N,09524.7625,W,1,05,1.8,13.8,M,-23.7,M,,0000*50
$GPGSA,A,3,21,22,18,14,15,,,,,,,,3.1,1.8,2.5*35
$GPGSV,3,1,11,14,58,261,24,18,57,041,36,22,55,336,34,21,46,152,36*78
$GPGSV,3,2,11,09,36,057,42,27,21,044,39,06,21,257,,03,16,267,*7E
$GPGSV,3,3,11,19,15,300,,15,06,050,39,31,05,195,24*47
$GPRMC,161611.000,A,2940.8484,N,09524.7625,W,0.19,117.51,200411,,,A*72
$GPVTG,117.51,T,,M,0.19,N,0.3,K,A*05
$GPGGA,161612.000,2940.8484,N,09524.7622,W,1,05,1.8,14.2,M,-23.7,M,,0000*59
$GPGSA,A,3,21,22,18,14,15,,,,,,,,3.1,1.8,2.5*35
$GPRMC,161612.000,A,2940.8484,N,09524.7622,W,0.19,115.89,200411,,,A*71
$GPVTG,115.89,T,,M,0.19,N,0.4,K,A*05
$GPGGA,161613.000,2940.8485,N,09524.7620,W,1,05,1.8,14.5,M,-23.7,M,,0000*5C
$GPGSA,A,3,21,22,18,14,15,,,,,,,,3.1,1.8,2.5*35
$GPRMC,161613.000,A,2940.8485,N,09524.7620,W,0.20,99.27,200411,,,A*48
$GPVTG,99.27,T,,M,0.20,N,0.4,K,A*3E
$GPGGA,161614.000,2940.8486,N,09524.7619,W,1,05,1.8,14.8,M,-23.7,M,,0000*5F
$GPGSA,A,3,21,22,18,14,15,,,,,,,,3.1,1.8,2.5*35
$GPRMC,161614.000,A,2940.8486,N,09524.7619,W,0.18,106.45,200411,,,A*7E
$GPVTG,106.45,T,,M,0.18,N,0.3,K,A*01
$GPGGA,161615.000,2940.8486,N,09524.7617,W,1,05,1.8,15.0,M,-23.7,M,,0000*59
$GPGSA,A,3,21,22,18,14,15,,,,,,,,3.1,1.8,2.5*35
$GPRMC,161615.000,A,2940.8486,N,09524.7617,W,0.19,101.88,200411,,,A*76
$GPVTG,101.88,T,,M,0.19,N,0.3,K,A*06
$GPGGA,161616.000,2940.8487,N,09524.7615,W,1,05,1.8,15.1,M,-23.7,M,,0000*58
$GPGSA,A,3,21,22,18,14,15,,,,,,,,3.1,1.8,2.5*35
$GPGSV,3,1,11,14,58,261,25,18,57,041,36,22,55,336,34,21,46,152,35*7A
$GPGSV,3,2,11,09,36,057,42,27,21,044,39,06,21,256,,03,16,267,*7F
$GPGSV,3,3,11,19,15,300,,15,05,050,39,31,05,195,24*44
$GPRMC,161616.000,A,2940.8487,N,09524.7615,W,0.23,106.83,200411,,,A*73
$GPGGA,161617.000,2940.8487,N,09524.7613,W,1,05,1.8,15.0,M,-23.7,M,,0000*5E
$GPGSA,A,3,21,22,18,14,15,,,,,,,,3.1,1.8,2.5*35
$GPRMC,161617.000,A,2940.8487,N,09524.7613,W,0.23,121.14,200411,,,A*7F
$GPVTG,121.14,T,,M,0.23,N,0.4,K,A*0F
$GPGGA,161618.000,2940.8488,N,09524.7613,W,1,05,1.8,15.0,M,-23.7,M,,0000*5E
$GPGSA,A,3,21,22,18,14,15,,,,,,,,3.1,1.8,2.5*35
$GPRMC,161618.000,A,2940.8488,N,09524.7613,W,0.16,280.14,200411,,,A*71
$GPVTG,280.14,T,,M,0.16,N,0.3,K,A*06
$GPGGA,161619.000,2940.8490,N,09524.7616,W,1,05,1.8,14.4,M,-23.7,M,,0000*56
$GPGSA,A,3,21,22,18,14,15,,,,,,,,3.1,1.8,2.5*35
$GPRMC,161619.000,A,2940.8490,N,09524.7616,W,0.39,7.95,200411,,,A*75
$GPVTG,7.95,T,,M,0.39,N,0.7,K,A*0B
$GPGGA,161620.000,2940.8493,N,09524.7618,W,1,04,2.7,14.2,M,-23.7,M,,0000*5A
$GPGSA,A,3,21,22,18,15,,,,,,,,,4.0,2.7,3.0*3E
$GPRMC,161620.000,A,2940.8493,N,09524.7618,W,0.36,320.74,200411,,,A*74
$GPVTG,320.74,T,,M,0.36,N,0.7,K,A*0D
$GPGGA,161621.000,2940.8494,N,09524.7619,W,1,03,7.2,13.8,M,-23.7,M,,0000*57
$GPGSA,A,2,22,18,15,,,,,,,,,,7.3,7.2,1.0*3E
$GPGSV,3,1,11,14,58,261,,18,57,041,36,22,55,336,34,21,46,152,17*7D
$GPGSV,3,2,11,09,36,057,42,27,21,044,40,06,21,256,,03,16,267,*71
$GPGSV,3,3,11,19,15,300,,15,05,050,39,31,05,195,17*44
$GPRMC,161621.000,A,2940.8494,N,09524.7619,W,0.22,17.77,200411,,,A*42
$GPVTG,17.77,T,,M,0.22,N,0.4,K,N*30
$GPGGA,161622.000,2940.8496,N,09524.7620,W,1,04,3.4,13.6,M,-23.7,M,,0000*57
$GPGSA,A,3,22,18,14,15,,,,,,,,,4.2,3.4,2.5*3C
$GPRMC,161622.000,A,2940.8496,N,09524.7620,W,0.75,351.16,200411,,,A*7D
$GPVTG,351.16,T,,M,0.75,N,1.4,K,A*0A
$GPGGA,161623.000,2940.8495,N,09524.7624,W,1,04,3.4,12.7,M,-23.7,M,,0000*51
$GPGSA,A,3,22,18,14,15,,,,,,,,,4.2,3.4,2.5*3C
$GPRMC,161623.000,A,2940.8495,N,09524.7624,W,0.68,10.67,200411,,,A*47
$GPVTG,10.67,T,,M,0.68,N,1.3,K,A*31
$GPGGA,161624.000,2940.8501,N,09524.7634,W,1,05,1.8,11.7,M,-23.7,M,,0000*57
$GPGSA,A,3,21,22,18,14,15,,,,,,,,3.1,1.8,2.5*35
$GPRMC,161624.000,A,2940.8501,N,09524.7634,W,0.28,298.95,200411,,,A*76
$GPVTG,298.95,T,,M,0.28,N,0.5,K,A*0D
$GPGGA,161625.000,2940.8511,N,09524.7645,W,1,05,1.8,10.8,M,-23.7,M,,0000*5F
$GPGSA,A,3,21,22,18,14,15,,,,,,,,3.1,1.8,2.5*35
$GPRMC,161625.000,A,2940.8511,N,09524.7645,W,0.49,265.01,200411,,,A*78
$GPVTG,265.01,T,,M,0.49,N,0.9,K,A*09
$GPGGA,161626.000,2940.8507,N,09524.7651,W,1,05,1.8,9.6,M,-23.7,M,,0000*68
$GPGSA,A,3,21,22,18,14,15,,,,,,,,3.1,1.8,2.5*35
$GPGSV,3,1,11,14,58,261,22,18,57,041,36,22,55,336,34,21,46,152,27*7E
$GPGSV,3,2,11,09,36,057,41,27,21,044,40,06,21,256,,03,16,267,*72
$GPGSV,3,3,11,19,15,300,,15,05,050,39,31,05,195,*42
$GPVTG,334.76,T,,M,0.75,N,1.4,K,A*0F
$GPGGA,161627.000,2940.8502,N,09524.7651,W,1,05,1.8,8.7,M,-23.7,M,,0000*6C
$GPGSA,A,3,21,22,18,14,15,,,,,,,,3.1,1.8,2.5*35
$GPRMC,161627.000,A,2940.8502,N,09524.7651,W,1.02,348.58,200411,,,A*71
$GPVTG,348.58,T,,M,1.02,N,1.9,K,A*04
$GPGGA,161628.000,2940.8504,N,09524.7646,W,1,05,1.8,8.8,M,-23.7,M,,0000*6C
$GPGSA,A,3,21,22,18,14,15,,,,,,,,3.1,1.8,2.5*35
$GPRMC,161628.000,A,2940.8504,N,09524.7646,W,1.53,341.83,200411,,,A*75
$GPVTG,341.83,T,,M,1.53,N,2.8,K,A*0D
$GPGGA,161629.000,2940.8507,N,09524.7643,W,1,05,1.8,8.9,M,-23.7,M,,0000*6A
$GPGSA,A,3,21,22,18,14,15,,,,,,,,3.1,1.8,2.5*35
$GPRMC,161629.000,A,2940.8507,N,09524.7643,W,1.18,351.36,200411,,,A*72
$GPVTG,351.36,T,,M,1.18,N,2.2,K,A*07
$GPGGA,161630.000,2940.8514,N,09524.7643,W,1,05,1.8,8.8,M,-23.7,M,,0000*61
$GPGSA,A,3,21,22,18,14,15,,,,,,,,3.1,1.8,2.5*35
$GPRMC,161630.000,A,2940.8514,N,09524.7643,W,1.07,0.28,200411,,,A*7E
$GPVTG,0.28,T,,M,1.07,N,2.0,K,A*03
$GPGGA,161631.000,2940.8520,N,09524.7646,W,1,05,1.8,8.3,M,-23.7,M,,0000*69
$GPGSA,A,3,21,22,18,14,15,,,,,,,,3.1,1.8,2.5*35
$GPGSV,3,1,11,14,58,261,23,18,57,041,36,22,55,336,28,21,46,152,32*76
$GPGSV,3,2,11,09,36,057,41,27,21,044,33,06,21,256,,03,16,267,*76
$GPGSV,3,3,11,19,15,300,,15,05,050,38,31,05,195,*43
$GPRMC,161631.000,A,2940.8520,N,09524.7646,W,1.02,343.15,200411,,,A*72
$GPVTG,343.15,T,,M,1.02,N,1.9,K,A*06
$GPGGA,161632.000,2940.8522,N,09524.7644,W,1,05,1.8,8.2,M,-23.7,M,,0000*6B
$GPGSA,A,3,21,22,18,14,15,,,,,,,,3.1,1.8,2.5*35
$GPRMC,161632.000,A,2940.8522,N,09524.7644,W,0.69,3.90,200411,,,A*77
$GPVTG,3.90,T,,M,0.69,N,1.3,K,A*0A
$GPGGA,161633.000,2940.8524,N,09524.7648,W,1,05,1.8,7.2,M,-23.7,M,,0000*6F
$GPGSA,A,3,21,22,18,14,15,,,,,,,,3.1,1.8,2.5*35
$GPRMC,161633.000,A,2940.8524,N,09524.7648,W,1.76,334.22,200411,,,A*7D
$GPVTG,334.22,T,,M,1.76,N,3.3,K,A*09
$GPGGA,161634.000,2940.8527,N,09524.7650,W,1,05,1.8,6.4,M,-23.7,M,,0000*65
$GPGSA,A,3,21,22,18,14,15,,,,,,,,3.1,1.8,2.5*35
$GPRMC,161634.000,A,2940.8527,N,09524.7650,W,1.50,327.59,200411,,,A*7A
$GPVTG,327.59,T,,M,1.50,N,2.8,K,A*09
$GPGGA,161635.000,2940.8530,N,09524.7645,W,1,05,1.8,6.8,M,-23.7,M,,0000*6A
$GPGSA,A,3,21,22,18,14,15,,,,,,,,3.1,1.8,2.5*35
$GPRMC,161635.000,A,2940.8530,N,09524.7645,W,1.88,330.89,200411,,,A*77
$GPVTG,330.89,T,,M,1.88,N,3.5,K,A*0B
$GPGGA,161636.000,2940.8531,N,09524.7645,W,1,05,1.8,5.8,M,-23.7,M,,0000*6B
$GPGSA,A,3,21,22,18,14,15,,,,,,,,3.1,1.8,2.5*35
$GPGSV,3,1,11,14,58,261,23,18,57,041,25,22,55,336,22,21,46,152,26*7B
$GPGSV,3,2,11,09,36,057,35,27,21,044,38,06,21,256,,03,16,267,*7E
$GPGSV,3,3,11,19,15,300,,15,05,050,39,31,05,195,*42
$GPRMC,161636.000,A,2940.8531,N,09524.7645,W,0.65,26.49,200411,,,A*4F
$GPVTG,26.49,T,,M,0.65,N,1.2,K,A*34
$GPGGA,161637.000,2940.8532,N,09524.7647,W,1,05,1.8,5.0,M,-23.7,M,,0000*63
$GPGSA,A,3,21,22,18,14,15,,,,,,,,3.1,1.8,2.5*35
$GPRMC,161637.000,A,2940.8532,N,09524.7647,W,0.16,263.26,200411,,,A*71
$GPVTG,263.26,T,,M,0.16,N,0.3,K,A*0A
$GPGGA,161638.000,2940.8531,N,09524.7647,W,1,04,2.7,4.5,M,-23.7,M,,0000*66
$GPGSA,A,3,21,22,18,15,,,,,,,,,4.0,2.7,3.0*3E
$GPRMC,161638.000,A,2940.8531,N,09524.7647,W,0.54,255.21,200411,,,A*79
$GPVTG,255.21,T,,M,0.54,N,1.0,K,A*0C
$GPGGA,161639.000,2940.8536,N,09524.7648,W,1,05,1.8,4.6,M,-23.7,M,,0000*61
$GPGSA,A,3,21,22,18,14,15,,,,,,,,3.1,1.8,2.5*35
$GPRMC,161639.000,A,2940.8536,N,09524.7648,W,0.74,291.94,200411,,,A*74
$GPVTG,291.94,T,,M,0.74,N,1.4,K,A*0C
$GPGGA,161640.000,2940.8550,N,09524.7651,W,1,05,1.8,5.5,M,-23.7,M,,0000*65
$GPGSA,A,3,21,22,18,14,15,,,,,,,,3.1,1.8,2.5*35
$GPRMC,161640.000,A,2940.8550,N,09524.7651,W,0.85,319.65,200411,,,A*73
$GPVTG,319.65,T,,M,0.85,N,1.6,K,A*0F
$GPGGA,161641.000,2940.8559,N,09524.7652,W,1,04,2.7,6.1,M,-23.7,M,,0000*64
$GPGSA,A,3,21,22,18,15,,,,,,,,,4.0,2.7,3.0*3E
$GPGSV,3,1,11,14,58,261,18,18,57,041,25,22,55,336,24,21,46,152,24*77
$GPGSV,3,2,11,09,36,057,33,27,21,044,32,06,21,256,,03,16,267,*72
$GPGSV,3,3,11,19,15,300,,15,05,050,32,31,05,195,*49
$GPRMC,161641.000,A,2940.8559,N,09524.7652,W,0.23,8.48,200411,,,A*78
$GPGGA,161642.000,2940.8568,N,09524.7652,W,1,04,2.7,6.9,M,-23.7,M,,0000*6D
$GPGSA,A,3,21,22,18,15,,,,,,,,,4.0,2.7,3.0*3E
$GPRMC,161642.000,A,2940.8568,N,09524.7652,W,0.84,5.56,200411,,,A*76
$GPVTG,5.56,T,,M,0.84,N,1.6,K,A*00
$GPGGA,161643.000,2940.8576,N,09524.7656,W,1,04,2.7,7.0,M,-23.7,M,,0000*6F
$GPGSA,A,3,21,22,18,15,,,,,,,,,4.0,2.7,3.0*3E
$GPRMC,161643.000,A,2940.8576,N,09524.7656,W,0.61,328.21,200411,,,A*7B
$GPVTG,328.21,T,,M,0.61,N,1.1,K,A*00
$GPGGA,161644.000,2940.8579,N,09524.7658,W,1,04,2.7,7.2,M,-23.7,M,,0000*6B
$GPGSA,A,3,21,22,18,15,,,,,,,,,4.0,2.7,3.0*3E
$GPRMC,161644.000,A,2940.8579,N,09524.7658,W,0.59,306.61,200411,,,A*7E
$GPVTG,306.61,T,,M,0.59,N,1.1,K,A*03
$GPGGA,161645.000,2940.8581,N,09524.7658,W,1,04,2.7,7.7,M,-23.7,M,,0000*68
$GPGSA,A,3,21,22,18,15,,,,,,,,,4.0,2.7,3.0*3E
$GPRMC,161645.000,A,2940.8581,N,09524.7658,W,0.65,259.15,200411,,,A*7F
$GPVTG,259.15,T,,M,0.65,N,1.2,K,A*07
$GPGGA,161646.000,2940.8594,N,09524.7655,W,1,04,2.7,9.9,M,-23.7,M,,0000*62
$GPGSA,A,3,21,22,18,15,,,,,,,,,4.0,2.7,3.0*3E
$GPGSV,3,1,11,14,58,261,17,18,57,041,32,22,55,336,33,21,46,152,25*79
$GPGSV,3,2,11,09,36,057,29,27,21,044,42,06,21,256,17,03,16,267,*78
$GPGSV,3,3,11,19,15,300,,15,05,050,34,31,05,195,*4F
$GPRMC,161646.000,A,2940.8594,N,09524.7655,W,0.15,216.59,200411,,,A*71
$GPVTG,216.59,T,,M,0.15,N,0.3,K,A*03
$GPGGA,161647.000,2940.8604,N,09524.7656,W,1,04,2.7,10.7,M,-23.7,M,,0000*5C
$GPGSA,A,3,21,22,18,15,,,,,,,,,4.0,2.7,3.0*3E
$GPRMC,161647.000,A,2940.8604,N,09524.7656,W,0.09,305.40,200411,,,A*7F
$GPVTG,305.40,T,,M,0.09,N,0.2,K,A*04
$GPGGA,161648.000,2940.8614,N,09524.7656,W,1,04,2.7,11.7,M,-23.7,M,,0000*53
$GPGSA,A,3,21,22,18,15,,,,,,,,,4.0,2.7,3.0*3E
$GPRMC,161648.000,A,2940.8614,N,09524.7656,W,0.26,343.64,200411,,,A*78
$GPVTG,343.64,T,,M,0.26,N,0.5,K,A*0A
$GPGGA,161649.000,2940.8624,N,09524.7654,W,1,04,2.7,13.0,M,-23.7,M,,0000*56
$GPGSA,A,3,21,22,18,15,,,,,,,,,4.0,2.7,3.0*3E
$GPRMC,161649.000,A,2940.8624,N,09524.7654,W,0.38,36.75,200411,,,A*46
$GPVTG,36.75,T,,M,0.38,N,0.7,K,A*36
$GPGGA,161650.000,2940.8633,N,09524.7649,W,1,04,2.7,14.7,M,-23.7,M,,0000*54
$GPGSA,A,3,21,22,18,15,,,,,,,,,4.0,2.7,3.0*3E
$GPRMC,161650.000,A,2940.8633,N,09524.7649,W,0.70,53.86,200411,,,A*47
$GPVTG,53.86,T,,M,0.70,N,1.3,K,A*30
$GPGGA,161651.000,2940.8641,N,09524.7642,W,1,04,2.7,16.5,M,-23.7,M,,0000*5B
$GPGSA,A,3,21,22,18,15,,,,,,,,,4.0,2.7,3.0*3E
$GPGSV,3,1,11,14,58,261,16,18,57,041,27,22,55,336,33,21,46,152,26*7F
$GPGSV,3,2,11,09,36,057,38,27,21,044,41,06,21,256,15,03,16,267,*79
$GPGSV,3,3,11,19,15,300,,15,05,050,38,31,05,195,*43
$GPRMC,161651.000,A,2940.8641,N,09524.7642,W,1.10,62.47,200411,,,A*40
$GPVTG,62.47,T,,M,1.10,N,2.0,K,A*38
$GPGGA,161652.000,2940.8649,N,09524.7636,W,1,04,2.7,18.0,M,-23.7,M,,0000*58
$GPGSA,A,3,21,22,18,15,,,,,,,,,4.0,2.7,3.0*3E
$GPRMC,161652.000,A,2940.8649,N,09524.7636,W,1.27,63.41,200411,,,A*4B
$GPVTG,63.41,T,,M,1.27,N,2.3,K,A*38
$GPGGA,161653.000,2940.8647,N,09524.7630,W,1,04,2.7,18.3,M,-23.7,M,,0000*52
$GPGSA,A,3,21,22,18,15,,,,,,,,,4.0,2.7,3.0*3E
$GPRMC,161653.000,A,2940.8647,N,09524.7630,W,1.12,75.75,200411,,,A*44
$GPVTG,75.75,T,,M,1.12,N,2.1,K,A*3C
$GPGGA,161654.000,2940.8643,N,09524.7626,W,1,04,2.7,18.4,M,-23.7,M,,0000*51
$GPGSA,A,3,21,22,18,15,,,,,,,,,4.0,2.7,3.0*3E
$GPRMC,161654.000,A,2940.8643,N,09524.7626,W,1.36,111.21,200411,,,A*74
$GPVTG,111.21,T,,M,1.36,N,2.5,K,A*0C
$GPGGA,161655.000,2940.8635,N,09524.7624,W,1,05,1.8,17.7,M,-23.7,M,,0000*52
$GPGSA,A,3,21,22,18,14,15,,,,,,,,3.1,1.8,2.5*35
$GPRMC,161655.000,A,2940.8635,N,09524.7624,W,0.77,109.90,200411,,,A*71
$GPVTG,109.90,T,,M,0.77,N,1.4,K,A*09
$GPGGA,161656.000,2940.8637,N,09524.7629,W,1,04,2.7,17.8,M,-23.7,M,,0000*5C
$GPGSA,A,3,21,22,18,15,,,,,,,,,4.0,2.7,3.0*3E
$GPGSV,3,1,11,14,58,261,17,18,57,041,21,22,55,336,20,21,46,152,24*78
$GPGSV,3,2,11,09,36,057,25,27,21,044,25,06,21,256,16,03,16,267,*74
$GPGSV,3,3,11,19,15,300,,15,05,050,26,31,05,195,*4C
$GPRMC,161656.000,A,2940.8637,N,09524.7629,W,0.49,356.39,200411,,,A*7B
$GPVTG,356.39,T,,M,0.49,N,0.9,K,A*03
$GPGGA,161657.000,2940.8632,N,09524.7625,W,1,05,1.8,18.2,M,-23.7,M,,0000*5C
$GPGSA,A,3,21,22,18,14,15,,,,,,,,3.1,1.8,2.5*35
$GPRMC,161657.000,A,2940.8632,N,09524.7625,W,0.13,217.39,200411,,,A*78
$GPVTG,217.39,T,,M,0.13,N,0.2,K,A*03
$GPGGA,161658.000,2940.8625,N,09524.7621,W,1,05,1.8,18.4,M,-23.7,M,,0000*57
$GPGSA,A,3,21,22,18,14,15,,,,,,,,3.1,1.8,2.5*35
$GPRMC,161658.000,A,2940.8625,N,09524.7621,W,0.64,126.63,200411,,,A*7B
$GPVTG,126.63,T,,M,0.64,N,1.2,K,A*0C
$GPGGA,161659.000,2940.8619,N,09524.7617,W,1,04,2.7,18.9,M,-23.7,M,,0000*5C
$GPGSA,A,3,21,22,18,15,,,,,,,,,4.0,2.7,3.0*3E
$GPRMC,161659.000,A,2940.8619,N,09524.7617,W,0.88,109.60,200411,,,A*7C
$GPVTG,109.60,T,,M,0.88,N,1.6,K,A*04
$GPGGA,161700.000,2940.8610,N,09524.7613,W,1,04,2.7,18.9,M,-23.7,M,,0000*5C
$GPGSA,A,3,21,22,18,15,,,,,,,,,4.0,2.7,3.0*3E
$GPRMC,161700.000,A,2940.8610,N,09524.7613,W,1.58,111.96,200411,,,A*70
$GPVTG,111.96,T,,M,1.58,N,2.9,K,A*04
$GPGGA,161701.000,2940.8599,N,09524.7600,W,1,05,1.8,19.3,M,-23.7,M,,0000*5B
$GPGSA,A,3,21,22,18,14,15,,,,,,,,3.1,1.8,2.5*35
$GPGSV,3,1,12,14,58,261,18,18,57,041,22,22,55,336,21,21,46,152,30*73
$GPGSV,3,2,12,09,36,057,25,27,21,044,22,06,21,256,20,03,16,267,*75
$GPGSV,3,3,12,19,15,300,,15,05,050,26,31,05,195,,46,58,184,30*7E
$GPRMC,161701.000,A,2940.8599,N,09524.7600,W,1.70,120.79,200411,,,A*78
$GPVTG,120.79,T,,M,1.70,N,3.1,K,A*04
$GPGGA,161702.000,2940.8589,N,09524.7602,W,1,05,1.8,18.4,M,-23.7,M,,0000*5D
$GPGSA,A,3,21,22,18,14,15,,,,,,,,3.1,1.8,2.5*35
$GPRMC,161702.000,A,2940.8589,N,09524.7602,W,1.59,108.90,200411,,,A*7E
$GPVTG,108.90,T,,M,1.59,N,2.9,K,A*0B
$GPGGA,161703.000,2940.8582,N,09524.7607,W,1,05,1.8,18.3,M,-23.7,M,,0000*55
$GPGSA,A,3,21,22,18,14,15,,,,,,,,3.1,1.8,2.5*35
$GPRMC,161703.000,A,2940.8582,N,09524.7607,W,1.75,106.12,200411,,,A*7B
$GPVTG,106.12,T,,M,1.75,N,3.2,K,A*0B
$GPGGA,161704.000,2940.8573,N,09524.7615,W,1,05,1.8,17.7,M,-23.7,M,,0000*54
$GPGSA,A,3,21,22,18,14,15,,,,,,,,3.1,1.8,2.5*35
$GPRMC,161704.000,A,2940.8573,N,09524.7615,W,1.23,144.86,200411,,,A*79
$GPVTG,144.86,T,,M,1.23,N,2.3,K,A*03
$GPGGA,161705.000,2940.8561,N,09524.7624,W,1,05,1.8,15.9,M,-23.7,M,,0000*58
$GPGSA,A,3,21,22,18,14,15,,,,,,,,3.1,1.8,2.5*35
$GPRMC,161705.000,A,2940.8561,N,09524.7624,W,1.31,151.63,200411,,,A*75
$GPVTG,151.63,T,,M,1.31,N,2.4,K,A*08
$GPGGA,161706.000,2940.8549,N,09524.7636,W,1,05,1.8,13.1,M,-23.7,M,,0000*5C
$GPGSA,A,3,21,22,18,14,15,,,,,,,,3.1,1.8,2.5*35
$GPGSV,3,1,12,14,58,261,34,18,57,041,23,22,55,336,31,21,46,152,32*7F
$GPGSV,3,2,12,09,36,057,25,27,21,044,22,06,21,256,21,03,16,267,*74
$GPGSV,3,3,12,19,15,300,,15,05,050,25,31,05,195,,46,58,184,28*74
$GPRMC,161706.000,A,2940.8549,N,09524.7636,W,1.73,160.76,200411,,,A*7F
$GPVTG,160.76,T,,M,1.73,N,3.2,K,A*0F
$GPGGA,161707.000,2940.8538,N,09524.7645,W,1,05,1.8,10.0,M,-23.7,M,,0000*5D
$GPGSA,A,3,21,22,18,14,15,,,,,,,,3.1,1.8,2.5*35
$GPRMC,161707.000,A,2940.8538,N,09524.7645,W,1.72,161.43,200411,,,A*7A
$GPVTG,161.43,T,,M,1.72,N,3.2,K,A*09
$GPGGA,161708.000,2940.8531,N,09524.7649,W,1,05,1.8,8.2,M,-23.7,M,,0000*6C
$GPGSA,A,3,21,22,18,14,15,,,,,,,,3.1,1.8,2.5*35
$GPRMC,161708.000,A,2940.8531,N,09524.7649,W,1.69,159.61,200411,,,A*71
$GPVTG,159.61,T,,M,1.69,N,3.1,K,A*0B
$GPGGA,161709.000,2940.8523,N,09524.7653,W,1,05,1.8,6.1,M,-23.7,M,,0000*68
$GPGSA,A,3,21,22,18,14,15,,,,,,,,3.1,1.8,2.5*35
$GPRMC,161709.000,A,2940.8523,N,09524.7653,W,1.42,167.15,200411,,,A*7F
$GPVTG,167.15,T,,M,1.42,N,2.6,K,A*0A
$GPGGA,161710.000,2940.8517,N,09524.7655,W,1,05,1.8,4.9,M,-23.7,M,,0000*6B
$GPGSA,A,3,21,22,18,14,15,,,,,,,,3.1,1.8,2.5*35
$GPRMC,161710.000,A,2940.8517,N,09524.7655,W,1.95,177.76,200411,,,A*78
$GPVTG,177.76,T,,M,1.95,N,3.6,K,A*05
$GPGGA,161711.000,2940.8511,N,09524.7656,W,1,05,1.8,4.0,M,-23.7,M,,0000*66
$GPGSA,A,3,21,22,18,14,15,,,,,,,,3.1,1.8,2.5*35
$GPGSV,3,1,12,14,58,261,35,18,57,041,26,22,55,336,32,21,46,152,33*79
$GPGSV,3,2,12,09,36,057,26,27,21,044,22,06,21,256,22,03,16,267,*74
$GPGSV,3,3,12,19,15,300,,15,05,050,25,31,05,195,,46,58,184,26*7A
$GPRMC,161711.000,A,2940.8511,N,09524.7656,W,1.68,170.39,200411,,,A*72
$GPGGA,161712.000,2940.8504,N,09524.7657,W,1,05,1.8,2.8,M,-23.7,M,,0000*6E
$GPGSA,A,3,21,22,18,14,15,,,,,,,,3.1,1.8,2.5*35
$GPRMC,161712.000,A,2940.8504,N,09524.7657,W,1.87,176.85,200411,,,A*74
$GPVTG,176.85,T,,M,1.87,N,3.5,K,A*08
$GPGGA,161713.000,2940.8498,N,09524.7656,W,1,05,1.8,3.6,M,-23.7,M,,0000*65
$GPGSA,A,3,21,22,18,14,15,,,,,,,,3.1,1.8,2.5*35
$GPRMC,161713.000,A,2940.8498,N,09524.7656,W,1.76,163.33,200411,,,A*77
$GPVTG,163.33,T,,M,1.76,N,3.3,K,A*09
$GPGGA,161714.000,2940.8491,N,09524.7658,W,1,05,1.8,3.1,M,-23.7,M,,0000*62
$GPGSA,A,3,21,22,18,14,15,,,,,,,,3.1,1.8,2.5*35
$GPRMC,161714.000,A,2940.8491,N,09524.7658,W,1.65,152.35,200411,,,A*71
$GPVTG,152.35,T,,M,1.65,N,3.1,K,A*0D
$GPGGA,161715.000,2940.8484,N,09524.7659,W,1,05,1.8,2.4,M,-23.7,M,,0000*62
$GPGSA,A,3,21,22,18,14,15,,,,,,,,3.1,1.8,2.5*35
$GPRMC,161715.000,A,2940.8484,N,09524.7659,W,1.87,162.75,200411,,,A*7E
$GPVTG,162.75,T,,M,1.87,N,3.5,K,A*02
$GPGGA,161716.000,2940.8479,N,09524.7663,W,1,05,1.8,0.6,M,-23.7,M,,0000*6A
$GPGSA,A,3,21,22,18,14,15,,,,,,,,3.1,1.8,2.5*35
$GPGSV,3,1,12,14,59,262,35,18,57,042,26,22,55,336,32,21,46,152,33*78
$GPGSV,3,2,12,09,36,057,26,27,21,043,26,06,20,256,21,03,15,267,*76
$GPGSV,3,3,12,19,15,299,,31,05,195,,15,05,050,22,12,00,106,*7E
$GPRMC,161716.000,A,2940.8479,N,09524.7663,W,1.59,176.30,200411,,,A*71
$GPVTG,176.30,T,,M,1.59,N,3.0,K,A*00
$GPGGA,161717.000,2940.8472,N,09524.7666,W,1,05,1.8,-0.9,M,-23.7,M,,0000*47
$GPGSA,A,3,21,22,18,14,15,,,,,,,,3.1,1.8,2.5*35
$GPRMC,161717.000,A,2940.8472,N,09524.7666,W,1.85,174.93,200411,,,A*74
$GPVTG,174.93,T,,M,1.85,N,3.4,K,A*0E
$GPGGA,161718.000,2940.8465,N,09524.7669,W,1,05,1.8,-2.5,M,-23.7,M,,0000*4F
$GPGSA,A,3,21,22,18,14,15,,,,,,,,3.1,1.8,2.5*35
$GPRMC,161718.000,A,2940.8465,N,09524.7669,W,1.99,178.25,200411,,,A*7E
$GPVTG,178.25,T,,M,1.99,N,3.7,K,A*01
$GPGGA,161719.000,2940.8459,N,09524.7668,W,1,05,1.8,-3.3,M,-23.7,M,,0000*47
$GPGSA,A,3,21,22,18,14,15,,,,,,,,3.1,1.8,2.5*35
$GPRMC,161719.000,A,2940.8459,N,09524.7668,W,1.89,164.89,200411,,,A*7B
$GPVTG,164.89,T,,M,1.89,N,3.5,K,A*09
$GPGGA,161720.000,2940.8454,N,09524.7666,W,1,05,1.8,-4.0,M,-23.7,M,,0000*4A
$GPGSA,A,3,21,22,18,14,15,,,,,,,,3.1,1.8,2.5*35
$GPRMC,161720.000,A,2940.8454,N,09524.7666,W,1.90,165.39,200411,,,A*70
$GPVTG,165.39,T,,M,1.90,N,3.5,K,A*0B
$GPGGA,161721.000,2940.8448,N,09524.7668,W,1,05,1.8,-5.2,M,-23.7,M,,0000*4B
$GPGSA,A,3,21,22,18,14,15,,,,,,,,3.1,1.8,2.5*35
$GPGSV,3,1,12,14,59,262,35,18,57,042,26,22,55,336,32,21,46,152,33*78
$GPGSV,3,2,12,09,36,057,24,27,21,043,26,06,20,256,20,03,15,267,17*73
$GPGSV,3,3,12,19,15,299,,31,05,195,,15,05,050,25,12,00,106,*79
$GPRMC,161721.000,A,2940.8448,N,09524.7668,W,1.96,179.60,200411,,,A*75
$GPVTG,179.60,T,,M,1.96,N,3.6,K,A*0F
$GPGGA,161722.000,2940.8441,N,09524.7672,W,1,05,1.8,-7.5,M,-23.7,M,,0000*4F
$GPGSA,A,3,21,22,18,14,15,,,,,,,,3.1,1.8,2.5*35
$GPRMC,161722.000,A,2940.8441,N,09524.7672,W,1.79,177.93,200411,,,A*77
$GPVTG,177.93,T,,M,1.79,N,3.3,K,A*09
$GPGGA,161723.000,2940.8436,N,09524.7673,W,1,05,1.8,-9.1,M,-23.7,M,,0000*45
$GPGSA,A,3,21,22,18,14,15,,,,,,,,3.1,1.8,2.5*35
$GPRMC,161723.000,A,2940.8436,N,09524.7673,W,1.72,169.90,200411,,,A*70
$GPVTG,169.90,T,,M,1.72,N,3.2,K,A*0F
$GPGGA,161724.000,2940.8430,N,09524.7675,W,1,05,1.8,-10.8,M,-23.7,M,,0000*73
$GPGSA,A,3,21,22,18,14,15,,,,,,,,3.1,1.8,2.5*35
$GPRMC,161724.000,A,2940.8430,N,09524.7675,W,1.78,172.83,200411,,,A*75
$GPVTG,172.83,T,,M,1.78,N,3.3,K,A*0C
$GPGGA,161725.000,2940.8423,N,09524.7678,W,1,05,1.8,-11.0,M,-23.7,M,,0000*74
$GPGSA,A,3,21,22,18,14,15,,,,,,,,3.1,1.8,2.5*35
$GPRMC,161725.000,A,2940.8423,N,09524.7678,W,1.73,173.19,200411,,,A*72
$GPVTG,173.19,T,,M,1.73,N,3.2,K,A*04
$GPGGA,161726.000,2940.8417,N,09524.7676,W,1,05,1.8,-9.6,M,-23.7,M,,0000*41
$GPGSA,A,3,21,22,18,14,15,,,,,,,,3.1,1.8,2.5*35
$GPGSV,3,1,12,14,59,262,34,18,57,042,25,22,55,336,31,21,46,152,35*7F
$GPGSV,3,2,12,09,36,057,24,27,21,043,24,06,20,256,20,03,15,267,17*71
$GPGSV,3,3,12,19,15,299,,31,05,195,,15,05,050,25,12,00,106,*79
$GPRMC,161726.000,A,2940.8417,N,09524.7676,W,1.61,166.36,200411,,,A*72
$GPGGA,161727.000,2940.8412,N,09524.7671,W,1,05,1.8,-9.1,M,-23.7,M,,0000*45
$GPGSA,A,3,21,22,18,14,15,,,,,,,,3.1,1.8,2.5*35
$GPRMC,161727.000,A,2940.8412,N,09524.7671,W,1.78,177.71,200411,,,A*7A
$GPVTG,177.71,T,,M,1.78,N,3.3,K,A*04
$GPGGA,161728.000,2940.8405,N,09524.7672,W,1,05,1.8,-10.7,M,-23.7,M,,0000*71
$GPGSA,A,3,21,22,18,14,15,,,,,,,,3.1,1.8,2.5*35
$GPRMC,161728.000,A,2940.8405,N,09524.7672,W,1.71,166.98,200411,,,A*7E
$GPVTG,166.98,T,,M,1.71,N,3.2,K,A*0B
$GPGGA,161729.000,2940.8399,N,09524.7674,W,1,05,1.8,-12.5,M,-23.7,M,,0000*74
$GPGSA,A,3,21,22,18,14,15,,,,,,,,3.1,1.8,2.5*35
$GPRMC,161729.000,A,2940.8399,N,09524.7674,W,1.54,162.44,200411,,,A*79
$GPVTG,162.44,T,,M,1.54,N,2.9,K,A*03
$GPGGA,161730.000,2940.8394,N,09524.7673,W,1,05,1.8,-13.9,M,-23.7,M,,0000*7B
$GPGSA,A,3,21,22,18,14,15,,,,,,,,3.1,1.8,2.5*35
$GPRMC,161730.000,A,2940.8394,N,09524.7673,W,1.44,149.74,200411,,,A*70
$GPVTG,149.74,T,,M,1.44,N,2.7,K,A*06
$GPGGA,161731.000,2940.8390,N,09524.7670,W,1,05,1.8,-15.0,M,-23.7,M,,0000*72
$GPGSA,A,3,21,22,18,14,15,,,,,,,,3.1,1.8,2.5*35
$GPGSV,3,1,12,14,59,262,34,18,57,042,25,22,55,336,31,21,46,152,34*7E
$GPGSV,3,2,12,09,36,057,25,27,21,043,25,06,20,256,19,03,15,267,17*7B
$GPGSV,3,3,12,19,15,299,,31,05,195,,15,05,050,25,12,00,106,*79
$GPRMC,161731.000,A,2940.8390,N,09524.7670,W,1.52,155.25,200411,,,A*78
$GPVTG,155.25,T,,M,1.52,N,2.8,K,A*07
$GPGGA,161732.000,2940.8386,N,09524.7669,W,1,05,1.8,-16.3,M,-23.7,M,,0000*7E
$GPGSA,A,3,21,22,18,14,15,,,,,,,,3.1,1.8,2.5*35
$GPRMC,161732.000,A,2940.8386,N,09524.7669,W,1.70,154.31,200411,,,A*70
$GPVTG,154.31,T,,M,1.70,N,3.2,K,A*08
$GPGGA,161733.000,2940.8379,N,09524.7672,W,1,05,1.8,-18.8,M,-23.7,M,,0000*70
$GPGSA,A,3,21,22,18,14,15,,,,,,,,3.1,1.8,2.5*35
$GPRMC,161733.000,A,2940.8379,N,09524.7672,W,1.83,167.68,200411,,,A*7B
$GPVTG,167.68,T,,M,1.83,N,3.4,K,A*0E
$GPGGA,161734.000,2940.8370,N,09524.7680,W,1,05,1.8,-22.4,M,-23.7,M,,0000*76
$GPGSA,A,3,21,22,18,14,15,,,,,,,,3.1,1.8,2.5*35
$GPRMC,161734.000,A,2940.8370,N,09524.7680,W,2.08,184.79,200411,,,A*75
$GPVTG,184.79,T,,M,2.08,N,3.9,K,A*0E
$GPGGA,161735.000,2940.8364,N,09524.7681,W,1,05,1.8,-23.6,M,-23.7,M,,0000*70
$GPGSA,A,3,21,22,18,14,15,,,,,,,,3.1,1.8,2.5*35
$GPRMC,161735.000,A,2940.8364,N,09524.7681,W,1.99,181.06,200411,,,A*76
$GPVTG,181.06,T,,M,1.99,N,3.7,K,A*06
$GPGGA,161736.000,2940.8360,N,09524.7678,W,1,05,1.8,-23.8,M,-23.7,M,,0000*7F
$GPGSA,A,3,21,22,18,14,15,,,,,,,,3.1,1.8,2.5*35
$GPGSV,3,1,12,14,59,262,34,18,57,042,26,22,55,336,32,21,46,152,34*7E
$GPGSV,3,2,12,09,36,057,31,27,21,043,26,06,20,256,18,03,15,267,17*7C
$GPGSV,3,3,12,19,15,299,,31,05,195,,15,05,050,25,12,00,106,*79
$GPRMC,161736.000,A,2940.8360,N,09524.7678,W,1.87,173.65,200411,,,A*70
$GPVTG,173.65,T,,M,1.87,N,3.5,K,A*03
$GPGGA,161737.000,2940.8355,N,09524.7677,W,1,05,1.8,-24.2,M,-23.7,M,,0000*7A
$GPGSA,A,3,21,22,18,14,15,,,,,,,,3.1,1.8,2.5*35
$GPRMC,161737.000,A,2940.8355,N,09524.7677,W,1.99,182.46,200411,,,A*78
$GPVTG,182.46,T,,M,1.99,N,3.7,K,A*01
$GPGGA,161738.000,2940.8349,N,09524.7677,W,1,05,1.8,-24.8,M,-23.7,M,,0000*72
$GPGSA,A,3,21,22,18,14,15,,,,,,,,3.1,1.8,2.5*35
$GPRMC,161738.000,A,2940.8349,N,09524.7677,W,2.04,193.82,200411,,,A*75
$GPVTG,193.82,T,,M,2.04,N,3.8,K,A*01
$GPGGA,161739.000,2940.8342,N,09524.7678,W,1,05,1.8,-25.2,M,-23.7,M,,0000*7C
$GPGSA,A,3,21,22,18,14,15,,,,,,,,3.1,1.8,2.5*35
$GPRMC,161739.000,A,2940.8342,N,09524.7678,W,2.52,200.93,200411,,,A*7A
$GPVTG,200.93,T,,M,2.52,N,4.7,K,A*03
$GPGGA,161740.000,2940.8340,N,09524.7679,W,1,04,2.7,-22.4,M,-23.7,M,,0000*7D
$GPGSA,A,3,21,22,18,15,,,,,,,,,4.0,2.7,2.9*36
$GPRMC,161740.000,A,2940.8340,N,09524.7679,W,2.02,226.10,200411,,,A*7D
$GPVTG,226.10,T,,M,2.02,N,3.7,K,A*0E
$GPGGA,161741.000,2940.8343,N,09524.7677,W,1,04,2.7,-18.8,M,-23.7,M,,0000*74
$GPGSA,A,3,21,22,18,15,,,,,,,,,4.0,2.7,2.9*36
$GPGSV,3,1,12,14,59,262,13,18,57,042,26,22,55,336,32,21,46,152,20*7E
$GPGSV,3,2,12,09,36,057,29,27,21,043,27,06,20,256,11,03,15,267,16*7C
$GPGSV,3,3,12,19,15,299,,31,05,195,,15,05,050,28,12,00,106,*74
$GPRMC,161741.000,A,2940.8343,N,09524.7677,W,1.21,243.91,200411,,,A*79
$GPGGA,161742.000,2940.8341,N,09524.7681,W,1,04,2.7,-18.0,M,-23.7,M,,0000*74
$GPGSA,A,3,21,22,18,15,,,,,,,,,4.0,2.7,2.9*36
$GPRMC,161742.000,A,2940.8341,N,09524.7681,W,1.28,208.44,200411,,,A*7F
$GPVTG,208.44,T,,M,1.28,N,2.4,K,A*0A
$GPGGA,161743.000,2940.8329,N,09524.7685,W,1,04,2.7,-18.5,M,-23.7,M,,0000*7A
$GPGSA,A,3,21,22,18,15,,,,,,,,,4.0,2.7,2.9*36
$GPRMC,161743.000,A,2940.8329,N,09524.7685,W,2.84,203.11,200411,,,A*7A
$GPVTG,203.11,T,,M,2.84,N,5.3,K,A*04
$GPGGA,161744.000,2940.8322,N,09524.7689,W,6,00,50.0,-19.2,M,-23.7,M,,0000*4F
$GPGSA,A,2,,,,,,,,,,,,,50.0,50.0,50.0*06
$GPRMC,161744.000,A,2940.8322,N,09524.7689,W,2.84,203.11,200411,,,E*7E
$GPVTG,203.11,T,,M,2.84,N,5.3,K,N*0B
$GPGGA,161745.000,2940.8294,N,09524.7691,W,1,03,4.7,-18.4,M,-23.7,M,,0000*7E
$GPGSA,A,2,21,18,15,,,,,,,,,,4.8,4.7,1.0*33
$GPRMC,161745.000,A,2940.8294,N,09524.7691,W,6.19,189.44,200411,,,A*7F
$GPVTG,189.44,T,,M,6.19,N,11.5,K,N*39
$GPGGA,161746.000,2940.8263,N,09524.7689,W,1,03,4.7,-17.2,M,-23.7,M,,0000*75
$GPGSA,A,2,21,18,15,,,,,,,,,,4.8,4.7,1.0*33
$GPGSV,3,1,12,14,59,262,12,18,57,042,17,22,55,336,16,21,46,152,20*7B
$GPGSV,3,2,12,09,36,057,19,27,21,043,26,06,20,256,,03,15,267,14*7C
$GPGSV,3,3,12,19,15,299,,31,05,195,,15,05,050,30,12,00,106,*7D
$GPRMC,161746.000,A,2940.8263,N,09524.7689,W,7.63,179.78,200411,,,A*71
$GPVTG,179.78,T,,M,7.63,N,14.1,K,A*3B
$GPGGA,161747.000,2940.8224,N,09524.7669,W,1,04,2.7,-16.1,M,-23.7,M,,0000*7A
$GPGSA,A,3,21,22,18,15,,,,,,,,,4.0,2.7,2.9*36
$GPRMC,161747.000,A,2940.8224,N,09524.7669,W,9.32,178.81,200411,,,A*70
$GPVTG,178.81,T,,M,9.32,N,17.3,K,A*37
$GPGGA,161748.000,2940.8222,N,09524.7667,W,1,03,4.7,-15.7,M,-23.7,M,,0000*79
$GPGSA,A,2,21,18,15,,,,,,,,,,4.8,4.7,1.0*33
$GPRMC,161748.000,A,2940.8222,N,09524.7667,W,6.12,184.37,200411,,,A*74
$GPVTG,184.37,T,,M,6.12,N,11.3,K,N*3D
$GPGGA,161749.000,2940.8211,N,09524.7671,W,1,03,4.7,-16.5,M,-23.7,M,,0000*7E
$GPGSA,A,2,21,18,15,,,,,,,,,,4.8,4.7,1.0*33
$GPRMC,161749.000,A,2940.8211,N,09524.7671,W,5.49,198.03,200411,,,A*75
$GPVTG,198.03,T,,M,5.49,N,10.2,K,N*3A
$GPGGA,161750.000,2940.8209,N,09524.7684,W,1,03,4.7,-17.3,M,-23.7,M,,0000*72
$GPGSA,A,2,21,18,15,,,,,,,,,,4.8,4.7,1.0*33
$GPRMC,161750.000,A,2940.8209,N,09524.7684,W,4.73,227.29,200411,,,A*79
$GPVTG,227.29,T,,M,4.73,N,8.8,K,N*0E
$GPGGA,161751.000,2940.8200,N,09524.7695,W,6,00,50.0,-17.5,M,-23.7,M,,0000*4E
$GPGSA,A,2,,,,,,,,,,,,,50.0,50.0,50.0*06
$GPGSV,3,1,12,14,59,262,11,18,57,042,16,22,55,336,,21,46,152,08*74
$GPGSV,3,2,12,09,36,057,21,27,21,043,25,06,20,256,,03,15,267,14*74
$GPGSV,3,3,12,19,15,299,,31,05,195,,15,05,050,29,12,00,106,*75
$GPRMC,161751.000,A,2940.8200,N,09524.7695,W,4.73,227.29,200411,,,E*75
$GPVTG,227.29,T,,M,4.73,N,8.8,K,N*0E
$GPGGA,161752.000,2940.8201,N,09524.7691,W,1,03,7.1,-16.6,M,-23.7,M,,0000*7D
$GPGSA,A,2,22,18,15,,,,,,,,,,7.1,7.1,1.0*3F
$GPRMC,161752.000,A,2940.8201,N,09524.7691,W,3.13,222.67,200411,,,A*79
$GPVTG,222.67,T,,M,3.13,N,5.8,K,N*0D
$GPGGA,161753.000,2940.8168,N,09524.7646,W,1,03,7.1,-14.6,M,-23.7,M,,0000*78
$GPGSA,A,2,22,18,15,,,,,,,,,,7.1,7.1,1.0*3F
$GPRMC,161753.000,A,2940.8168,N,09524.7646,W,5.52,163.22,200411,,,A*7A
$GPVTG,163.22,T,,M,5.52,N,10.2,K,N*37
$GPGGA,161754.000,2940.8136,N,09524.7609,W,1,03,7.1,-12.1,M,-23.7,M,,0000*7E
$GPGSA,A,2,22,18,15,,,,,,,,,,7.1,7.1,1.0*3F
$GPRMC,161754.000,A,2940.8136,N,09524.7609,W,8.04,153.82,200411,,,A*7A
$GPVTG,153.82,T,,M,8.04,N,14.9,K,N*3F
$GPGGA,161755.000,2940.8116,N,09524.7598,W,6,00,50.0,-11.9,M,-23.7,M,,0000*4A
$GPGSA,A,2,,,,,,,,,,,,,50.0,50.0,50.0*06
$GPRMC,161755.000,A,2940.8116,N,09524.7598,W,8.04,153.82,200411,,,E*76
$GPVTG,153.82,T,,M,8.04,N,14.9,K,N*3F
$GPGGA,161756.000,2940.8096,N,09524.7587,W,6,00,50.0,-11.8,M,-23.7,M,,0000*4F
$GPGSA,A,2,,,,,,,,,,,,,50.0,50.0,50.0*06
$GPGSV,3,1,12,14,59,262,,18,57,042,15,22,55,336,,21,46,152,*7F
$GPGSV,3,2,12,09,36,057,17,27,21,043,23,06,20,256,,03,15,267,*72
$GPGSV,3,3,12,19,15,299,,31,05,195,,15,05,050,25,12,00,106,*79
$GPRMC,161756.000,A,2940.8096,N,09524.7587,W,8.04,153.82,200411,,,E*72
$GPGGA,161757.000,2940.8075,N,09524.7575,W,6,00,50.0,-11.6,M,-23.7,M,,0000*40
$GPGSA,A,2,,,,,,,,,,,,,50.0,50.0,50.0*06
$GPRMC,161757.000,A,2940.8075,N,09524.7575,W,8.04,153.82,200411,,,E*73
$GPVTG,153.82,T,,M,8.04,N,14.9,K,N*3F
$GPGGA,161758.000,2940.8055,N,09524.7564,W,6,00,50.0,-11.5,M,-23.7,M,,0000*4E
$GPGSA,A,2,,,,,,,,,,,,,50.0,50.0,50.0*06
$GPRMC,161758.000,A,2940.8055,N,09524.7564,W,8.04,153.82,200411,,,E*7E
$GPVTG,153.82,T,,M,8.04,N,14.9,K,N*3F
$GPGGA,161759.000,2940.8035,N,09524.7553,W,6,00,50.0,-11.3,M,-23.7,M,,0000*4B
$GPGSA,A,2,,,,,,,,,,,,,50.0,50.0,50.0*06
$GPRMC,161759.000,A,2940.8035,N,09524.7553,W,8.04,153.82,200411,,,E*7D
$GPVTG,153.82,T,,M,8.04,N,14.9,K,N*3F
$GPGGA,161800.000,2940.8015,N,09524.7541,W,6,00,50.0,-11.2,M,-23.7,M,,0000*48
$GPGSA,A,2,,,,,,,,,,,,,50.0,50.0,50.0*06
$GPRMC,161800.000,A,2940.8015,N,09524.7541,W,8.04,153.82,200411,,,E*7F
$GPVTG,153.82,T,,M,8.04,N,14.9,K,N*3F
$GPGGA,161801.000,2940.7995,N,09524.7530,W,6,00,50.0,-11.0,M,-23.7,M,,0000*43
$GPGSA,A,2,,,,,,,,,,,,,50.0,50.0,50.0*06
$GPGSV,3,1,12,14,59,262,,18,57,042,,22,55,336,,21,46,152,*7B
$GPGSV,3,2,12,09,36,057,12,27,21,043,13,06,20,256,,03,15,267,*74
$GPGSV,3,3,12,19,15,299,,31,05,195,,15,05,050,17,12,00,106,*78
$GPRMC,161801.000,A,2940.7995,N,09524.7530,W,8.04,153.82,200411,,,E*76
$GPVTG,153.82,T,,M,8.04,N,14.9,K,N*3F
$GPGGA,161802.000,2940.7975,N,09524.7519,W,6,00,50.0,-10.9,M,-23.7,M,,0000*4D
$GPGSA,A,2,,,,,,,,,,,,,50.0,50.0,50.0*06
$GPRMC,161802.000,A,2940.7975,N,09524.7519,W,8.04,153.82,200411,,,E*70
$GPVTG,153.82,T,,M,8.04,N,14.9,K,N*3F
$GPGGA,161803.000,2940.7955,N,09524.7507,W,6,00,50.0,-10.7,M,-23.7,M,,0000*4F
$GPGSA,A,2,,,,,,,,,,,,,50.0,50.0,50.0*06
$GPRMC,161803.000,A,2940.7955,N,09524.7507,W,8.04,153.82,200411,,,E*7C
$GPVTG,153.82,T,,M,8.04,N,14.9,K,N*3F
$GPGGA,161804.000,2940.7935,N,09524.7496,W,6,00,50.0,-10.6,M,-23.7,M,,0000*46
$GPGSA,A,2,,,,,,,,,,,,,50.0,50.0,50.0*06
$GPRMC,161804.000,A,2940.7935,N,09524.7496,W,8.04,153.82,200411,,,E*74
$GPVTG,153.82,T,,M,8.04,N,14.9,K,N*3F
$GPGGA,161805.000,2940.7915,N,09524.7485,W,6,00,50.0,-10.4,M,-23.7,M,,0000*45
$GPGSA,A,2,,,,,,,,,,,,,50.0,50.0,50.0*06
$GPRMC,161805.000,A,2940.7915,N,09524.7485,W,8.04,153.82,200411,,,E*75
$GPVTG,153.82,T,,M,8.04,N,14.9,K,N*3F
$GPGGA,161806.000,2940.7895,N,09524.7473,W,6,00,50.0,-10.3,M,-23.7,M,,0000*41
$GPGSA,A,2,,,,,,,,,,,,,50.0,50.0,50.0*06
$GPGSV,3,1,12,14,59,262,,18,57,042,,22,55,336,,21,46,152,*7B
$GPGSV,3,2,12,09,36,057,,27,21,043,,06,20,256,,03,15,267,*75
$GPGSV,3,3,12,19,15,299,,31,05,195,,15,05,050,14,12,00,106,*7B
$GPVTG,153.82,T,,M,8.04,N,14.9,K,N*3F
$GPGGA,161807.000,2940.7874,N,09524.7462,W,6,00,50.0,-10.1,M,-23.7,M,,0000*4D
$GPGSA,A,2,,,,,,,,,,,,,50.0,50.0,50.0*06
$GPRMC,161807.000,A,2940.7874,N,09524.7462,W,8.04,153.82,200411,,,E*78
$GPVTG,153.82,T,,M,8.04,N,14.9,K,N*3F
$GPGGA,161808.000,2940.7854,N,09524.7451,W,6,00,50.0,-10.0,M,-23.7,M,,0000*41
$GPGSA,A,2,,,,,,,,,,,,,50.0,50.0,50.0*06
$GPRMC,161808.000,A,2940.7854,N,09524.7451,W,8.04,153.82,200411,,,E*75
$GPVTG,153.82,T,,M,8.04,N,14.9,K,N*3F
                                                                                                                              
                                                                                             