$ADVER,3080,2.2
$GPRMC,194729.535,A,3748.7735,N,12217.8030,W,3.24,119.33,070611,,,A*70
$GPGGA,194739.535,3748.7655,N,12217.7935,W,1,03,4.7,25.1,M,-25.1,M,,0000*57
$GPGSA,A,2,16,20,32,,,,,,,,,,4.8,4.7,1.0*39
$GPGSV,3,1,12,16,43,057,28,20,34,179,40,32,17,160,40,23,73,018,33*76
$GPGSV,3,2,12,25,69,319,,13,61,333,27,07,35,260,29,10,30,309,21*7E
$GPGSV,3,3,12,03,15,116,35,06,13,095,29,24,11,268,,04,08,257,*78
$GPRMC,194739.535,A,3748.7655,N,12217.7935,W,3.36,124.03,070611,,,A*7B
$GPVTG,124.03,T,,M,3.36,N,6.2,K,N*04
$GPGGA,194749.535,3748.7639,N,12217.7820,W,1,03,4.7,25.1,M,-25.1,M,,0000*5F
$GPGSA,A,2,16,20,32,,,,,,,,,,4.8,4.7,1.0*39
$GPGSV,3,1,12,16,43,057,31,20,34,179,39,32,16,160,31,23,73,018,33*77
$GPGSV,3,2,12,25,69,320,,13,61,333,27,07,35,260,26,10,30,309,20*7A
$GPGSV,3,3,12,03,15,116,23,06,13,095,26,24,11,268,,04,08,257,*70
$GPRMC,194749.535,A,3748.7639,N,12217.7820,W,3.64,120.21,070611,,,A*70
$GPVTG,120.21,T,,M,3.64,N,6.7,K,N*02
$GPGGA,194809.535,3748.7376,N,12217.7668,W,1,03,4.7,25.1,M,-25.1,M,,0000*58
$GPGSA,A,2,16,20,32,,,,,,,,,,4.8,4.7,1.0*39
$GPGSV,3,1,12,16,43,057,21,20,34,179,40,32,16,160,41,23,73,018,32*7E
$GPGSV,3,2,12,25,69,320,,13,61,333,28,07,35,260,31,10,30,309,19*79
$GPGSV,3,3,12,03,15,116,26,06,13,095,21,24,11,268,,04,08,257,*72
$GPVTG,121.92,T,,M,3.58,N,6.6,K,N*05
$GPGGA,194819.535,3748.7341,N,12217.7571,W,1,03,4.7,25.1,M,-25.1,M,,0000*56
$GPGSA,A,2,16,20,32,,,,,,,,,,4.8,4.7,1.0*39
$GPGSV,3,1,12,16,43,057,20,20,34,179,40,32,16,160,40,23,73,019,34*79
$GPGSV,3,2,12,25,69,321,,13,61,333,28,07,35,260,31,10,31,309,19*79
$GPGSV,3,3,12,03,15,116,21,06,13,095,,24,11,268,,04,08,257,*76
$GPRMC,194819.535,A,3748.7341,N,12217.7571,W,3.01,114.04,070611,,,A*7A
$GPVTG,114.04,T,,M,3.01,N,5.6,K,N*03
$GPGGA,194829.535,3748.7411,N,12217.7385,W,1,03,4.7,25.1,M,-25.1,M,,0000*5A
$GPGSA,A,2,16,20,32,,,,,,,,,,4.8,4.7,1.0*39
$GPGSV,3,1,12,16,43,057,29,20,34,179,30,32,16,160,35,23,73,019,34*75
$GPGSV,3,2,12,25,69,321,,13,61,333,27,07,35,260,31,10,31,309,22*7E
$GPGSV,3,3,12,03,15,116,33,06,13,095,,24,11,268,,04,08,257,*75
$GPRMC,194829.535,A,3748.7411,N,12217.7385,W,3.57,115.99,070611,,,A*70
$GPVTG,115.99,T,,M,3.57,N,6.6,K,N*06
$GPGGA,194839.535,3748.7353,N,12217.7348,W,1,03,4.7,25.1,M,-25.1,M,,0000*5B
$GPGSA,A,2,16,20,32,,,,,,,,,,4.8,4.7,1.0*39
$GPGSV,3,1,12,16,43,057,30,20,34,179,33,32,16,160,37,23,73,019,33*7B
$GPGSV,3,2,12,25,69,321,,13,61,333,24,07,35,260,25,10,31,309,23*79
$GPGSV,3,3,12,03,15,116,33,06,13,095,,24,11,268,,04,08,257,*75
$GPRMC,194839.535,A,3748.7353,N,12217.7348,W,4.19,116.68,070611,,,A*71
$GPVTG,116.68,T,,M,4.19,N,7.8,K,N*09
$GPGGA,194849.535,3748.7299,N,12217.7245,W,1,03,4.7,25.1,M,-25.1,M,,0000*57
$GPGSA,A,2,16,20,32,,,,,,,,,,4.8,4.7,1.0*39
$GPGSV,3,1,12,16,43,057,30,20,34,179,37,32,16,160,39,23,73,019,33*71
$GPGSV,3,2,12,25,69,321,,13,61,333,25,07,35,260,24,10,31,309,19*70
$GPGSV,3,3,12,03,15,116,37,06,13,095,,24,11,268,,04,08,257,*71
$GPRMC,194849.535,A,3748.7299,N,12217.7245,W,2.56,125.63,070611,,,A*7B
$GPVTG,125.63,T,,M,2.56,N,4.7,K,N*03
$GPGGA,194859.535,3748.7266,N,12217.7161,W,1,03,4.7,25.1,M,-25.1,M,,0000*53
$GPGSA,A,2,16,20,32,,,,,,,,,,4.8,4.7,1.0*39
$GPGSV,3,1,12,16,43,057,28,20,34,179,39,32,16,160,33,23,73,019,33*7C
$GPGSV,3,2,12,25,69,321,,13,61,333,27,07,35,260,31,10,31,309,19*76
$GPGSV,3,3,12,03,15,116,37,06,13,095,35,24,11,268,,04,08,257,*77
$GPVTG,113.50,T,,M,4.29,N,7.9,K,N*05
$GPGGA,194909.535,3748.7334,N,12217.7075,W,1,03,4.7,25.1,M,-25.1,M,,0000*55
$GPGSA,A,2,16,20,32,,,,,,,,,,4.8,4.7,1.0*39
$GPGSV,3,1,12,16,43,057,36,20,34,179,30,32,16,160,34,23,73,019,35*7B
$GPGSV,3,2,12,25,69,321,,13,61,333,29,07,35,260,23,10,31,309,24*75
$GPGSV,3,3,12,03,15,116,36,06,13,095,35,24,11,268,,04,08,257,*76
$GPRMC,194909.535,A,3748.7334,N,12217.7075,W,3.15,21.52,070611,,,A*48
$GPVTG,21.52,T,,M,3.15,N,5.8,K,N*3C
$GPGGA,194919.535,3748.7403,N,12217.6986,W,1,03,4.7,25.1,M,-25.1,M,,0000*53
$GPGSA,A,2,16,20,32,,,,,,,,,,4.8,4.7,1.0*39
$GPGSV,3,1,12,16,42,056,38,20,33,178,28,32,16,160,32,23,73,021,35*77
$GPGSV,3,2,12,25,69,322,,13,61,334,31,07,35,261,23,10,31,309,28*75
$GPGSV,3,3,12,03,16,115,37,06,14,095,38,24,11,267,,04,08,257,*72
$GPRMC,194919.535,A,3748.7403,N,12217.6986,W,3.56,38.88,070611,,,A*46
$GPVTG,38.88,T,,M,3.56,N,6.6,K,N*39
$GPGGA,194929.000,3748.7592,N,12217.7190,W,1,04,4.5,-17.9,M,-25.1,M,,0000*75
$GPGSA,A,3,16,23,20,32,,,,,,,,,4.6,4.5,1.0*35
$GPGSV,3,1,12,23,65,078,32,16,42,056,36,20,33,178,24,32,16,160,32*79
$GPGSV,3,2,12,25,69,322,,13,61,334,34,07,36,261,22,10,31,309,21*7B
$GPGSV,3,3,12,03,16,115,32,06,14,095,32,24,11,267,,04,08,257,*7D
$GPRMC,194929.000,A,3748.7592,N,12217.7190,W,3.25,351.84,070611,,,A*75
$GPVTG,351.84,T,,M,3.25,N,6.0,K,A*04
$GPGGA,194939.000,3748.7633,N,12217.7052,W,1,04,4.5,-6.8,M,-25.1,M,,0000*42
$GPGSA,A,3,16,23,20,32,,,,,,,,,4.6,4.5,1.0*35
$GPGSV,3,1,12,23,65,078,31,16,42,056,38,20,33,178,27,32,16,160,30*75
$GPGSV,3,2,12,25,69,322,,13,61,334,33,07,36,261,20,10,31,309,27*78
$GPGSV,3,3,12,03,16,115,35,06,14,095,38,24,11,267,,04,08,257,*70
$GPRMC,194939.000,A,3748.7633,N,12217.7052,W,3.16,16.35,070611,,,A*49
$GPVTG,16.35,T,,M,3.16,N,5.8,K,A*35
$GPGGA,194949.000,3748.7694,N,12217.6962,W,1,04,4.5,-3.4,M,-25.1,M,,0000*4A
$GPGSA,A,3,16,23,20,32,,,,,,,,,4.6,4.5,1.0*35
$GPGSV,3,1,12,25,69,323,,23,65,079,36,13,61,334,32,16,42,056,39*73
$GPGSV,3,2,12,07,36,261,22,20,33,178,25,10,31,309,26,03,16,115,37*7F
$GPGSV,3,3,12,32,16,160,33,06,14,094,34,24,11,267,,04,08,257,*7B
$GPRMC,194949.000,A,3748.7694,N,12217.6962,W,3.35,46.51,070611,,,A*4E
$GPVTG,46.51,T,,M,3.35,N,6.2,K,A*3A
$GPGGA,194959.000,3748.7757,N,12217.6881,W,1,04,4.5,-2.2,M,-25.1,M,,0000*4E
$GPGSA,A,3,16,23,20,32,,,,,,,,,4.6,4.5,1.0*35
$GPGSV,3,1,12,25,69,323,,23,65,079,36,13,61,334,,16,42,056,39*72
$GPGSV,3,2,12,07,36,261,26,20,33,178,33,10,31,309,24,03,16,115,28*70
$GPGSV,3,3,12,32,16,160,33,06,14,094,36,24,11,267,,04,08,257,*79
$GPVTG,34.07,T,,M,3.13,N,5.8,K,A*31
$GPGGA,195009.000,3748.7816,N,12217.6768,W,1,04,4.5,2.1,M,-25.1,M,,0000*6F
$GPGSA,A,3,16,23,20,32,,,,,,,,,4.7,4.5,1.0*34
$GPGSV,3,1,12,25,69,323,,23,65,079,36,13,61,334,33,16,42,056,39*72
$GPGSV,3,2,12,07,36,261,21,20,33,178,27,10,31,309,24,03,16,115,40*7C
$GPGSV,3,3,12,32,16,160,24,06,14,094,32,24,11,267,,04,08,257,*7B
$GPRMC,195009.000,A,3748.7816,N,12217.6768,W,2.42,63.53,070611,,,A*46
$GPVTG,63.53,T,,M,2.42,N,4.5,K,A*3B
$GPGGA,195019.000,3748.7874,N,12217.6685,W,1,04,4.6,4.9,M,-25.1,M,,0000*65
$GPGSA,A,3,16,23,20,32,,,,,,,,,4.7,4.6,1.0*37
$GPGSV,3,1,12,25,69,323,,23,65,079,36,13,62,334,33,16,42,056,39*71
$GPGSV,3,2,12,07,36,261,26,20,33,178,29,10,31,308,17,03,16,115,39*7A
$GPGSV,3,3,12,32,15,160,33,06,14,094,35,24,11,267,,04,08,256,*78
$GPRMC,195019.000,A,3748.7874,N,12217.6685,W,3.04,29.68,070611,,,A*44
$GPVTG,29.68,T,,M,3.04,N,5.6,K,A*3C
$GPGGA,195029.000,3748.7920,N,12217.6656,W,1,05,2.5,6.4,M,-25.1,M,,0000*63
$GPGSA,A,3,13,16,23,20,32,,,,,,,,4.6,2.5,3.9*3A
$GPGSV,3,1,12,25,69,323,,13,65,342,34,23,64,079,36,16,42,056,39*71
$GPGSV,3,2,12,07,36,261,25,20,33,178,24,10,31,308,28,03,16,115,32*73
$GPGSV,3,3,12,32,15,160,26,06,14,094,24,24,10,267,,04,08,256,*7D
$GPRMC,195029.000,A,3748.7920,N,12217.6656,W,0.00,10.23,070611,,,A*4B
$GPVTG,10.23,T,,M,0.00,N,0.0,K,A*3D
$GPGGA,195039.000,3748.7920,N,12217.6656,W,1,05,2.5,6.4,M,-25.1,M,,0000*62
$GPGSA,A,3,13,16,23,20,32,,,,,,,,4.6,2.5,3.9*3A
$GPGSV,3,1,12,25,69,323,,13,65,342,33,23,64,079,35,16,42,056,38*74
$GPGSV,3,2,12,07,36,261,25,20,33,178,33,10,31,308,20,03,16,115,32*7D
$GPGSV,3,3,12,32,15,160,28,06,14,094,24,24,10,267,,04,08,256,*73
$GPRMC,195039.000,A,3748.7920,N,12217.6656,W,0.00,10.23,070611,,,A*4A
$GPVTG,10.23,T,,M,0.00,N,0.0,K,A*3D
$GPGGA,195049.000,3748.8010,N,12217.6585,W,1,05,2.5,9.5,M,-25.1,M,,0000*63
$GPGSA,A,3,13,16,23,20,32,,,,,,,,4.6,2.5,3.9*3A
$GPGSV,3,1,12,25,69,324,,13,65,342,32,23,64,080,36,16,42,056,39*76
$GPGSV,3,2,12,07,36,261,19,20,33,178,26,10,31,308,26,03,16,115,37*75
$GPGSV,3,3,12,32,15,160,35,06,14,094,17,24,10,267,,04,08,256,*7F
$GPRMC,195049.000,A,3748.8010,N,12217.6585,W,3.12,29.05,070611,,,A*4B
$GPVTG,29.05,T,,M,3.12,N,5.8,K,A*3E
$GPGGA,195059.000,3748.8072,N,12217.6505,W,1,05,2.5,7.8,M,-25.1,M,,0000*6D
$GPGSA,A,3,13,16,23,20,32,,,,,,,,4.6,2.5,3.8*3B
$GPGSV,3,1,12,25,69,324,,13,65,342,31,23,64,080,36,16,42,056,38*74
$GPGSV,3,2,12,07,36,261,25,20,33,178,31,10,31,308,28,03,16,115,*76
$GPGSV,3,3,12,32,15,160,33,06,14,094,15,24,10,267,,04,08,256,*7B
$GPVTG,25.56,T,,M,3.20,N,5.9,K,A*34
$GPGGA,195109.000,3748.8143,N,12217.6442,W,1,05,2.5,7.9,M,-25.1,M,,0000*69
$GPGSA,A,3,13,16,23,20,32,,,,,,,,4.6,2.5,3.8*3B
$GPGSV,3,1,12,25,69,324,,13,65,342,32,23,64,080,36,16,42,056,38*77
$GPGSV,3,2,12,07,36,261,25,20,33,178,28,10,31,308,28,03,16,115,*7E
$GPGSV,3,3,12,32,15,160,23,06,14,094,15,24,10,267,,04,08,256,*7A
$GPRMC,195109.000,A,3748.8143,N,12217.6442,W,3.27,31.09,070611,,,A*40
$GPVTG,31.09,T,,M,3.27,N,6.1,K,A*37
$GPGGA,195118.000,3748.8228,N,12217.6391,W,1,04,2.5,5.9,M,-25.1,M,,0000*6D
$GPGSA,A,3,13,16,23,20,,,,,,,,,5.5,2.5,4.9*3E
$GPGSV,3,1,12,25,69,325,,13,65,342,32,23,64,080,37,16,42,055,39*75
$GPGSV,3,2,12,07,36,262,24,20,32,178,30,10,31,308,24,03,16,115,*78
$GPGSV,3,3,12,32,15,160,15,06,14,094,15,24,10,266,,04,08,256,*7E
$GPRMC,195118.000,A,3748.8228,N,12217.6391,W,3.01,37.50,070611,,,A*49
$GPVTG,37.50,T,,M,3.01,N,5.6,K,A*3D
$GPGGA,195128.000,3748.8250,N,12217.6373,W,1,05,2.5,4.5,M,-25.1,M,,0000*61
$GPGSA,A,3,13,16,23,20,32,,,,,,,,4.6,2.5,3.8*3B
$GPGSV,3,1,12,25,69,325,,13,65,342,30,23,64,080,34,16,42,055,33*7E
$GPGSV,3,2,12,07,36,262,31,20,32,178,35,10,31,308,18,03,16,115,*76
$GPGSV,3,3,12,32,15,160,14,06,14,094,17,24,10,266,,04,08,256,*7D
$GPRMC,195128.000,A,3748.8250,N,12217.6373,W,0.00,80.19,070611,,,A*4A
$GPVTG,80.19,T,,M,0.00,N,0.0,K,A*3D
$GPGGA,195138.000,3748.8250,N,12217.6373,W,1,04,2.5,4.5,M,-25.1,M,,0000*61
$GPGSA,A,3,13,16,23,20,,,,,,,,,5.5,2.5,4.9*3E
$GPGSV,3,1,12,25,69,325,,13,65,342,14,23,64,080,28,16,42,055,34*72
$GPGSV,3,2,12,07,36,262,30,20,32,178,30,10,31,308,08,03,16,115,*73
$GPGSV,3,3,12,32,15,160,,06,14,094,17,24,10,266,,04,08,256,*78
$GPRMC,195138.000,A,3748.8250,N,12217.6373,W,0.00,80.19,070611,,,A*4B
$GPVTG,80.19,T,,M,0.00,N,0.0,K,A*3D
$GPGGA,195148.000,3748.8287,N,12217.6335,W,1,04,2.5,4.3,M,-25.1,M,,0000*68
$GPGSA,A,3,13,16,23,20,,,,,,,,,5.5,2.5,4.9*3E
$GPGSV,3,1,12,25,69,325,,13,65,343,31,23,64,081,37,16,42,055,37*78
$GPGSV,3,2,12,07,36,262,24,20,32,178,29,10,32,308,24,03,16,114,*72
$GPGSV,3,3,12,32,15,160,,06,14,094,30,24,10,266,,04,07,256,*72
$GPRMC,195148.000,A,3748.8287,N,12217.6335,W,3.13,29.35,070611,,,A*48
$GPVTG,29.35,T,,M,3.13,N,5.8,K,A*3C
$GPGGA,195158.000,3748.8364,N,12217.6270,W,1,04,2.5,2.7,M,-25.1,M,,0000*67
$GPGSA,A,3,13,16,23,20,,,,,,,,,5.5,2.5,4.8*3F
$GPGSV,3,1,12,25,69,325,,13,65,343,31,23,64,081,37,16,42,055,38*77
$GPGSV,3,2,12,07,36,262,24,20,32,178,31,10,32,308,24,03,16,114,41*7E
$GPGSV,3,3,12,32,15,160,17,06,14,094,40,24,10,266,,04,07,256,*73
$GPRMC,195158.000,A,3748.8364,N,12217.6270,W,3.29,40.62,070611,,,A*41
$GPGGA,195208.000,3748.8364,N,12217.6176,W,1,04,2.5,4.4,M,-25.1,M,,0000*61
$GPGSA,A,3,13,16,23,20,,,,,,,,,5.5,2.5,4.8*3F
$GPGSV,3,1,12,25,69,325,,13,65,343,27,23,64,081,29,16,42,055,23*75
$GPGSV,3,2,12,07,36,262,38,20,32,178,20,10,32,308,31,03,16,114,26*76
$GPGSV,3,3,12,32,15,160,17,06,14,094,29,24,10,266,,04,07,256,*7C
$GPRMC,195208.000,A,3748.8364,N,12217.6176,W,3.25,108.36,070611,,,A*72
$GPVTG,108.36,T,,M,3.25,N,6.0,K,A*03
$GPGGA,195218.000,3748.8375,N,12217.6102,W,1,05,2.5,10.5,M,-25.1,M,,0000*56
$GPGSA,A,3,13,16,23,20,32,,,,,,,,4.5,2.5,3.8*38
$GPGSV,3,1,12,25,69,325,,13,65,343,30,23,64,081,36,16,42,055,36*79
$GPGSV,3,2,12,07,36,262,23,20,32,178,19,10,32,308,25,03,16,114,35*71
$GPGSV,3,3,12,32,15,160,22,06,14,094,35,24,10,266,,04,07,256,*77
$GPRMC,195218.000,A,3748.8375,N,12217.6102,W,2.39,98.53,070611,,,A*47
$GPVTG,98.53,T,,M,2.39,N,4.4,K,A*32
$GPGGA,195228.000,3748.8337,N,12217.6038,W,1,05,2.5,8.6,M,-25.1,M,,0000*61
$GPGSA,A,3,13,16,23,20,32,,,,,,,,4.5,2.5,3.8*38
$GPGSV,3,1,12,25,69,325,,13,65,343,27,23,64,081,33,16,42,055,32*7E
$GPGSV,3,2,12,07,36,262,18,20,32,178,36,10,32,308,24,03,16,114,36*76
$GPGSV,3,3,12,32,15,160,32,06,14,094,35,24,10,266,,04,07,256,*76
$GPRMC,195228.000,A,3748.8337,N,12217.6038,W,3.11,116.28,070611,,,A*7A
$GPVTG,116.28,T,,M,3.11,N,5.8,K,A*0F
$GPGGA,195238.000,3748.8271,N,12217.5964,W,1,05,2.5,7.7,M,-25.1,M,,0000*6E
$GPGSA,A,3,13,16,23,20,32,,,,,,,,4.5,2.5,3.7*37
$GPGSV,3,1,12,25,69,325,,13,65,343,23,23,64,081,31,16,42,055,28*73
$GPGSV,3,2,12,07,36,262,29,20,32,178,37,10,32,308,23,03,16,114,36*72
$GPGSV,3,3,12,32,15,160,40,06,14,094,35,24,10,266,,04,07,256,*73
$GPRMC,195238.000,A,3748.8271,N,12217.5964,W,2.94,112.51,070611,,,A*7D
$GPVTG,112.51,T,,M,2.94,N,5.4,K,A*05
$GPGGA,195248.000,3748.8216,N,12217.5860,W,1,05,2.5,8.2,M,-25.1,M,,0000*67
$GPGSA,A,3,13,16,23,20,32,,,,,,,,4.5,2.5,3.7*37
$GPGSV,3,1,12,25,69,327,,13,66,343,28,23,64,082,32,16,41,055,30*73
$GPGSV,3,2,12,07,37,262,30,10,32,308,23,20,32,178,38,03,16,114,34*76
$GPGSV,3,3,12,06,14,093,35,32,14,160,39,24,10,266,,04,07,255,*78
$GPRMC,195248.000,A,3748.8216,N,12217.5860,W,3.12,124.29,070611,,,A*7B
$GPVTG,124.29,T,,M,3.12,N,5.8,K,A*0C
$GPGGA,195258.000,3748.8176,N,12217.5768,W,1,05,2.5,6.3,M,-25.1,M,,0000*6B
$GPGSA,A,3,13,16,23,20,32,,,,,,,,4.5,2.5,3.7*37
$GPGSV,3,1,12,25,69,327,,13,66,343,27,23,64,082,28,16,41,055,31*76
$GPGSV,3,2,12,07,37,262,32,10,32,308,23,20,32,178,27,03,16,114,28*77
$GPGSV,3,3,12,06,14,093,37,32,14,160,26,24,10,266,,04,07,255,*74
$GPVTG,107.62,T,,M,2.66,N,4.9,K,A*00
$GPGGA,195308.000,3748.8122,N,12217.5664,W,1,05,2.6,14.7,M,-25.1,M,,0000*57
$GPGSA,A,3,13,16,23,20,32,,,,,,,,4.5,2.6,3.7*34
$GPGSV,3,1,12,25,69,327,,13,66,343,28,23,64,082,33,16,41,055,29*7A
$GPGSV,3,2,12,07,37,262,34,10,32,308,23,20,32,178,26,03,16,114,38*71
$GPGSV,3,3,12,06,14,093,32,32,14,160,24,24,10,266,,04,07,255,*73
$GPRMC,195308.000,A,3748.8122,N,12217.5664,W,3.38,117.83,070611,,,A*78
$GPVTG,117.83,T,,M,3.38,N,6.3,K,A*0C
$GPGGA,195318.000,3748.8071,N,12217.5530,W,1,05,2.6,14.2,M,-25.1,M,,0000*56
$GPGSA,A,3,13,16,23,20,32,,,,,,,,4.5,2.6,3.7*34
$GPGSV,3,1,12,25,69,327,,13,66,343,24,23,64,082,30,16,41,055,30*7D
$GPGSV,3,2,12,07,37,262,24,10,32,308,23,20,32,178,23,03,16,114,35*78
$GPGSV,3,3,12,06,14,093,36,32,14,160,19,24,10,266,,04,07,255,*79
$GPRMC,195318.000,A,3748.8071,N,12217.5530,W,2.73,112.67,070611,,,A*7D
$GPVTG,112.67,T,,M,2.73,N,5.1,K,A*0C
$GPGGA,195328.000,3748.8001,N,12217.5557,W,1,05,2.6,18.7,M,-25.1,M,,0000*5A
$GPGSA,A,3,13,16,23,20,32,,,,,,,,4.5,2.6,3.7*34
$GPGSV,3,1,12,25,69,327,,13,66,343,24,23,64,082,30,16,41,055,23*7F
$GPGSV,3,2,12,07,37,262,26,10,32,308,23,20,32,178,36,03,16,114,25*7F
$GPGSV,3,3,12,06,14,093,24,32,14,160,28,24,10,266,,04,07,255,*78
$GPRMC,195328.000,A,3748.8001,N,12217.5557,W,3.09,235.87,070611,,,A*7C
$GPVTG,235.87,T,,M,3.09,N,5.7,K,A*0E
$GPGGA,195338.000,3748.7953,N,12217.5528,W,1,06,2.4,17.4,M,-25.1,M,,0000*5F
$GPGSA,A,3,13,16,23,20,32,03,,,,,,,4.3,2.4,3.6*32
$GPGSV,3,1,12,25,69,328,,13,66,344,23,23,64,082,27,16,41,054,25*71
$GPGSV,3,2,12,07,37,263,26,10,32,307,20,20,31,178,37,03,18,105,21*7A
$GPGSV,3,3,12,06,14,093,19,32,14,160,28,24,10,266,,04,07,255,*76
$GPRMC,195338.000,A,3748.7953,N,12217.5528,W,0.00,177.39,070611,,,A*7E
$GPVTG,177.39,T,,M,0.00,N,0.0,K,A*06
$GPGGA,195348.000,3748.7953,N,12217.5528,W,1,06,2.4,17.4,M,-25.1,M,,0000*58
$GPGSA,A,3,13,16,23,20,32,03,,,,,,,4.3,2.4,3.6*32
$GPGSV,3,1,12,25,69,328,,13,66,344,30,23,64,082,36,16,41,054,30*77
$GPGSV,3,2,12,07,37,263,18,10,32,307,20,20,31,178,37,03,18,105,33*74
$GPGSV,3,3,12,06,14,093,28,32,14,160,27,24,10,265,,04,07,255,*78
$GPRMC,195348.000,A,3748.7953,N,12217.5528,W,0.00,177.39,070611,,,A*79
$GPVTG,177.39,T,,M,0.00,N,0.0,K,A*06
$GPGGA,195358.000,3748.7953,N,12217.5528,W,1,05,4.0,17.4,M,-25.1,M,,0000*58
$GPGSA,A,3,16,23,20,32,03,,,,,,,,5.9,4.0,4.3*3B
$GPGSV,3,1,12,25,69,328,,13,66,344,18,23,64,082,38,16,41,054,33*70
$GPGSV,3,2,12,07,37,263,22,10,32,307,21,20,31,178,38,03,18,105,35*75
$GPGSV,3,3,12,06,14,093,30,32,14,160,30,24,10,265,,04,07,255,*77
$GPVTG,177.39,T,,M,0.00,N,0.0,K,A*06
$GPGGA,195408.000,3748.7953,N,12217.5528,W,1,06,2.4,17.4,M,-25.1,M,,0000*5B
$GPGSA,A,3,13,16,23,20,32,03,,,,,,,4.3,2.4,3.5*31
$GPGSV,3,1,12,25,69,328,,13,66,344,22,23,64,082,28,16,41,054,24*7E
$GPGSV,3,2,12,07,37,263,26,10,32,307,25,20,31,178,40,03,18,105,21*7F
$GPGSV,3,3,12,06,14,093,21,32,14,160,35,24,10,265,,04,07,255,*72
$GPRMC,195408.000,A,3748.7953,N,12217.5528,W,0.00,177.39,070611,,,A*7A
$GPVTG,177.39,T,,M,0.00,N,0.0,K,A*06
$GPGGA,195418.000,3748.7782,N,12217.5595,W,1,06,2.4,14.3,M,-25.1,M,,0000*5A
$GPGSA,A,3,13,16,23,20,32,03,,,,,,,4.3,2.4,3.5*31
$GPGSV,3,1,12,25,69,328,,13,66,344,22,23,64,082,30,16,41,054,24*77
$GPGSV,3,2,12,07,37,263,24,10,32,307,22,20,31,178,37,03,18,105,29*72
$GPGSV,3,3,12,06,14,093,20,32,14,160,31,24,10,265,,04,07,255,*77
$GPRMC,195418.000,A,3748.7782,N,12217.5595,W,2.31,226.79,070611,,,A*7C
$GPVTG,226.79,T,,M,2.31,N,4.3,K,A*02
$GPGGA,195428.000,3748.7702,N,12217.5656,W,1,06,2.4,16.8,M,-25.1,M,,0000*54
$GPGSA,A,3,13,16,23,20,32,03,,,,,,,4.3,2.4,3.5*31
$GPGSV,3,1,12,25,69,328,,13,66,344,21,23,64,082,30,16,41,054,26*76
$GPGSV,3,2,12,07,37,263,24,10,32,307,22,20,31,178,37,03,18,105,28*73
$GPGSV,3,3,12,06,14,093,25,32,14,160,32,24,10,265,,04,07,255,*71
$GPRMC,195428.000,A,3748.7702,N,12217.5656,W,2.56,214.08,070611,,,A*7D
$GPVTG,214.08,T,,M,2.56,N,4.7,K,A*00
$GPGGA,195438.000,3748.7632,N,12217.5772,W,2,06,2.4,11.7,M,-25.1,M,2.8,0000*7F
$GPGSA,A,3,13,16,23,20,32,03,,,,,,,4.3,2.4,3.5*31
$GPGSV,3,1,12,25,69,328,,13,66,344,31,23,64,082,29,16,41,054,20*79
$GPGSV,3,2,12,07,37,263,39,10,32,307,37,20,31,178,36,03,18,105,27*75
$GPGSV,3,3,12,06,14,093,22,32,14,160,36,24,10,265,,04,07,255,*72
$GPRMC,195438.000,A,3748.7632,N,12217.5772,W,2.91,216.34,070611,,,D*7A
$GPVTG,216.34,T,,M,2.91,N,5.4,K,D*01
$GPGGA,195448.000,3748.7557,N,12217.5851,W,2,06,2.4,11.8,M,-25.1,M,12.8,0000*48
$GPGSA,A,3,13,16,23,20,32,03,,,,,,,4.2,2.4,3.5*30
$GPGSV,3,1,12,25,69,328,,13,66,344,31,23,64,082,29,16,41,054,21*78
$GPGSV,3,2,12,07,37,263,32,10,32,307,19,20,31,178,36,03,18,105,23*76
$GPGSV,3,3,12,06,14,093,24,32,14,160,31,24,10,265,,04,07,255,*73
$GPRMC,195448.000,A,3748.7557,N,12217.5851,W,2.50,192.88,070611,,,D*76
$GPVTG,192.88,T,,M,2.50,N,4.6,K,D*07
$GPGGA,195458.000,3748.7490,N,12217.5918,W,1,06,2.4,11.1,M,-25.1,M,,0000*50
$GPGSA,A,3,13,16,23,20,32,03,,,,,,,4.2,2.4,3.5*30
$GPGSV,3,1,12,25,69,328,,13,66,344,20,23,64,082,30,16,41,054,26*77
$GPGSV,3,2,12,07,37,263,25,10,32,307,18,20,31,178,37,03,18,105,30*72
$GPRMC,195458.000,A,3748.7490,N,12217.5918,W,3.06,234.98,070611,,,A*78
$GPVTG,234.98,T,,M,3.06,N,5.7,K,A*0E
$GPGGA,195508.000,3748.7394,N,12217.5967,W,1,06,2.4,16.6,M,-25.1,M,,0000*5F
$GPGSA,A,3,13,16,23,20,32,03,,,,,,,4.2,2.4,3.5*30
$GPGSV,3,1,12,25,69,328,,13,66,344,21,23,64,082,30,16,41,054,24*74
$GPGSV,3,2,12,07,37,263,25,10,32,307,18,20,31,178,34,03,18,105,26*76
$GPGSV,3,3,12,06,14,093,24,32,14,160,29,24,10,265,,04,07,255,*7A
$GPRMC,195508.000,A,3748.7394,N,12217.5967,W,2.86,202.74,070611,,,A*79
$GPGGA,195518.000,3748.7344,N,12217.6029,W,1,06,2.4,15.6,M,-25.1,M,,0000*50
$GPGSA,A,3,13,16,23,20,32,03,,,,,,,4.2,2.4,3.5*30
$GPGSV,3,1,12,25,69,328,,13,66,344,31,23,64,082,30,16,41,054,26*77
$GPGSV,3,2,12,07,37,263,36,10,32,307,28,20,31,178,35,03,18,105,26*76
$GPGSV,3,3,12,06,14,093,24,32,14,160,29,24,10,265,,04,07,255,*7A
$GPRMC,195518.000,A,3748.7344,N,12217.6029,W,0.00,202.64,070611,,,A*78
$GPVTG,202.64,T,,M,0.00,N,0.0,K,A*0F
$GPGGA,195528.000,3748.7250,N,12217.6126,W,1,07,1.5,10.4,M,-25.1,M,,0000*5D
$GPGSA,A,3,07,13,16,23,20,32,03,,,,,,3.2,1.5,2.8*3E
$GPGSV,3,1,12,25,69,330,,13,66,346,31,23,63,084,30,07,44,267,41*7B
$GPGSV,3,2,12,16,40,054,22,10,33,307,38,20,31,178,36,03,19,105,26*77
$GPGSV,3,3,12,06,15,092,23,32,13,160,29,24,09,265,,04,07,254,*73
$GPRMC,195528.000,A,3748.7250,N,12217.6126,W,3.66,201.52,070611,,,A*74
$GPVTG,201.52,T,,M,3.66,N,6.8,K,A*04
$GPGGA,195538.000,3748.7174,N,12217.6172,W,1,07,1.5,11.5,M,-25.1,M,,0000*58
$GPGSA,A,3,07,13,16,23,20,32,03,,,,,,3.2,1.5,2.8*3E
$GPGSV,3,1,12,25,69,330,,13,66,346,30,23,63,084,29,07,44,267,40*73
$GPGSV,3,2,12,16,40,054,22,10,33,307,37,20,31,178,36,03,19,105,26*78
$GPGSV,3,3,12,06,15,092,24,32,13,160,30,24,09,265,,04,07,254,*7C
$GPRMC,195538.000,A,3748.7174,N,12217.6172,W,2.27,214.41,070611,,,A*73
$GPVTG,214.41,T,,M,2.27,N,4.2,K,A*0E
$GPGGA,195548.000,3748.7107,N,12217.6219,W,1,07,1.5,12.8,M,-25.1,M,,0000*5B
$GPGSA,A,3,07,13,16,23,20,32,03,,,,,,3.2,1.5,2.8*3E
$GPGSV,3,1,12,13,67,346,31,23,63,084,30,07,44,267,40,16,40,054,26*75
$GPGSV,3,2,12,10,33,306,31,20,30,178,32,03,19,104,29,06,15,092,28*75
$GPGSV,3,3,12,32,13,160,28,24,09,265,,08,07,249,,04,06,254,*7B
$GPRMC,195548.000,A,3748.7107,N,12217.6219,W,2.50,211.95,070611,,,A*72
$GPVTG,211.95,T,,M,2.50,N,4.6,K,A*06
$GPGGA,195558.000,3748.7028,N,12217.6281,W,1,07,1.5,12.2,M,-25.1,M,,0000*5D
$GPGSA,A,3,07,13,16,23,20,32,03,,,,,,3.2,1.5,2.8*3E
$GPGSV,3,1,12,13,67,346,31,23,63,084,29,07,44,267,41,16,40,054,24*7E
$GPGSV,3,2,12,10,33,306,36,20,30,178,36,03,19,104,28,06,15,092,25*7A
$GPGSV,3,3,12,32,13,160,28,24,09,265,,08,07,249,26,04,06,254,*7F
$GPVTG,211.02,T,,M,2.69,N,5.0,K,A*05
$GPGGA,195608.000,3748.6950,N,12217.6339,W,1,07,1.5,12.8,M,-25.1,M,,0000*54
$GPGSA,A,3,07,13,16,23,20,32,03,,,,,,3.2,1.5,2.8*3E
$GPGSV,3,1,12,13,67,346,30,23,63,084,29,07,44,267,41,16,40,054,25*7E
$GPGSV,3,2,12,10,33,306,39,20,30,178,36,03,19,104,28,06,15,092,25*75
$GPGSV,3,3,12,32,13,160,35,24,09,265,,08,07,249,39,04,06,254,*7D
$GPRMC,195608.000,A,3748.6950,N,12217.6339,W,2.67,204.64,070611,,,A*73
$GPVTG,204.64,T,,M,2.67,N,5.0,K,A*0F
$GPGGA,195618.000,3748.6876,N,12217.6406,W,1,07,1.5,15.2,M,-25.1,M,,0000*56
$GPGSA,A,3,07,13,16,23,20,32,03,,,,,,3.2,1.5,2.8*3E
$GPGSV,3,1,12,13,67,346,31,23,63,085,29,07,44,267,38,16,40,053,24*76
$GPGSV,3,2,12,10,33,306,33,20,30,178,36,03,19,104,27,06,15,092,23*76
$GPGSV,3,3,12,32,13,160,28,24,09,265,,08,07,249,38,04,06,254,*70
$GPRMC,195618.000,A,3748.6876,N,12217.6406,W,2.74,208.87,070611,,,A*7F
$GPVTG,208.87,T,,M,2.74,N,5.1,K,A*0D
$GPGGA,195628.000,3748.6793,N,12217.6466,W,1,07,1.5,16.2,M,-25.1,M,,0000*54
$GPGSA,A,3,07,13,16,23,20,32,03,,,,,,3.2,1.5,2.8*3E
$GPGSV,3,1,12,13,67,346,28,23,63,085,29,07,44,267,40,16,40,053,26*73
$GPGSV,3,2,12,10,33,306,36,20,30,178,37,03,19,104,29,06,15,092,27*78
$GPGSV,3,3,12,32,13,160,29,24,09,265,,08,07,249,28,04,06,254,*70
$GPRMC,195628.000,A,3748.6793,N,12217.6466,W,3.42,201.05,070611,,,A*79
$GPVTG,201.05,T,,M,3.42,N,6.3,K,A*0B
$GPGGA,195638.000,3748.6766,N,12217.6492,W,1,07,1.5,13.7,M,-25.1,M,,0000*54
$GPGSA,A,3,07,13,16,23,20,32,03,,,,,,3.2,1.5,2.8*3E
$GPGSV,3,1,12,13,67,346,22,23,63,085,29,07,44,267,30,16,40,053,25*7D
$GPGSV,3,2,12,10,33,306,28,20,30,178,37,03,19,104,29,06,15,092,29*79
$GPGSV,3,3,12,32,13,160,34,24,09,265,,08,07,249,20,04,06,254,*74
$GPRMC,195638.000,A,3748.6766,N,12217.6492,W,0.00,210.47,070611,,,A*7A
$GPVTG,210.47,T,,M,0.00,N,0.0,K,A*0D
$GPGGA,195648.000,3748.6644,N,12217.6568,W,1,07,1.5,17.0,M,-25.1,M,,0000*55
$GPGSA,A,3,07,13,16,23,20,32,03,,,,,,3.2,1.5,2.8*3E
$GPGSV,3,1,12,13,67,346,22,23,63,085,29,07,44,267,28,16,40,053,25*74
$GPGSV,3,2,12,10,33,306,18,20,30,178,37,03,19,104,27,06,15,092,26*7B
$GPGSV,3,3,12,32,13,160,29,24,09,265,,08,07,249,28,04,06,254,*70
$GPRMC,195648.000,A,3748.6644,N,12217.6568,W,2.42,219.67,070611,,,A*77
$GPVTG,219.67,T,,M,2.42,N,4.5,K,A*03
$GPGGA,195658.000,3748.6590,N,12217.6646,W,1,07,1.5,9.9,M,-25.1,M,,0000*67
$GPGSA,A,3,07,13,16,23,20,32,03,,,,,,3.2,1.5,2.8*3E
$GPGSV,3,1,12,13,67,346,31,23,63,085,29,07,44,267,39,16,40,053,25*76
$GPGSV,3,2,12,10,33,306,34,20,30,178,29,03,19,104,27,06,15,092,26*7A
$GPGSV,3,3,12,32,13,160,36,24,09,265,,08,07,249,27,04,06,254,*71
$GPRMC,195658.000,A,3748.6590,N,12217.6646,W,2.01,213.18,070611,,,A*76
$GPVTG,213.18,T,,M,2.01,N,3.7,K,A*03
$GPGGA,195708.000,3748.6513,N,12217.6714,W,1,07,1.5,7.4,M,-25.1,M,,0000*6D
$GPGSA,A,3,07,13,16,23,20,32,03,,,,,,3.2,1.5,2.8*3E
$GPGSV,3,1,12,13,67,346,30,23,63,085,29,07,44,267,40,16,40,053,24*78
$GPGSV,3,2,12,10,33,306,37,20,30,178,36,03,19,104,23,06,15,092,24*71
$GPGSV,3,3,12,32,13,160,34,24,09,265,,08,07,249,37,04,06,254,*72
$GPVTG,207.02,T,,M,2.66,N,4.9,K,A*05
$GPGGA,195718.000,3748.6428,N,12217.6788,W,1,07,1.5,13.9,M,-25.1,M,,0000*58
$GPGSA,A,3,07,13,16,23,20,32,03,,,,,,3.2,1.5,2.7*31
$GPGSV,3,1,12,13,67,347,30,23,63,086,29,07,44,268,40,16,40,053,24*75
$GPGSV,3,2,12,10,33,306,38,20,30,178,36,03,19,104,29,06,15,091,22*71
$GPGSV,3,3,12,32,12,160,37,24,09,264,,08,07,249,27,04,06,254,*70
$GPRMC,195718.000,A,3748.6428,N,12217.6788,W,2.76,196.56,070611,,,A*76
$GPVTG,196.56,T,,M,2.76,N,5.1,K,A*07
$GPGGA,195728.000,3748.6354,N,12217.6817,W,1,07,1.5,15.0,M,-25.1,M,,0000*51
$GPGSA,A,3,07,13,16,23,20,32,03,,,,,,3.1,1.5,2.7*32
$GPGSV,3,1,12,13,67,347,24,23,63,086,29,07,44,268,22,16,40,053,27*77
$GPGSV,3,2,12,10,33,306,21,20,30,178,33,03,19,104,26,06,15,091,28*79
$GPGSV,3,3,12,32,12,160,35,24,09,264,,08,07,249,,04,06,254,*77
$GPRMC,195728.000,A,3748.6354,N,12217.6817,W,2.43,210.27,070611,,,A*7D
$GPVTG,210.27,T,,M,2.43,N,4.5,K,A*0F
$GPGGA,195738.000,3748.6283,N,12217.6889,W,1,07,1.5,11.8,M,-25.1,M,,0000*50
$GPGSA,A,3,07,13,16,23,20,32,03,,,,,,3.1,1.5,2.7*32
$GPGSV,3,1,12,13,67,347,32,23,63,086,28,07,44,268,37,16,40,053,24*76
$GPGSV,3,2,12,10,33,306,33,20,30,178,35,03,19,104,26,06,15,091,23*77
$GPGSV,3,3,12,32,12,160,33,24,09,264,,08,07,249,,04,06,254,*71
$GPRMC,195738.000,A,3748.6283,N,12217.6889,W,2.49,208.06,070611,,,A*70
$GPVTG,208.06,T,,M,2.49,N,4.6,K,A*0C
$GPGGA,195748.000,3748.6212,N,12217.6953,W,1,07,1.5,9.8,M,-25.1,M,,0000*60
$GPGSA,A,3,07,13,16,23,20,32,03,,,,,,3.1,1.5,2.7*32
$GPGSV,3,1,12,13,67,347,30,23,63,086,28,07,44,268,34,16,40,053,23*70
$GPGSV,3,2,12,10,33,306,22,20,30,178,35,03,19,104,24,06,15,091,23*75
$GPGSV,3,3,12,32,12,160,29,24,09,264,,08,07,249,,04,06,254,*7A
$GPRMC,195748.000,A,3748.6212,N,12217.6953,W,2.51,206.52,070611,,,A*7F
$GPVTG,206.52,T,,M,2.51,N,4.7,K,A*0B
$GPGGA,195758.000,3748.6131,N,12217.7006,W,1,07,1.5,10.1,M,-25.1,M,,0000*5A
$GPGSA,A,3,07,13,16,23,20,32,03,,,,,,3.1,1.5,2.7*32
$GPGSV,3,1,12,13,67,347,29,23,63,086,29,07,44,268,23,16,40,053,23*7F
$GPGSV,3,2,12,10,33,306,21,20,30,178,35,03,19,104,24,06,15,091,24*71
$GPGSV,3,3,12,32,12,160,34,24,09,264,,08,07,249,,04,06,254,*76
$GPRMC,195758.000,A,3748.6131,N,12217.7006,W,3.54,205.45,070611,,,A*75
$GPVTG,205.45,T,,M,3.54,N,6.5,K,A*0A
$GPGGA,195808.000,3748.6044,N,12217.6995,W,1,07,1.5,10.3,M,-25.1,M,,0000*53
$GPGSA,A,3,07,13,16,23,20,32,03,,,,,,3.1,1.5,2.7*32
$GPGSV,3,1,12,13,67,347,29,23,63,086,33,07,44,268,31,16,40,053,29*7D
$GPGSV,3,2,12,10,33,306,20,20,30,178,39,03,19,104,36,06,15,091,33*79
$GPRMC,195808.000,A,3748.6044,N,12217.6995,W,3.27,120.20,070611,,,A*7D
$GPVTG,120.20,T,,M,3.27,N,6.1,K,A*0D
$GPGGA,195818.000,3748.6031,N,12217.6896,W,1,07,1.5,6.0,M,-25.1,M,,0000*66
$GPGSA,A,3,07,13,16,23,20,32,03,,,,,,3.1,1.5,2.7*32
$GPGSV,3,1,12,13,67,348,29,23,62,087,35,07,45,268,25,16,39,053,33*75
$GPGSV,3,2,12,10,34,306,21,20,29,178,40,03,19,103,38,06,15,091,24*76
$GPGSV,3,3,12,32,12,160,24,24,09,264,,08,07,249,30,04,06,254,*74
$GPRMC,195818.000,A,3748.6031,N,12217.6896,W,2.92,106.19,070611,,,A*7D
$GPGGA,195828.000,3748.5999,N,12217.6776,W,1,07,1.5,5.2,M,-25.1,M,,0000*6D
$GPGSA,A,3,07,13,16,23,20,32,03,,,,,,3.1,1.5,2.7*32
$GPGSV,3,1,12,13,67,348,30,23,62,087,36,07,45,268,29,16,39,053,23*73
$GPGSV,3,2,12,10,34,306,21,20,29,178,28,03,19,103,38,06,15,091,31*7C
$GPGSV,3,3,12,32,12,160,37,24,09,264,,08,07,249,32,04,06,254,*74
$GPRMC,195828.000,A,3748.5999,N,12217.6776,W,2.86,122.13,070611,,,A*7E
$GPVTG,122.13,T,,M,2.86,N,5.3,K,A*04
$GPGGA,195838.000,3748.5985,N,12217.6666,W,1,07,1.5,3.7,M,-25.1,M,,0000*62
$GPGSA,A,3,07,13,16,23,20,32,03,,,,,,3.1,1.5,2.7*32
$GPGSV,3,1,12,13,67,348,30,23,62,087,36,07,45,268,27,16,39,053,33*7C
$GPGSV,3,2,12,10,34,306,22,20,29,178,39,03,19,103,33,06,15,091,38*7D
$GPGSV,3,3,12,32,12,160,26,24,09,264,,08,07,249,31,04,06,254,*77
$GPRMC,195838.000,A,3748.5985,N,12217.6666,W,2.70,103.77,070611,,,A*7A
$GPVTG,103.77,T,,M,2.70,N,5.0,K,A*0F
$GPGGA,195848.000,3748.5965,N,12217.6555,W,1,07,1.5,0.5,M,-25.1,M,,0000*69
$GPGSA,A,3,07,13,16,23,20,32,03,,,,,,3.1,1.5,2.7*32
$GPGSV,3,1,12,13,68,349,26,23,62,087,34,07,45,269,24,16,39,052,33*74
$GPGSV,3,2,12,10,34,305,22,20,29,178,38,03,19,103,37,06,15,091,34*77
$GPGSV,3,3,12,32,12,160,33,24,09,264,,08,07,250,28,04,06,253,*74
$GPRMC,195848.000,A,3748.5965,N,12217.6555,W,2.82,100.19,070611,,,A*76
$GPVTG,100.19,T,,M,2.82,N,5.2,K,A*0B
$GPGGA,195858.000,3748.5938,N,12217.6440,W,1,07,1.5,2.0,M,-25.1,M,,0000*62
$GPGSA,A,3,07,13,16,23,20,32,03,,,,,,3.1,1.5,2.7*32
$GPGSV,3,1,12,13,68,349,27,23,62,087,35,07,45,269,24,16,39,052,34*73
$GPGSV,3,2,12,10,34,305,22,20,29,178,39,03,19,103,26,06,15,091,26*75
$GPGSV,3,3,12,32,12,160,38,24,09,264,,08,07,250,24,04,06,253,*73
$GPRMC,195858.000,A,3748.5938,N,12217.6440,W,2.67,102.13,070611,,,A*79
$GPVTG,102.13,T,,M,2.67,N,4.9,K,A*02
$GPGGA,195908.000,3748.5907,N,12217.6322,W,1,07,1.5,6.0,M,-25.1,M,,0000*6D
$GPGSA,A,3,07,13,16,23,20,32,03,,,,,,3.1,1.5,2.7*32
$GPGSV,3,1,12,13,68,349,24,23,62,087,32,07,45,269,25,16,39,052,31*73
$GPGSV,3,2,12,10,34,305,22,20,29,178,34,03,19,103,34,06,15,091,37*7B
$GPGSV,3,3,12,32,12,160,37,24,09,264,,08,07,250,22,04,06,253,*7A
$GPRMC,195908.000,A,3748.5907,N,12217.6322,W,2.27,105.53,070611,,,A*75
$GPVTG,105.53,T,,M,2.27,N,4.2,K,A*0E
$GPGGA,195918.000,3748.5893,N,12217.6234,W,1,07,1.5,4.7,M,-25.1,M,,0000*63
$GPGSA,A,3,07,13,16,23,20,32,03,,,,,,3.1,1.5,2.7*32
$GPGSV,3,1,12,13,68,349,27,23,62,087,35,07,45,269,25,16,39,052,33*75
$GPGSV,3,2,12,10,34,305,25,20,29,178,39,03,19,103,32,06,15,091,19*7B
$GPGSV,3,3,12,32,12,160,38,24,09,264,,08,07,250,31,04,06,253,*77
$GPVTG,113.24,T,,M,2.69,N,5.0,K,A*00
$GPGGA,195928.000,3748.5831,N,12217.6093,W,1,07,1.5,17.7,M,-25.1,M,,0000*55
$GPGSA,A,3,07,13,16,23,20,32,03,,,,,,3.1,1.5,2.7*32
$GPGSV,3,1,12,13,68,349,25,23,62,087,35,07,45,269,25,16,39,052,25*70
$GPGSV,3,2,12,10,34,305,25,20,29,178,39,03,19,103,19,06,15,091,19*72
$GPGSV,3,3,12,32,12,160,32,24,09,264,,08,07,250,28,04,06,253,*75
$GPRMC,195928.000,A,3748.5831,N,12217.6093,W,0.00,122.85,070611,,,A*73
$GPVTG,122.85,T,,M,0.00,N,0.0,K,A*01
$GPGGA,195938.000,3748.5787,N,12217.6017,W,1,07,1.5,13.0,M,-25.1,M,,0000*59
$GPGSA,A,3,07,13,16,23,20,32,03,,,,,,3.1,1.5,2.7*32
$GPGSV,3,1,12,13,68,349,27,23,62,087,31,07,45,269,35,16,39,052,20*72
$GPGSV,3,2,12,10,34,305,25,20,29,178,27,03,19,103,17,06,15,091,16*7C
$GPGSV,3,3,12,32,12,160,26,24,09,264,,08,07,250,36,04,06,253,*7F
$GPRMC,195938.000,A,3748.5787,N,12217.6017,W,2.85,140.15,070611,,,A*7E
$GPVTG,140.15,T,,M,2.85,N,5.3,K,A*05
$GPGGA,195948.000,3748.5708,N,12217.6040,W,1,05,2.8,12.5,M,-25.1,M,,0000*53
$GPGSA,A,3,07,13,23,20,32,,,,,,,,5.6,2.8,4.8*30
$GPGSV,3,1,12,13,68,349,28,23,62,087,21,07,45,269,37,16,39,052,18*75
$GPGSV,3,2,12,10,34,305,38,20,29,178,31,03,19,103,17,06,15,091,*70
$GPGSV,3,3,12,32,12,160,22,24,09,264,,08,07,250,39,04,06,253,*74
$GPRMC,195948.000,A,3748.5708,N,12217.6040,W,2.37,183.53,070611,,,A*78
$GPVTG,183.53,T,,M,2.37,N,4.4,K,A*07
$GPGGA,195958.000,3748.5650,N,12217.5931,W,1,07,1.5,14.0,M,-25.1,M,,0000*5D
$GPGSA,A,3,07,13,16,23,20,32,03,,,,,,3.1,1.5,2.7*32
$GPGSV,3,1,12,13,68,349,28,23,62,087,31,07,45,269,25,16,39,052,20*7C
$GPGSV,3,2,12,10,34,305,21,20,29,178,40,03,19,103,25,06,15,091,25*78
$GPGSV,3,3,12,32,12,160,27,24,09,264,,08,07,250,28,04,06,253,*71
$GPRMC,195958.000,A,3748.5650,N,12217.5931,W,2.49,105.09,070611,,,A*71
$GPVTG,105.09,T,,M,2.49,N,4.6,K,A*0D
$GPGGA,200008.000,3748.5621,N,12217.5813,W,1,07,1.5,15.4,M,-25.1,M,,0000*5C
$GPGSA,A,3,07,13,16,23,20,32,03,,,,,,3.1,1.5,2.7*32
$GPGSV,3,1,12,13,68,349,24,23,62,087,29,07,45,269,25,16,39,052,25*7C
$GPGSV,3,2,12,10,34,305,20,20,29,178,36,03,19,103,38,06,15,091,25*74
$GPGSV,3,3,12,32,12,160,29,24,09,264,,08,07,250,23,04,06,253,*74
$GPRMC,200008.000,A,3748.5621,N,12217.5813,W,2.39,104.96,070611,,,A*75
$GPVTG,104.96,T,,M,2.39,N,4.4,K,A*0F
$GPGGA,200018.000,3748.5606,N,12217.5712,W,2,07,1.5,11.2,M,-25.1,M,1.8,0000*70
$GPGSA,A,3,07,13,16,23,20,32,03,,,,,,3.1,1.5,2.7*32
$GPGSV,3,1,12,13,68,349,29,23,62,087,36,07,45,269,25,16,39,052,36*7D
$GPGSV,3,2,12,10,34,305,21,20,29,178,39,03,19,103,38,06,15,091,25*7A
$GPGSV,3,3,12,32,12,160,29,24,09,264,,08,07,250,26,04,06,253,*71
$GPVTG,99.75,T,,M,2.58,N,4.8,K,D*39
$GPGGA,200028.000,3748.5582,N,12217.5610,W,2,07,1.5,11.3,M,-25.1,M,5.8,0000*7A
$GPGSA,A,3,07,13,16,23,20,32,03,,,,,,3.1,1.5,2.7*32
$GPGSV,3,1,12,13,68,349,29,23,62,087,33,07,45,269,25,16,39,052,25*7A
$GPGSV,3,2,12,10,34,305,22,20,29,178,40,03,19,103,36,06,15,091,31*7C
$GPGSV,3,3,12,32,12,160,34,24,09,264,,08,07,250,27,04,06,253,*7C
$GPRMC,200028.000,A,3748.5582,N,12217.5610,W,3.10,103.27,070611,,,D*72
$GPVTG,103.27,T,,M,3.10,N,5.7,K,D*0F
$GPGGA,200038.000,3748.5548,N,12217.5516,W,2,07,1.5,6.6,M,-25.1,M,3.8,0000*4D
$GPGSA,A,3,07,13,16,23,20,32,03,,,,,,3.1,1.5,2.7*32
$GPGSV,3,1,12,13,68,349,29,23,62,087,27,07,45,269,35,16,39,052,24*7F
$GPGSV,3,2,12,10,34,305,33,20,29,178,40,03,19,103,30,06,15,091,28*72
$GPGSV,3,3,12,32,12,160,40,24,09,264,,08,07,250,31,04,06,253,*78
$GPRMC,200038.000,A,3748.5548,N,12217.5516,W,2.46,162.59,070611,,,D*7C
$GPVTG,162.59,T,,M,2.46,N,4.6,K,D*03
$GPGGA,200048.000,3748.5470,N,12217.5471,W,2,07,1.5,6.8,M,-25.1,M,1.8,0000*4C
$GPGSA,A,3,07,13,16,23,20,32,03,,,,,,3.1,1.5,2.7*32
$GPGSV,3,1,12,13,68,349,28,23,62,087,35,07,45,269,24,16,39,052,33*7B
$GPGSV,3,2,12,10,34,305,22,20,29,178,39,03,19,103,37,06,15,091,34*76
$GPGSV,3,3,12,32,12,160,30,24,09,264,,08,07,250,28,04,06,253,*77
$GPRMC,200048.000,A,3748.5470,N,12217.5471,W,2.91,112.73,070611,,,D*74
$GPVTG,112.73,T,,M,2.91,N,5.4,K,D*05
$GPGGA,200058.000,3748.5394,N,12217.5477,W,2,07,1.5,3.7,M,-25.1,M,1.8,0000*4C
$GPGSA,A,3,07,13,16,23,20,32,03,,,,,,3.1,1.5,2.7*32
$GPGSV,3,1,12,13,68,349,28,23,62,087,27,07,45,269,38,16,39,052,21*76
$GPGSV,3,2,12,10,34,305,36,20,29,178,34,03,19,103,29,06,15,091,29*7D
$GPGSV,3,3,12,32,12,160,34,24,09,264,,08,07,250,36,04,06,253,*7C
$GPRMC,200058.000,A,3748.5394,N,12217.5477,W,2.98,194.57,070611,,,D*7F
$GPVTG,194.57,T,,M,2.98,N,5.5,K,D*05
$GPGGA,200108.000,3748.5317,N,12217.5507,W,2,07,1.5,3.7,M,-25.1,M,2.8,0000*46
$GPGSA,A,3,07,13,16,23,20,32,03,,,,,,3.1,1.5,2.7*32
$GPGSV,3,1,12,13,68,349,28,23,62,087,28,07,45,269,39,16,39,052,23*7A
$GPGSV,3,2,12,10,34,305,36,20,29,178,34,03,19,103,32,06,15,091,30*7F
$GPGSV,3,3,12,32,12,160,39,24,09,264,,08,07,250,31,04,06,253,*76
$GPRMC,200108.000,A,3748.5317,N,12217.5507,W,2.47,185.65,070611,,,D*75
$GPVTG,185.65,T,,M,2.47,N,4.6,K,D*04
$GPGGA,200118.000,3748.5238,N,12217.5546,W,2,07,1.5,1.2,M,-25.1,M,1.8,0000*4A
$GPGSA,A,3,07,13,16,23,20,32,03,,,,,,3.1,1.5,2.7*32
$GPGSV,3,1,12,13,68,351,28,23,61,089,27,07,46,270,39,16,38,051,23*78
$GPGSV,3,2,12,10,35,304,33,20,28,178,35,03,20,102,32,06,16,090,31*72
$GPGSV,3,3,12,32,11,161,37,24,08,263,,08,08,250,32,19,06,129,*72
$GPRMC,200118.000,A,3748.5238,N,12217.5546,W,3.30,195.08,070611,,,D*76
$GPVTG,195.08,T,,M,3.30,N,6.1,K,D*0A
$GPGGA,200128.000,3748.5166,N,12217.5580,W,2,07,1.5,-4.2,M,-25.1,M,1.8,0000*63
$GPGSA,A,3,07,13,16,23,20,32,03,,,,,,3.1,1.5,2.7*32
$GPGSV,3,1,12,13,68,351,28,23,61,089,27,07,46,270,36,16,38,051,22*76
$GPGSV,3,2,12,10,35,304,32,20,28,178,38,03,20,102,33,06,16,090,31*7F
$GPGSV,3,3,12,32,11,161,35,24,08,263,,08,08,250,33,19,06,129,*71
$GPVTG,197.85,T,,M,2.80,N,5.2,K,D*07
$GPGGA,200138.000,3748.5064,N,12217.5609,W,2,07,1.5,-1.8,M,-25.1,M,0.8,0000*6D
$GPGSA,A,3,07,13,16,23,20,32,03,,,,,,3.1,1.5,2.7*32
$GPGSV,3,1,12,13,68,351,28,23,61,089,27,07,46,270,38,16,38,051,23*79
$GPGSV,3,2,12,10,35,304,37,20,28,178,37,03,20,102,28,06,16,090,25*7A
$GPGSV,3,3,12,32,11,161,34,24,08,263,,08,08,250,35,19,06,129,*76
$GPRMC,200138.000,A,3748.5064,N,12217.5609,W,2.70,183.79,070611,,,D*73
$GPVTG,183.79,T,,M,2.70,N,5.0,K,D*0C
$GPGGA,200148.000,3748.4972,N,12217.5634,W,2,07,1.5,1.1,M,-25.1,M,1.8,0000*4E
$GPGSA,A,3,07,13,16,23,20,32,03,,,,,,3.1,1.5,2.7*32
$GPGSV,3,1,12,13,68,351,29,23,61,089,28,07,46,270,37,16,38,051,24*7F
$GPGSV,3,2,12,10,35,304,29,20,28,178,36,03,20,102,29,06,16,090,25*75
$GPGSV,3,3,12,32,11,161,35,24,08,263,,08,08,250,34,19,06,129,*76
$GPRMC,200148.000,A,3748.4972,N,12217.5634,W,3.10,195.63,070611,,,D*7E
$GPVTG,195.63,T,,M,3.10,N,5.7,K,D*00
$GPGGA,200158.000,3748.4882,N,12217.5669,W,2,07,1.5,2.1,M,-25.1,M,1.8,0000*4A
$GPGSA,A,3,07,13,16,23,20,32,03,,,,,,3.1,1.5,2.6*33
$GPGSV,3,1,12,13,69,352,28,23,61,090,28,07,46,270,24,16,38,051,24*76
$GPGSV,3,2,12,10,35,304,20,20,28,178,37,08,21,254,,03,20,102,30*72
$GPGSV,3,3,12,06,16,089,26,32,10,161,38,24,08,262,,19,06,129,*7F
$GPRMC,200158.000,A,3748.4882,N,12217.5669,W,2.97,195.05,070611,,,D*77
$GPVTG,195.05,T,,M,2.97,N,5.5,K,D*0C
$GPGGA,200208.000,3748.4786,N,12217.5692,W,2,08,1.2,9.0,M,-25.1,M,3.8,0000*43
$GPGSA,A,3,07,13,16,23,20,32,03,08,,,,,2.4,1.2,2.1*3F
$GPGSV,3,1,12,13,69,352,27,23,61,090,26,07,46,270,39,16,38,051,22*7D
$GPGSV,3,2,12,10,35,304,35,20,28,178,38,08,21,254,38,03,20,102,26*75
$GPGSV,3,3,12,06,16,089,22,32,10,161,36,24,08,262,,19,06,129,*75
$GPRMC,200208.000,A,3748.4786,N,12217.5692,W,3.34,181.17,070611,,,D*70
$GPVTG,181.17,T,,M,3.34,N,6.2,K,D*06
$GPGGA,200218.000,3748.4687,N,12217.5733,W,2,08,1.2,9.5,M,-25.1,M,,0000*68
$GPGSA,A,3,07,13,16,23,20,32,03,08,,,,,2.4,1.2,2.1*3F
$GPGSV,3,1,12,13,69,352,28,23,61,090,27,07,46,270,38,16,38,051,23*73
$GPGSV,3,2,12,10,35,304,26,20,28,178,34,08,21,254,22,03,20,102,26*70
$GPGSV,3,3,12,06,16,089,24,32,10,161,33,24,08,262,,19,06,129,*76
$GPRMC,200218.000,A,3748.4687,N,12217.5733,W,2.56,180.97,070611,,,D*77
$GPVTG,180.97,T,,M,2.56,N,4.7,K,D*0D
$GPGGA,200228.000,3748.4600,N,12217.5756,W,2,08,1.2,10.7,M,-25.1,M,,0000*5D
$GPGSA,A,3,07,13,16,23,20,32,03,08,,,,,2.4,1.2,2.1*3F
$GPGSV,3,1,12,13,69,352,30,23,61,090,28,07,46,270,39,16,38,051,26*71
$GPGSV,3,2,12,10,35,304,29,20,28,178,35,08,21,254,38,03,20,102,27*74
$GPGSV,3,3,12,06,16,089,28,32,10,161,33,24,08,262,,19,06,129,*7A
$GPRMC,200228.000,A,3748.4600,N,12217.5756,W,2.71,179.57,070611,,,D*77
$GPVTG,179.57,T,,M,2.71,N,5.0,K,D*04
$GPGGA,200238.000,3748.4526,N,12217.5765,W,2,08,1.2,7.4,M,-25.1,M,2.8,0000*4A
$GPGSA,A,3,07,13,16,23,20,32,03,08,,,,,2.4,1.2,2.1*3F
$GPGSV,3,1,12,13,69,352,24,23,61,090,29,07,46,270,22,16,38,051,26*7F
$GPGSV,3,2,12,10,35,304,16,20,28,178,36,08,21,254,25,03,20,102,30*71
$GPGSV,3,3,12,06,16,089,31,32,10,161,33,24,08,262,,19,06,129,*72
$GPVTG,209.84,T,,M,2.39,N,4.4,K,D*07
$GPGGA,200248.000,3748.4464,N,12217.5809,W,2,08,1.2,9.9,M,-25.1,M,,0000*68
$GPGSA,A,3,07,13,16,23,20,32,03,08,,,,,2.4,1.2,2.0*3E
$GPGSV,3,1,12,13,69,352,27,23,61,090,28,07,46,270,38,16,38,051,25*75
$GPGSV,3,2,12,10,35,304,36,20,28,178,32,08,21,254,26,03,20,102,27*72
$GPGSV,3,3,12,06,16,089,26,32,10,161,31,24,08,262,,19,06,129,*76
$GPRMC,200248.000,A,3748.4464,N,12217.5809,W,2.63,192.32,070611,,,D*71
$GPVTG,192.32,T,,M,2.63,N,4.9,K,D*09
$GPGGA,200258.000,3748.4388,N,12217.5841,W,2,09,1.1,7.0,M,-25.1,M,,0000*65
$GPGSA,A,3,07,13,10,16,23,20,32,03,08,,,,2.2,1.1,1.9*30
$GPGSV,3,1,12,13,69,353,28,23,61,091,28,07,46,271,38,16,38,051,24*7A
$GPGSV,3,2,12,10,35,304,36,20,27,178,35,08,21,255,35,03,20,101,30*7C
$GPGSV,3,3,12,06,16,089,26,32,10,161,37,24,08,262,,19,06,128,*71
$GPRMC,200258.000,A,3748.4388,N,12217.5841,W,2.72,189.95,070611,,,D*7E
$GPVTG,189.95,T,,M,2.72,N,5.0,K,D*06
$GPGGA,200308.000,3748.4298,N,12217.5857,W,2,09,1.1,9.4,M,-25.1,M,2.8,0000*48
$GPGSA,A,3,07,13,10,16,23,20,32,03,08,,,,2.2,1.1,1.9*30
$GPGSV,3,1,12,13,69,353,31,23,61,091,29,07,46,271,20,16,38,051,34*7B
$GPGSV,3,2,12,10,35,304,19,20,27,178,28,08,21,255,18,03,20,101,30*72
$GPGSV,3,3,12,06,16,089,35,32,10,161,28,24,08,262,,19,06,128,*7D
$GPRMC,200308.000,A,3748.4298,N,12217.5857,W,1.43,202.12,070611,,,D*73
$GPVTG,202.12,T,,M,1.43,N,2.6,K,D*09
$GPGGA,200318.000,3748.4213,N,12217.5891,W,2,09,1.1,9.9,M,-25.1,M,,0000*69
$GPGSA,A,3,07,13,10,16,23,20,32,03,08,,,,2.2,1.1,1.9*30
$GPGSV,3,1,12,13,69,353,28,23,61,091,22,07,46,271,35,16,38,051,22*7B
$GPGSV,3,2,12,10,35,304,23,20,27,178,36,08,21,255,35,03,20,101,29*73
$GPGSV,3,3,12,06,16,089,27,32,10,161,35,24,08,262,,19,06,128,*72
$GPRMC,200318.000,A,3748.4213,N,12217.5891,W,2.48,177.06,070611,,,D*77
$GPVTG,177.06,T,,M,2.48,N,4.6,K,D*03
$GPGGA,200328.000,3748.4116,N,12217.5903,W,2,09,1.1,9.9,M,-25.1,M,,0000*66
$GPGSA,A,3,07,13,10,16,23,20,32,03,08,,,,2.2,1.1,1.9*30
$GPGSV,3,1,12,13,69,353,28,23,61,091,26,07,46,271,37,16,38,051,22*7D
$GPGSV,3,2,12,10,35,304,36,20,27,178,27,08,21,255,28,03,20,101,26*74
$GPGSV,3,3,12,06,16,089,23,32,10,161,28,24,08,262,,19,06,128,*7A
$GPRMC,200328.000,A,3748.4116,N,12217.5903,W,2.37,180.34,070611,,,D*79
$GPVTG,180.34,T,,M,2.37,N,4.4,K,D*00
$GPGGA,200338.000,3748.4031,N,12217.5931,W,2,09,1.1,9.8,M,-25.1,M,1.8,0000*44
$GPGSA,A,3,07,13,10,16,23,20,32,03,08,,,,2.2,1.1,1.9*30
$GPGSV,3,1,12,13,69,353,30,23,61,091,26,07,46,271,20,16,38,051,22*72
$GPGSV,3,2,12,10,35,304,20,20,27,178,37,08,21,255,14,03,20,101,34*7E
$GPGSV,3,3,12,06,16,089,27,32,10,161,38,24,08,262,,19,06,128,*7F
$GPRMC,200338.000,A,3748.4031,N,12217.5931,W,2.73,199.03,070611,,,D*71
$GPVTG,199.03,T,,M,2.73,N,5.1,K,D*08
$GPGGA,200348.000,3748.3944,N,12217.5963,W,2,09,1.1,9.4,M,-25.1,M,7.8,0000*42
$GPGSA,A,3,07,13,10,16,23,20,32,03,08,,,,2.2,1.1,1.9*30
$GPGSV,3,1,12,13,69,353,26,23,61,091,28,07,46,271,21,16,38,051,24*7C
$GPGSV,3,2,12,10,35,304,27,20,27,178,27,08,21,255,27,03,20,101,25*78
$GPGSV,3,3,12,06,16,089,29,32,10,161,25,24,08,262,,19,06,128,*7D
$GPVTG,197.59,T,,M,2.55,N,4.7,K,D*0A
$GPGGA,200358.000,3748.3857,N,12217.5984,W,2,09,1.1,11.8,M,-25.1,M,1.8,0000*7A
$GPGSA,A,3,07,13,10,16,23,20,32,03,08,,,,2.2,1.1,1.9*30
$GPGSV,3,1,12,13,69,353,26,23,61,091,27,07,46,271,38,16,38,051,23*7C
$GPGSV,3,2,12,10,35,304,38,20,27,178,37,08,21,255,18,03,20,101,28*76
$GPGSV,3,3,12,06,16,089,25,32,10,161,30,24,08,262,,19,06,128,*75
$GPRMC,200358.000,A,3748.3857,N,12217.5984,W,3.03,185.04,070611,,,D*7A
$GPVTG,185.04,T,,M,3.03,N,5.6,K,D*03
$GPGGA,200408.000,3748.3771,N,12217.6012,W,2,09,1.1,11.2,M,-25.1,M,3.8,0000*7E
$GPGSA,A,3,07,13,10,16,23,20,32,03,08,,,,2.2,1.1,1.9*30
$GPGSV,3,1,12,13,69,353,28,23,61,091,27,07,46,271,37,16,38,051,22*7C
$GPGSV,3,2,12,10,35,304,25,20,27,178,37,08,21,255,23,03,20,101,29*73
$GPGSV,3,3,12,06,16,089,28,32,10,161,35,24,08,262,,19,06,128,*7D
$GPRMC,200408.000,A,3748.3771,N,12217.6012,W,2.97,190.39,070611,,,D*70
$GPVTG,190.39,T,,M,2.97,N,5.5,K,D*06
$GPGGA,200418.000,3748.3692,N,12217.6051,W,2,09,1.1,9.8,M,-25.1,M,1.8,0000*45
$GPGSA,A,3,07,13,10,16,23,20,32,03,08,,,,2.2,1.1,1.9*30
$GPGSV,3,1,12,13,69,353,29,23,61,091,26,07,46,271,32,16,38,051,23*78
$GPGSV,3,2,12,10,35,304,27,20,27,178,31,08,21,255,38,03,20,101,24*70
$GPGSV,3,3,12,06,16,089,23,32,10,161,34,24,08,262,,19,06,128,*77
$GPRMC,200418.000,A,3748.3692,N,12217.6051,W,0.81,214.45,070611,,,D*7B
$GPVTG,214.45,T,,M,0.81,N,1.5,K,D*03
$GPGGA,200428.000,3748.3675,N,12217.6053,W,2,09,1.1,8.4,M,-25.1,M,1.8,0000*40
$GPGSA,A,3,07,13,10,16,23,20,32,03,08,,,,2.2,1.1,1.9*30
$GPGSV,3,1,12,13,69,353,25,23,61,091,24,07,46,271,38,16,38,051,25*7A
$GPGSV,3,2,12,10,35,304,24,20,27,178,34,08,21,255,33,03,20,101,25*7C
$GPGSV,3,3,12,06,16,089,20,32,10,161,38,24,08,262,,19,06,128,*78
$GPRMC,200428.000,A,3748.3675,N,12217.6053,W,2.22,180.50,070611,,,D*72
$GPVTG,180.50,T,,M,2.22,N,4.1,K,D*03
$GPGGA,200438.000,3748.3595,N,12217.6052,W,2,08,1.1,5.4,M,-25.1,M,3.8,0000*43
$GPGSA,A,3,07,13,10,16,23,20,32,03,,,,,2.3,1.1,2.0*33
$GPGSV,3,1,12,13,69,353,28,23,61,091,27,07,46,271,28,16,38,051,23*73
$GPGSV,3,2,12,10,35,304,29,20,27,178,38,08,21,255,,03,20,101,32*7B
$GPGSV,3,3,12,06,16,089,31,32,10,161,38,24,08,262,,19,06,128,*78
$GPRMC,200438.000,A,3748.3595,N,12217.6052,W,2.69,178.01,070611,,,D*73
$GPVTG,178.01,T,,M,2.69,N,5.0,K,D*0F
$GPGGA,200448.000,3748.3509,N,12217.6085,W,2,09,1.1,9.0,M,-25.1,M,1.8,0000*40
$GPGSA,A,3,07,13,10,16,23,20,32,03,08,,,,2.2,1.1,1.9*30
$GPGSV,3,1,12,13,69,355,28,23,60,092,25,07,47,272,38,16,37,050,23*78
$GPGSV,3,2,12,10,36,303,35,20,26,177,38,08,22,255,40,03,21,101,29*70
$GPGSV,3,3,12,06,16,088,27,32,09,161,33,24,07,261,,19,07,128,*70
$GPRMC,200448.000,A,3748.3509,N,12217.6085,W,3.03,190.50,070611,,,D*74
$GPVTG,190.50,T,,M,3.03,N,5.6,K,D*06
$GPGGA,200458.000,3748.3429,N,12217.6111,W,2,09,1.1,10.5,M,-25.1,M,5.8,0000*77
$GPGSA,A,3,07,13,10,16,23,20,32,03,08,,,,2.2,1.1,1.9*30
$GPGSV,3,1,12,13,69,355,28,23,60,092,29,07,47,272,19,16,37,050,24*70
$GPGSV,3,2,12,10,36,303,13,20,26,177,38,08,22,255,21,03,21,101,29*73
$GPRMC,200458.000,A,3748.3429,N,12217.6111,W,2.85,194.70,070611,,,D*73
$GPVTG,194.70,T,,M,2.85,N,5.3,K,D*0A
$GPGGA,200508.000,3748.3336,N,12217.6144,W,2,08,1.1,14.9,M,-25.1,M,2.8,0000*74
$GPGSA,A,3,07,13,10,16,23,20,32,03,,,,,2.3,1.1,2.0*33
$GPGSV,3,1,12,13,69,355,28,23,60,092,27,07,47,272,19,16,37,050,25*7F
$GPGSV,3,2,12,10,36,303,14,20,26,177,38,08,22,255,,03,21,101,29*77
$GPGSV,3,3,12,06,16,088,28,32,09,161,33,24,07,261,,19,07,128,*7F
$GPRMC,200508.000,A,3748.3336,N,12217.6144,W,2.35,200.76,070611,,,D*7D
$GPGGA,200518.000,3748.3252,N,12217.6189,W,2,08,1.1,11.5,M,-25.1,M,,0000*5A
$GPGSA,A,3,07,13,10,16,23,20,32,03,,,,,2.3,1.1,2.0*33
$GPGSV,3,1,12,13,69,355,28,23,60,092,28,07,47,272,18,16,37,050,28*7C
$GPGSV,3,2,12,10,36,303,15,20,26,177,38,08,22,255,,03,21,101,29*76
$GPGSV,3,3,12,06,16,088,28,32,09,161,34,24,07,261,,19,07,128,*78
$GPRMC,200518.000,A,3748.3252,N,12217.6189,W,2.18,214.31,070611,,,D*77
$GPVTG,214.31,T,,M,2.18,N,4.0,K,D*02
$GPGGA,200528.000,3748.3129,N,12217.6234,W,2,09,1.1,16.9,M,-25.1,M,1.8,0000*7E
$GPGSA,A,3,07,13,10,16,23,20,32,03,08,,,,2.2,1.1,1.9*30
$GPGSV,3,1,12,13,69,355,21,23,60,092,24,07,47,272,29,16,37,050,25*76
$GPGSV,3,2,12,10,36,303,26,20,26,177,35,08,22,255,31,03,21,101,24*74
$GPGSV,3,3,12,06,16,088,20,32,09,161,35,24,07,261,,19,07,128,*71
$GPRMC,200528.000,A,3748.3129,N,12217.6234,W,3.18,187.06,070611,,,D*72
$GPVTG,187.06,T,,M,3.18,N,5.9,K,D*06
$GPGGA,200538.000,3748.3118,N,12217.6314,W,2,09,1.1,16.9,M,-25.1,M,8.8,0000*77
$GPGSA,A,3,07,13,10,16,23,20,32,03,08,,,,2.2,1.1,1.9*30
$GPGSV,3,1,12,13,69,355,35,23,60,092,27,07,47,272,36,16,37,050,31*7B
$GPGSV,3,2,12,10,36,303,20,20,26,177,26,08,22,255,37,03,21,101,24*76
$GPGSV,3,3,12,06,16,088,28,32,09,161,28,24,07,261,,19,07,128,*75
$GPRMC,200538.000,A,3748.3118,N,12217.6314,W,2.49,238.89,070611,,,D*77
$GPVTG,238.89,T,,M,2.49,N,4.6,K,D*0D
$GPGGA,200548.000,3748.3124,N,12217.6381,W,1,08,1.2,16.6,M,-25.1,M,,0000*53
$GPGSA,A,3,07,13,16,23,20,32,03,08,,,,,2.4,1.2,2.0*3E
$GPGSV,3,1,12,13,70,356,15,23,60,093,20,07,47,273,41,16,37,050,17*71
$GPGSV,3,2,12,10,36,303,,20,26,177,30,08,22,256,37,03,21,100,21*74
$GPGSV,3,3,12,06,17,088,13,32,09,161,28,24,07,261,,19,07,127,*73
$GPRMC,200548.000,A,3748.3124,N,12217.6381,W,0.84,305.73,070611,,,A*7F
$GPVTG,305.73,T,,M,0.84,N,1.6,K,A*04
$GPGGA,200558.000,3748.3163,N,12217.6432,W,1,08,1.2,16.1,M,-25.1,M,,0000*59
$GPGSA,A,3,07,13,16,23,20,32,03,08,,,,,2.4,1.2,2.0*3E
$GPGSV,3,1,12,13,70,356,15,23,60,093,20,07,47,273,36,16,37,050,13*75
$GPGSV,3,2,12,10,36,303,,20,26,177,28,08,22,256,37,03,21,100,16*79
$GPGSV,3,3,12,06,17,088,,32,09,161,27,24,07,261,,19,07,127,*7E
$GPRMC,200558.000,A,3748.3163,N,12217.6432,W,0.00,319.66,070611,,,A*77
$GPVTG,319.66,T,,M,0.00,N,0.0,K,A*06
$GPGGA,200608.000,3748.3163,N,12217.6432,W,1,06,2.6,16.1,M,-25.1,M,,0000*56
$GPGSA,A,3,07,13,23,20,32,08,,,,,,,4.7,2.6,3.9*30
$GPGSV,3,1,12,13,70,356,20,23,60,093,21,07,47,273,37,16,37,050,*71
$GPGSV,3,2,12,10,36,303,,20,26,177,28,08,22,256,38,03,21,100,17*77
$GPGSV,3,3,12,06,17,088,,32,09,161,27,24,07,261,,19,07,127,*7E
$GPVTG,319.66,T,,M,0.00,N,0.0,K,A*06
$GPGGA,200618.000,3748.3278,N,12217.6619,W,1,07,1.9,-0.2,M,-25.1,M,,0000*41
$GPGSA,A,3,07,13,10,23,20,32,08,,,,,,3.5,1.9,2.9*39
$GPGSV,3,1,12,13,70,356,20,23,60,093,21,07,47,273,36,16,37,050,*70
$GPGSV,3,2,12,10,36,303,17,20,26,177,28,08,22,256,33,03,21,100,17*7A
$GPGSV,3,3,12,06,17,088,,32,09,161,27,24,07,261,,19,07,127,*7E
$GPRMC,200618.000,A,3748.3278,N,12217.6619,W,2.45,306.97,070611,,,A*71
$GPVTG,306.97,T,,M,2.45,N,4.5,K,A*04
$GPGGA,200628.000,3748.3273,N,12217.6647,W,1,09,1.1,2.0,M,-25.1,M,,0000*69
$GPGSA,A,3,07,13,16,10,23,20,32,03,08,,,,2.2,1.1,1.9*30
$GPGSV,3,1,12,13,70,356,18,23,60,093,23,07,47,273,37,16,37,050,12*7B
$GPGSV,3,2,12,10,36,303,24,20,26,177,31,08,22,256,36,03,21,100,20*73
$GPGSV,3,3,12,06,17,088,,32,09,161,27,24,07,261,,19,07,127,*7E
$GPRMC,200628.000,A,3748.3273,N,12217.6647,W,0.00,320.98,070611,,,A*7A
$GPVTG,320.98,T,,M,0.00,N,0.0,K,A*0D
$GPGGA,200638.000,3748.3273,N,12217.6647,W,1,09,1.1,2.0,M,-25.1,M,,0000*68
$GPGSA,A,3,07,13,16,10,23,20,32,03,08,,,,2.2,1.1,1.9*30
$GPGSV,3,1,12,13,70,356,34,23,60,093,22,07,47,273,37,16,37,050,23*76
$GPGSV,3,2,12,10,36,303,39,20,26,177,26,08,22,256,36,03,21,100,17*7D
$GPGSV,3,3,12,06,17,088,,32,09,161,22,24,07,261,,19,07,127,*7B
$GPRMC,200638.000,A,3748.3273,N,12217.6647,W,0.00,320.98,070611,,,A*7B
$GPVTG,320.98,T,,M,0.00,N,0.0,K,A*0D
$GPGGA,200648.000,3748.3268,N,12217.6982,W,1,09,1.1,8.6,M,-25.1,M,,0000*6F
$GPGSA,A,3,07,13,16,10,23,20,32,03,08,,,,2.2,1.1,1.9*30
$GPGSV,3,1,12,13,70,357,34,23,60,094,28,07,47,273,37,16,37,050,30*78
$GPGSV,3,2,12,10,36,302,39,20,25,177,26,08,22,256,36,03,21,100,24*7F
$GPGSV,3,3,12,06,17,087,,32,08,161,22,19,07,127,22,04,04,251,*77
$GPRMC,200648.000,A,3748.3268,N,12217.6982,W,2.53,270.81,070611,,,A*78
$GPVTG,270.81,T,,M,2.53,N,4.7,K,A*06
$GPGGA,200658.000,3748.3306,N,12217.7101,W,1,09,1.1,-2.1,M,-25.1,M,,0000*45
$GPGSA,A,3,07,13,16,10,23,20,32,03,08,,,,2.2,1.1,1.9*30
$GPGSV,3,1,12,13,70,357,35,23,60,094,28,07,47,273,37,16,37,050,19*72
$GPGSV,3,2,12,10,36,302,40,20,25,177,29,08,22,256,38,03,21,100,19*7E
$GPGSV,3,3,12,06,17,087,,32,08,161,22,19,07,127,26,04,04,251,*73
$GPRMC,200658.000,A,3748.3306,N,12217.7101,W,1.96,298.59,070611,,,A*7B
$GPVTG,298.59,T,,M,1.96,N,3.6,K,A*09
$GPGGA,200708.000,3748.3319,N,12217.7218,W,1,08,1.1,-2.7,M,-25.1,M,,0000*43
$GPGSA,A,3,07,13,16,10,23,20,03,08,,,,,2.3,1.1,2.0*3A
$GPGSV,3,1,12,13,70,357,33,23,60,094,28,07,47,273,37,16,37,050,34*7B
$GPGSV,3,2,12,10,36,302,39,20,25,177,24,08,22,256,36,03,21,100,21*78
$GPRMC,200708.000,A,3748.3319,N,12217.7218,W,2.97,267.41,070611,,,A*71
$GPVTG,267.41,T,,M,2.97,N,5.5,K,A*07
$GPGGA,200718.000,3748.3351,N,12217.7326,W,1,09,1.1,-3.0,M,-25.1,M,,0000*45
$GPGSA,A,3,07,13,16,10,23,20,32,03,08,,,,2.2,1.1,1.9*30
$GPGSV,3,1,12,13,70,357,33,23,60,094,28,07,47,273,37,16,37,050,25*7B
$GPGSV,3,2,12,10,36,302,37,20,25,177,25,08,22,256,36,03,21,100,28*7E
$GPGSV,3,3,12,06,17,087,,32,08,161,15,19,07,127,23,04,04,251,*72
$GPRMC,200718.000,A,3748.3351,N,12217.7326,W,1.67,291.58,070611,,,A*7D
$GPGGA,200728.000,3748.3355,N,12217.7336,W,1,09,1.1,-3.6,M,-25.1,M,,0000*45
$GPGSA,A,3,07,13,16,10,23,20,32,03,08,,,,2.2,1.1,1.9*30
$GPGSV,3,1,12,13,70,357,27,23,60,094,26,07,47,273,37,16,37,050,26*73
$GPGSV,3,2,12,10,36,302,30,20,25,177,26,08,22,256,36,03,21,100,23*71
$GPGSV,3,3,12,06,17,087,,32,08,161,18,19,07,127,26,04,04,251,*7A
$GPRMC,200728.000,A,3748.3355,N,12217.7336,W,0.00,291.58,070611,,,A*7B
$GPVTG,291.58,T,,M,0.00,N,0.0,K,A*0A
$GPGGA,200738.000,3748.3402,N,12217.7527,W,1,09,1.1,-0.5,M,-25.1,M,,0000*47
$GPGSA,A,3,07,13,16,10,23,20,32,03,08,,,,2.2,1.1,1.9*30
$GPGSV,3,1,12,13,70,358,33,23,59,094,26,07,48,274,37,10,36,302,39*76
$GPGSV,3,2,12,16,36,049,26,20,25,177,23,08,23,256,36,03,21,099,22*78
$GPGSV,3,3,12,06,17,087,,32,08,161,19,19,08,127,20,04,04,250,*73
$GPRMC,200738.000,A,3748.3402,N,12217.7527,W,2.64,298.11,070611,,,A*7D
$GPVTG,298.11,T,,M,2.64,N,4.9,K,A*03
$GPGGA,200748.000,3748.3420,N,12217.7634,W,1,09,1.1,-2.0,M,-25.1,M,,0000*46
$GPGSA,A,3,07,13,16,10,23,20,32,03,08,,,,2.2,1.1,1.9*30
$GPGSV,3,1,12,13,70,358,34,23,59,094,26,07,48,274,37,10,36,302,39*71
$GPGSV,3,2,12,16,36,049,33,20,25,177,25,08,23,256,36,03,21,099,22*7A
$GPGSV,3,3,12,06,17,087,24,32,08,161,20,19,08,127,22,04,04,250,*7D
$GPRMC,200748.000,A,3748.3420,N,12217.7634,W,2.77,284.34,070611,,,A*73
$GPVTG,284.34,T,,M,2.77,N,5.1,K,A*02
$GPGGA,200758.000,3748.3441,N,12217.7750,W,1,09,1.1,-6.0,M,-25.1,M,,0000*47
$GPGSA,A,3,07,13,16,10,23,20,32,03,08,,,,2.2,1.1,1.9*30
$GPGSV,3,1,12,13,70,358,34,23,59,094,26,07,48,274,37,10,36,302,39*71
$GPGSV,3,2,12,16,36,049,34,20,25,177,25,08,23,256,37,03,21,099,22*7C
$GPGSV,3,3,12,06,17,087,24,32,08,161,22,19,08,127,25,04,04,250,*78
$GPRMC,200758.000,A,3748.3441,N,12217.7750,W,2.49,274.04,070611,,,A*77
$GPVTG,274.04,T,,M,2.49,N,4.6,K,A*05
$GPGGA,200808.000,3748.3460,N,12217.7858,W,1,09,1.1,-7.2,M,-25.1,M,,0000*4A
$GPGSA,A,3,07,13,16,10,23,20,32,03,08,,,,2.2,1.1,1.9*30
$GPGSV,3,1,12,13,70,358,34,23,59,094,26,07,48,274,37,10,36,302,39*71
$GPGSV,3,2,12,16,36,049,34,20,25,177,23,08,23,256,36,03,21,099,23*7A
$GPGSV,3,3,12,06,17,087,26,32,08,161,21,19,08,127,24,04,04,250,*78
$GPRMC,200808.000,A,3748.3460,N,12217.7858,W,2.75,290.98,070611,,,A*79
$GPVTG,290.98,T,,M,2.75,N,5.1,K,A*03
$GPGGA,200818.000,3748.3496,N,12217.7962,W,1,09,1.1,-5.6,M,-25.1,M,,0000*4C
$GPGSA,A,3,07,13,16,10,23,20,32,03,08,,,,2.2,1.1,1.9*30
$GPGSV,3,1,12,13,70,358,34,23,59,094,25,07,48,274,37,10,36,302,38*73
$GPGSV,3,2,12,16,36,049,34,20,25,177,25,08,23,256,34,03,21,099,22*7F
$GPGSV,3,3,12,06,17,087,21,32,08,161,22,19,08,127,24,04,04,250,*7C
$GPVTG,280.50,T,,M,2.63,N,4.9,K,A*08
$GPGGA,200828.000,3748.3517,N,12217.8076,W,1,09,1.1,-8.5,M,-25.1,M,,0000*4A
$GPGSA,A,3,07,13,16,10,23,20,32,03,08,,,,2.2,1.1,1.9*30
$GPGSV,3,1,12,13,71,359,34,23,59,095,25,07,48,274,38,10,37,301,38*7F
$GPGSV,3,2,12,16,36,049,34,20,25,177,25,08,23,257,36,03,21,099,21*7F
$GPGSV,3,3,12,06,17,087,21,19,08,126,23,32,08,161,21,04,03,250,*7E
$GPRMC,200828.000,A,3748.3517,N,12217.8076,W,2.57,272.89,070611,,,A*7D
$GPVTG,272.89,T,,M,2.57,N,4.8,K,A*07
$GPGGA,200838.000,3748.3550,N,12217.8197,W,1,09,1.1,-7.5,M,-25.1,M,,0000*49
$GPGSA,A,3,07,13,16,10,23,20,32,03,08,,,,2.2,1.1,1.9*30
$GPGSV,3,1,12,13,71,359,34,23,59,095,25,07,48,274,37,10,37,301,37*7F
$GPGSV,3,2,12,16,36,049,31,20,25,177,24,08,23,257,36,03,21,099,25*7F
$GPGSV,3,3,12,06,17,087,27,19,08,126,23,32,08,161,22,04,03,250,*7B
$GPRMC,200838.000,A,3748.3550,N,12217.8197,W,2.12,257.50,070611,,,A*73
$GPVTG,257.50,T,,M,2.12,N,3.9,K,A*03
$GPGGA,200848.000,3748.3573,N,12217.8292,W,1,09,1.1,-11.3,M,-25.1,M,,0000*78
$GPGSA,A,3,07,13,16,10,23,20,32,03,08,,,,2.2,1.1,1.9*30
$GPGSV,3,1,12,13,71,359,20,23,59,095,24,07,48,274,37,10,37,301,21*7C
$GPGSV,3,2,12,16,36,049,17,20,25,177,25,08,23,257,36,03,21,099,19*75
$GPGSV,3,3,12,06,17,087,12,19,08,126,27,32,08,161,17,04,03,250,*7F
$GPRMC,200848.000,A,3748.3573,N,12217.8292,W,2.26,277.91,070611,,,A*7B
$GPVTG,277.91,T,,M,2.26,N,4.2,K,A*07
$GPGGA,200858.000,3748.3579,N,12217.8315,W,1,09,1.1,-13.4,M,-25.1,M,,0000*78
$GPGSA,A,3,07,13,16,10,23,20,32,03,08,,,,2.2,1.1,1.9*30
$GPGSV,3,1,12,13,71,359,22,23,59,095,25,07,48,274,38,10,37,301,24*75
$GPGSV,3,2,12,16,36,049,24,20,25,177,28,08,23,257,36,03,21,099,20*72
$GPGSV,3,3,12,06,17,087,,19,08,126,26,32,08,161,20,04,03,250,*79
$GPRMC,200858.000,A,3748.3579,N,12217.8315,W,0.00,283.99,070611,,,A*7B
$GPVTG,283.99,T,,M,0.00,N,0.0,K,A*04
$GPGGA,200908.000,3748.3579,N,12217.8315,W,1,08,1.3,-13.4,M,-25.1,M,,0000*7F
$GPGSA,A,3,07,13,10,23,20,32,03,08,,,,,2.4,1.3,2.0*39
$GPGSV,3,1,12,13,71,359,20,23,59,095,19,07,48,274,38,10,37,301,24*78
$GPGSV,3,2,12,16,36,049,,20,25,177,29,08,23,257,36,03,21,099,20*75
$GPGSV,3,3,12,06,17,087,,19,08,126,24,32,08,161,21,04,03,250,*7A
$GPRMC,200908.000,A,3748.3579,N,12217.8315,W,0.00,283.99,070611,,,A*7F
$GPVTG,283.99,T,,M,0.00,N,0.0,K,A*04
$GPGGA,200918.000,3748.3637,N,12217.8607,W,1,09,1.1,-4.4,M,-25.1,M,,0000*44
$GPGSA,A,3,07,13,16,10,23,20,32,03,08,,,,2.1,1.1,1.9*33
$GPGSV,3,1,12,13,71,000,34,23,59,096,24,07,48,275,38,10,37,301,39*72
$GPGSV,3,2,12,16,36,049,35,20,24,177,25,08,23,257,37,03,22,099,22*7E
$GPGSV,3,3,12,06,17,086,,19,08,126,24,32,07,161,27,04,04,261,*77
$GPRMC,200918.000,A,3748.3637,N,12217.8607,W,2.85,278.18,070611,,,A*73
$GPVTG,278.18,T,,M,2.85,N,5.3,K,A*00
$GPGGA,200928.000,3748.3649,N,12217.8726,W,1,09,1.1,6.3,M,-25.1,M,,0000*64
$GPGSA,A,3,07,13,16,10,23,20,32,03,08,,,,2.1,1.1,1.9*33
$GPGSV,3,1,12,13,71,000,28,23,59,096,25,07,48,275,38,10,37,301,36*71
$GPGSV,3,2,12,16,36,049,33,20,24,177,25,08,23,257,37,03,22,099,28*72
$GPGSV,3,3,12,06,17,086,27,19,08,126,30,32,07,161,25,04,04,261,*75
$GPVTG,277.06,T,,M,2.41,N,4.5,K,A*0F
$GPGGA,200938.000,3748.3669,N,12217.8829,W,1,09,1.1,11.0,M,-25.1,M,,0000*52
$GPGSA,A,3,07,13,16,10,23,20,32,03,08,,,,2.1,1.1,1.9*33
$GPGSV,3,1,12,13,71,000,34,23,59,096,26,07,48,275,36,10,37,301,38*7F
$GPGSV,3,2,12,16,36,049,31,20,24,177,24,08,23,257,37,03,22,099,27*7E
$GPGSV,3,3,12,06,17,086,24,19,08,126,27,32,07,161,23,04,04,261,*76
$GPRMC,200938.000,A,3748.3669,N,12217.8829,W,2.42,265.15,070611,,,A*72
$GPGGA,200948.000,3748.3706,N,12217.8921,W,1,08,1.3,6.1,M,-25.1,M,,0000*60
$GPGSA,A,3,07,13,10,23,20,32,03,08,,,,,2.4,1.3,2.1*38
$GPGSV,3,1,12,13,71,000,21,23,59,096,26,07,48,275,37,10,37,301,21*72
$GPGSV,3,2,12,16,36,049,30,20,24,177,24,08,23,257,35,03,22,099,27*7D
$GPGSV,3,3,12,06,17,086,23,19,08,126,22,32,07,161,22,04,04,261,*75
$GPRMC,200948.000,A,3748.3706,N,12217.8921,W,0.00,252.23,070611,,,A*71
$GPVTG,252.23,T,,M,0.00,N,0.0,K,A*09
$GPGGA,200958.000,3748.3746,N,12217.9039,W,1,08,1.3,-0.9,M,-25.1,M,,0000*47
$GPGSA,A,3,07,13,10,23,20,32,03,08,,,,,2.4,1.3,2.1*38
$GPGSV,3,1,12,13,71,000,17,23,59,096,24,07,48,275,37,10,37,301,26*72
$GPGSV,3,2,12,16,36,049,,20,24,177,23,08,23,257,30,03,22,099,19*71
$GPGSV,3,3,12,06,17,086,16,19,08,126,19,32,07,161,26,04,04,261,*7F
$GPRMC,200958.000,A,3748.3746,N,12217.9039,W,2.40,278.52,070611,,,A*7D
$GPVTG,278.52,T,,M,2.40,N,4.4,K,A*01
$GPGGA,201008.000,3748.3761,N,12217.9074,W,1,09,1.1,-0.6,M,-25.1,M,,0000*4A
$GPGSA,A,3,07,13,16,10,23,20,32,03,08,,,,2.1,1.1,1.9*33
$GPGSV,3,1,12,13,71,000,34,23,59,096,24,07,48,275,36,10,37,301,39*7C
$GPGSV,3,2,12,16,36,049,30,20,24,177,22,08,23,257,38,03,22,099,19*7B
$GPGSV,3,3,12,06,17,086,16,19,08,126,23,32,07,161,26,04,04,261,*76
$GPRMC,201008.000,A,3748.3761,N,12217.9074,W,0.00,298.44,070611,,,A*73
$GPVTG,298.44,T,,M,0.00,N,0.0,K,A*0E
$GPGGA,201018.000,3748.3769,N,12217.9241,W,1,09,1.1,3.1,M,-25.1,M,,0000*6E
$GPGSA,A,3,07,13,16,10,23,20,32,03,08,,,,2.1,1.1,1.9*33
$GPGSV,3,1,12,13,71,001,34,23,59,096,25,07,48,275,37,10,37,301,35*71
$GPGSV,3,2,12,16,35,049,35,20,24,177,20,08,23,257,37,03,22,098,27*7C
$GPGSV,3,3,12,06,17,082,31,19,08,126,21,32,07,161,21,04,04,261,*72
$GPRMC,201018.000,A,3748.3769,N,12217.9241,W,2.25,252.35,070611,,,A*7B
$GPVTG,252.35,T,,M,2.25,N,4.2,K,A*0D
$GPGGA,201028.000,3748.3766,N,12217.9262,W,1,09,1.1,5.5,M,-25.1,M,,0000*61
$GPGSA,A,3,07,13,16,10,23,20,32,03,08,,,,2.1,1.1,1.9*33
$GPGSV,3,1,12,13,71,001,22,23,59,096,25,07,48,275,37,10,37,301,24*76
$GPGSV,3,2,12,16,35,049,19,20,24,177,21,08,23,257,37,03,22,098,22*76
$GPGSV,3,3,12,06,17,082,16,19,08,126,21,32,07,161,21,04,04,261,*77
$GPRMC,201028.000,A,3748.3766,N,12217.9262,W,0.00,243.50,070611,,,A*70
$GPVTG,243.50,T,,M,0.00,N,0.0,K,A*0D
$GPGGA,201038.000,3748.3766,N,12217.9262,W,1,08,1.1,5.5,M,-25.1,M,,0000*61
$GPGSA,A,3,07,13,16,10,23,20,03,08,,,,,2.3,1.1,2.0*3A
$GPGSV,3,1,12,13,71,001,22,23,59,096,24,07,48,275,38,10,37,301,22*7E
$GPGSV,3,2,12,16,35,049,18,20,24,177,21,08,23,257,37,03,22,098,14*72
$GPGSV,3,3,12,06,17,082,,19,08,126,19,32,07,161,,04,04,261,*78
$GPVTG,243.50,T,,M,0.00,N,0.0,K,A*0D
$GPGGA,201048.000,3748.3857,N,12217.9481,W,1,06,1.9,2.1,M,-25.1,M,,0000*65
$GPGSA,A,3,07,13,16,10,23,08,,,,,,,3.2,1.9,2.5*36
$GPGSV,3,1,12,13,71,002,34,23,58,097,21,07,48,275,26,10,37,300,31*73
$GPGSV,3,2,12,16,35,048,22,20,24,177,16,08,24,257,26,03,22,098,14*79
$GPGSV,3,3,12,06,17,082,,19,09,126,17,32,07,161,14,04,04,261,*72
$GPRMC,201048.000,A,3748.3857,N,12217.9481,W,3.02,6.87,070611,,,A*78
$GPVTG,6.87,T,,M,3.02,N,5.6,K,A*06
$GPGGA,201058.000,3748.3909,N,12217.9465,W,1,08,1.1,-0.2,M,-25.1,M,,0000*4E
$GPGSA,A,3,07,13,16,10,23,20,03,08,,,,,2.3,1.1,2.0*3A
$GPGSV,3,1,12,13,71,002,34,23,58,097,26,07,49,275,27,10,37,300,31*74
$GPGSV,3,2,12,16,35,048,22,08,24,258,28,20,24,177,16,03,22,098,16*7A
$GPGSV,3,3,12,06,17,082,,19,09,126,16,32,07,161,,04,04,261,*76
$GPRMC,201058.000,A,3748.3909,N,12217.9465,W,0.00,33.25,070611,,,A*46
$GPVTG,33.25,T,,M,0.00,N,0.0,K,A*3A
$GPGGA,201108.000,3748.4052,N,12217.9432,W,1,09,1.1,-1.8,M,-25.1,M,,0000*42
$GPGSA,A,3,07,13,16,10,23,32,03,20,08,,,,2.1,1.1,1.9*33
$GPGSV,3,1,12,13,71,002,34,23,58,097,37,07,49,275,26,10,37,300,31*75
$GPGSV,3,2,12,16,35,048,39,08,24,258,28,20,24,177,28,03,22,098,37*7E
$GPGSV,3,3,12,06,17,082,26,19,09,126,27,32,07,161,23,04,04,261,*71
$GPRMC,201108.000,A,3748.4052,N,12217.9432,W,3.05,10.91,070611,,,A*48
$GPVTG,10.91,T,,M,3.05,N,5.7,K,A*30
$GPGGA,201118.000,3748.4129,N,12217.9401,W,1,08,1.1,-0.7,M,-25.1,M,,0000*41
$GPGSA,A,3,07,13,16,10,23,03,20,08,,,,,2.3,1.1,2.0*3A
$GPGSV,3,1,12,13,71,002,33,23,58,097,37,07,49,276,22,10,37,300,30*74
$GPGSV,3,2,12,16,35,048,40,08,24,258,27,20,23,177,23,03,22,098,25*70
$GPGSV,3,3,12,06,17,082,21,19,09,125,,32,07,161,,04,03,261,*76
$GPRMC,201118.000,A,3748.4129,N,12217.9401,W,2.53,20.92,070611,,,A*46
$GPVTG,20.92,T,,M,2.53,N,4.7,K,A*33
$GPGGA,201128.000,3748.4213,N,12217.9373,W,1,08,1.1,-0.1,M,-25.1,M,,0000*4C
$GPGSA,A,3,07,13,16,10,23,03,20,08,,,,,2.3,1.1,2.0*3A
$GPGSV,3,1,12,13,71,002,34,23,58,097,37,07,49,276,26,10,37,300,29*7F
$GPGSV,3,2,12,16,35,048,39,08,24,258,26,20,23,177,26,03,22,098,36*78
$GPGSV,3,3,12,06,17,082,30,19,09,125,25,32,07,161,,04,03,261,*71
$GPRMC,201128.000,A,3748.4213,N,12217.9373,W,3.20,7.41,070611,,,A*73
$GPVTG,7.41,T,,M,3.20,N,5.9,K,A*02
$GPGGA,201138.000,3748.4271,N,12217.9368,W,1,09,1.1,2.7,M,-25.1,M,,0000*6B
$GPGSA,A,3,07,13,16,10,32,23,03,20,08,,,,2.1,1.1,1.9*33
$GPGSV,3,1,12,13,71,002,33,23,58,097,26,07,49,276,26,10,37,300,31*71
$GPGSV,3,2,12,16,35,048,23,08,24,258,28,20,23,177,19,03,22,098,23*75
$GPRMC,201138.000,A,3748.4271,N,12217.9368,W,0.00,31.34,070611,,,A*4A
$GPVTG,31.34,T,,M,0.00,N,0.0,K,A*38
$GPGGA,201148.000,3748.4344,N,12217.9380,W,1,09,1.1,0.8,M,-25.1,M,,0000*60
$GPGSA,A,3,07,13,16,10,32,23,03,20,08,,,,2.1,1.1,1.8*32
$GPGSV,3,1,12,13,71,002,33,23,58,097,28,07,49,276,35,10,37,300,38*74
$GPGSV,3,2,12,16,35,048,36,08,24,258,27,20,23,177,20,03,22,098,23*74
$GPGSV,3,3,12,06,17,082,25,19,09,125,21,32,07,161,20,04,03,261,*73
$GPRMC,201148.000,A,3748.4344,N,12217.9380,W,2.59,272.03,070611,,,A*73
$GPGGA,201158.000,3748.4361,N,12217.9482,W,1,09,1.1,-0.4,M,-25.1,M,,0000*42
$GPGSA,A,3,07,13,16,10,32,23,03,20,08,,,,2.1,1.1,1.8*32
$GPGSV,3,1,12,13,72,003,31,23,58,098,26,07,49,276,37,10,37,300,37*78
$GPGSV,3,2,12,16,35,048,33,08,24,258,36,20,23,177,19,03,22,097,23*74
$GPGSV,3,3,12,06,17,082,24,19,09,125,19,32,06,161,21,04,03,260,*78
$GPRMC,201158.000,A,3748.4361,N,12217.9482,W,2.39,272.54,070611,,,A*74
$GPVTG,272.54,T,,M,2.39,N,4.4,K,A*03
$GPGGA,201208.000,3748.4399,N,12217.9598,W,1,09,1.1,0.9,M,-25.1,M,,0000*69
$GPGSA,A,3,07,13,16,10,32,23,03,20,08,,,,2.1,1.1,1.8*32
$GPGSV,3,1,12,13,72,003,33,23,58,098,26,07,49,276,37,10,37,300,38*75
$GPGSV,3,2,12,16,35,048,33,08,24,258,27,20,23,177,22,03,22,097,23*7C
$GPGSV,3,3,12,06,17,082,25,19,09,125,18,32,06,161,18,04,03,260,*72
$GPRMC,201208.000,A,3748.4399,N,12217.9598,W,2.86,281.38,070611,,,A*7D
$GPVTG,281.38,T,,M,2.86,N,5.3,K,A*07
$GPGGA,201218.000,3748.4431,N,12217.9702,W,1,08,1.1,-1.3,M,-25.1,M,,0000*4B
$GPGSA,A,3,07,13,16,10,23,03,20,08,,,,,2.3,1.1,2.0*3A
$GPGSV,3,1,12,13,72,004,33,23,58,098,25,07,49,276,37,10,38,300,40*71
$GPGSV,3,2,12,16,35,048,34,08,24,258,31,20,23,177,20,03,22,097,23*7E
$GPGSV,3,3,12,06,17,081,25,19,09,125,17,32,06,161,,04,03,260,*77
$GPRMC,201218.000,A,3748.4431,N,12217.9702,W,2.53,261.15,070611,,,A*71
$GPVTG,261.15,T,,M,2.53,N,4.7,K,A*0B
$GPGGA,201228.000,3748.4476,N,12217.9810,W,1,07,1.6,-0.4,M,-25.1,M,,0000*49
$GPGSA,A,3,07,13,16,10,23,03,08,,,,,,2.6,1.6,2.0*3A
$GPGSV,3,1,12,13,72,004,33,23,58,098,25,07,49,276,37,10,38,300,39*7F
$GPGSV,3,2,12,16,35,048,36,08,24,258,22,20,23,177,,03,22,097,21*7E
$GPGSV,3,3,12,06,17,081,26,19,09,125,17,32,06,161,,04,03,260,*74
$GPRMC,201228.000,A,3748.4476,N,12217.9810,W,2.57,278.13,070611,,,A*77
$GPVTG,278.13,T,,M,2.57,N,4.8,K,A*0E
$GPGGA,201238.000,3748.4502,N,12217.9917,W,1,08,1.3,-4.6,M,-25.1,M,,0000*40
$GPGSA,A,3,07,13,16,10,32,23,03,08,,,,,2.3,1.3,1.9*31
$GPGSV,3,1,12,13,72,004,33,23,58,098,25,07,49,276,37,10,38,300,39*7F
$GPGSV,3,2,12,16,35,048,30,08,24,258,35,20,23,177,,03,22,097,22*7D
$GPGSV,3,3,12,06,17,081,21,19,09,125,19,32,06,161,20,04,03,260,*7F
$GPRMC,201238.000,A,3748.4502,N,12217.9917,W,2.72,267.86,070611,,,A*77
$GPVTG,267.86,T,,M,2.72,N,5.0,K,A*02
$GPGGA,201248.000,3748.4519,N,12218.0027,W,1,09,1.1,-4.8,M,-25.1,M,,0000*4C
$GPGSA,A,3,07,13,16,10,32,23,03,20,08,,,,2.1,1.1,1.8*32
$GPGSV,3,1,12,13,72,004,33,23,58,098,25,07,49,276,37,10,38,300,37*71
$GPGSV,3,2,12,16,35,048,34,08,24,258,31,20,23,177,25,03,22,097,22*7A
$GPGSV,3,3,12,06,17,081,23,19,09,125,19,32,06,161,20,04,03,260,*7D
$GPVTG,257.11,T,,M,2.07,N,3.8,K,A*03
$GPGGA,201258.000,3748.4533,N,12218.0125,W,1,08,1.3,-1.4,M,-25.1,M,,0000*4C
$GPGSA,A,3,07,13,16,10,32,23,03,08,,,,,2.3,1.3,1.9*31
$GPGSV,3,1,12,13,72,004,33,23,58,098,26,07,49,276,37,10,38,300,37*72
$GPGSV,3,2,12,16,35,048,35,08,24,258,25,20,23,177,,03,22,097,24*7F
$GPGSV,3,3,12,06,17,081,24,19,09,125,20,32,06,161,20,04,03,260,*70
$GPRMC,201258.000,A,3748.4533,N,12218.0125,W,2.52,275.76,070611,,,A*72
$GPVTG,275.76,T,,M,2.52,N,4.7,K,A*0A
$GPGGA,201308.000,3748.4548,N,12218.0225,W,1,08,1.3,-2.7,M,-25.1,M,,0000*47
$GPGSA,A,3,07,13,16,10,32,23,03,08,,,,,2.3,1.3,1.9*31
$GPGSV,3,1,12,13,72,004,31,23,58,098,26,07,49,276,36,10,38,300,38*7E
$GPGSV,3,2,12,16,35,048,34,08,24,258,35,20,23,177,,03,22,097,23*78
$GPGSV,3,3,12,06,17,081,27,19,09,125,19,32,06,161,19,04,03,260,*73
$GPRMC,201308.000,A,3748.4548,N,12218.0225,W,2.82,276.07,070611,,,A*71
$GPVTG,276.07,T,,M,2.82,N,5.2,K,A*06
$GPGGA,201318.000,3748.4580,N,12218.0345,W,1,09,1.1,-7.3,M,-25.1,M,,0000*47
$GPGSA,A,3,07,13,16,10,32,23,03,20,08,,,,2.1,1.1,1.8*32
$GPGSV,3,1,12,13,72,005,33,23,58,099,26,07,49,277,37,10,38,299,38*7D
$GPGSV,3,2,12,16,34,048,35,08,24,258,27,20,23,177,28,03,22,097,22*70
$GPGSV,3,3,12,06,18,081,25,19,09,125,18,32,06,161,18,04,03,260,*7E
$GPRMC,201318.000,A,3748.4580,N,12218.0345,W,2.84,272.74,070611,,,A*75
$GPVTG,272.74,T,,M,2.84,N,5.3,K,A*01
$GPGGA,201328.000,3748.4600,N,12218.0466,W,1,09,1.1,-9.7,M,-25.1,M,,0000*43
$GPGSA,A,3,07,13,16,10,32,23,03,20,08,,,,2.1,1.1,1.8*32
$GPGSV,3,1,12,13,72,005,33,23,58,099,26,07,49,277,37,10,38,299,38*7D
$GPGSV,3,2,12,16,34,048,35,08,24,258,22,20,23,177,19,03,22,097,22*77
$GPGSV,3,3,12,06,18,081,25,19,09,125,18,32,06,161,17,04,03,260,*71
$GPRMC,201328.000,A,3748.4600,N,12218.0466,W,2.72,274.84,070611,,,A*7B
$GPVTG,274.84,T,,M,2.72,N,5.0,K,A*02
$GPGGA,201338.000,3748.4627,N,12218.0574,W,1,09,1.1,-11.1,M,-25.1,M,,0000*7A
$GPGSA,A,3,07,13,16,10,32,23,03,20,08,,,,2.1,1.1,1.8*32
$GPGSV,3,1,12,13,72,005,34,23,58,099,25,07,49,277,27,10,38,299,25*74
$GPGSV,3,2,12,16,34,048,31,08,24,258,28,20,23,177,23,03,22,097,23*71
$GPGSV,3,3,12,06,18,081,24,19,09,125,19,32,06,161,18,04,03,260,*7E
$GPRMC,201338.000,A,3748.4627,N,12218.0574,W,1.90,268.31,070611,,,A*71
$GPVTG,268.31,T,,M,1.90,N,3.5,K,A*0D
$GPGGA,201348.000,3748.4657,N,12218.0680,W,1,08,1.3,-13.7,M,-25.1,M,,0000*75
$GPGSA,A,3,07,13,16,10,32,23,03,08,,,,,2.3,1.3,1.9*31
$GPGSV,3,1,12,13,72,005,26,23,58,099,24,07,49,277,37,10,38,299,39*7A
$GPGSV,3,2,12,16,34,048,33,08,24,258,34,20,23,177,,03,22,097,22*7E
$GPGSV,3,3,12,06,18,081,25,19,09,125,19,32,06,161,18,04,03,260,*7F
$GPRMC,201348.000,A,3748.4657,N,12218.0680,W,2.42,281.57,070611,,,A*72
$GPVTG,281.57,T,,M,2.42,N,4.5,K,A*01
$GPGGA,201358.000,3748.4676,N,12218.0781,W,1,08,1.3,-6.9,M,-25.1,M,,0000*4D
$GPGSA,A,3,07,13,16,10,32,23,03,08,,,,,2.3,1.3,1.9*31
$GPGSV,3,1,12,13,72,005,34,23,58,099,25,07,49,277,37,10,38,299,38*79
$GPGSV,3,2,12,16,34,048,35,08,24,258,26,20,23,177,,03,22,097,21*78
$GPGSV,3,3,12,06,18,081,25,19,09,125,19,32,06,161,18,04,03,260,*7F
$GPVTG,267.79,T,,M,2.67,N,4.9,K,A*0E
$GPGGA,201408.000,3748.4694,N,12218.0891,W,1,09,1.1,-5.2,M,-25.1,M,,0000*46
$GPGSA,A,3,07,13,16,10,32,23,03,20,08,,,,2.1,1.1,1.8*32
$GPGSV,3,1,12,13,72,005,33,23,58,099,25,07,49,277,37,10,38,299,35*73
$GPGSV,3,2,12,16,34,048,29,08,24,258,35,20,23,177,20,03,22,097,22*76
$GPGSV,3,3,12,06,18,081,24,19,09,125,,32,06,161,17,04,03,260,*79
$GPRMC,201408.000,A,3748.4694,N,12218.0891,W,2.48,244.05,070611,,,A*74
$GPVTG,244.05,T,,M,2.48,N,4.6,K,A*06
$GPGGA,201418.000,3748.4721,N,12218.1005,W,1,09,1.1,0.6,M,-25.1,M,,0000*60
$GPGSA,A,3,07,13,16,10,32,23,03,20,08,,,,2.1,1.1,1.8*32
$GPGSV,3,1,12,13,72,005,33,23,58,099,25,07,49,277,37,10,38,299,38*7E
$GPGSV,3,2,12,16,34,048,32,08,24,258,36,20,23,177,27,03,22,097,23*79
$GPGSV,3,3,12,06,18,081,25,19,09,125,,32,06,161,18,04,03,260,*77
$GPRMC,201418.000,A,3748.4721,N,12218.1005,W,2.63,272.58,070611,,,A*7A
$GPVTG,272.58,T,,M,2.63,N,4.9,K,A*0D
$GPGGA,201428.000,3748.4732,N,12218.1068,W,1,09,1.1,-1.8,M,-25.1,M,,0000*48
$GPGSA,A,3,07,13,16,10,32,23,03,20,08,,,,2.1,1.1,1.8*32
$GPGSV,3,1,12,13,72,005,33,23,58,099,26,07,49,277,37,10,38,299,38*7D
$GPGSV,3,2,12,16,34,048,33,08,24,258,36,20,23,177,21,03,22,097,23*7E
$GPGSV,3,3,12,06,18,081,25,19,09,125,18,32,06,161,18,04,03,260,*7E
$GPRMC,201428.000,A,3748.4732,N,12218.1068,W,0.00,271.96,070611,,,A*76
$GPVTG,271.96,T,,M,0.00,N,0.0,K,A*06
$GPGGA,201438.000,3748.4744,N,12218.1168,W,1,09,1.1,-3.1,M,-25.1,M,,0000*42
$GPGSA,A,3,07,13,16,10,32,23,03,20,08,,,,2.1,1.1,1.8*32
$GPGSV,3,1,12,13,72,005,25,23,58,099,26,07,49,277,34,10,38,299,33*72
$GPGSV,3,2,12,16,34,048,21,08,24,258,33,20,23,177,39,03,22,097,23*71
$GPGSV,3,3,12,06,18,081,24,19,09,125,20,32,06,161,25,04,03,260,*7A
$GPRMC,201438.000,A,3748.4744,N,12218.1168,W,0.00,228.27,070611,,,A*71
$GPVTG,228.27,T,,M,0.00,N,0.0,K,A*00
$GPGGA,201448.000,3748.4649,N,12218.1210,W,1,09,1.1,2.6,M,-25.1,M,,0000*6E
$GPGSA,A,3,07,13,16,10,32,23,03,20,08,,,,2.1,1.1,1.8*32
$GPGSV,3,1,12,13,72,005,30,23,58,099,26,07,49,277,35,10,38,299,32*76
$GPGSV,3,2,12,16,34,048,21,08,24,258,40,20,23,177,37,03,22,097,27*7F
$GPGSV,3,3,12,06,18,081,19,19,09,125,36,32,06,161,33,04,03,260,*74
$GPRMC,201448.000,A,3748.4649,N,12218.1210,W,3.01,186.10,070611,,,A*77
$GPVTG,186.10,T,,M,3.01,N,5.6,K,A*02
$GPGGA,201458.000,3748.4555,N,12218.1245,W,1,09,1.1,6.5,M,-25.1,M,,0000*66
$GPGSA,A,3,07,13,16,10,32,23,03,20,08,,,,2.1,1.1,1.8*32
$GPGSV,3,1,12,13,72,005,30,23,58,099,26,07,49,277,37,10,38,299,35*73
$GPGSV,3,2,12,16,34,048,20,08,24,258,40,20,23,177,37,03,22,097,27*7E
$GPGSV,3,3,12,06,18,081,25,19,09,125,30,32,06,161,30,04,03,260,*7E
$GPRMC,201458.000,A,3748.4555,N,12218.1245,W,2.98,196.81,070611,,,A*70
$GPVTG,196.81,T,,M,2.98,N,5.5,K,A*09
$GPGGA,201508.000,3748.4460,N,12218.1284,W,1,09,1.1,9.8,M,-25.1,M,,0000*6A
$GPGSA,A,3,07,13,16,10,32,23,03,20,08,,,,2.1,1.1,1.8*32
$GPGSV,3,1,12,13,72,005,30,23,58,099,26,07,49,277,38,10,38,299,36*7F
$GPGSV,3,2,12,16,34,048,21,08,24,258,34,20,23,177,37,03,22,097,26*7D
$GPGSV,3,3,12,06,18,081,24,19,09,125,27,32,06,161,22,04,03,260,*7A
$GPVTG,196.95,T,,M,2.78,N,5.1,K,A*06
$GPGGA,201518.000,3748.4374,N,12218.1324,W,1,09,1.1,8.9,M,-25.1,M,,0000*62
$GPGSA,A,3,07,13,16,10,32,23,03,20,08,,,,2.1,1.1,1.8*32
$GPGSV,3,1,12,13,72,005,30,23,58,099,26,07,49,277,38,10,38,299,36*7F
$GPGSV,3,2,12,16,34,048,29,08,24,258,39,20,23,177,36,03,22,097,26*79
$GPGSV,3,3,12,06,18,081,23,19,09,125,27,32,06,161,21,04,03,260,*7E
$GPRMC,201518.000,A,3748.4374,N,12218.1324,W,3.12,197.82,070611,,,A*77
$GPVTG,197.82,T,,M,3.12,N,5.8,K,A*05
$GPGGA,201528.000,3748.4290,N,12218.1322,W,1,08,1.1,8.2,M,-25.1,M,,0000*66
$GPGSA,A,3,07,13,16,10,23,03,20,08,,,,,2.3,1.1,2.0*3A
$GPGSV,3,1,12,13,72,005,29,23,58,099,33,07,49,277,34,10,38,299,32*7B
$GPGSV,3,2,12,16,34,048,21,08,24,258,37,20,23,177,38,03,22,097,33*75
$GPGSV,3,3,12,06,18,081,30,19,09,125,34,32,06,161,,04,03,260,*7D
$GPRMC,201528.000,A,3748.4290,N,12218.1322,W,2.94,143.39,070611,,,A*7F
$GPVTG,143.39,T,,M,2.94,N,5.5,K,A*0E
$GPGGA,201538.000,3748.4250,N,12218.1241,W,1,08,1.1,5.0,M,-25.1,M,,0000*60
$GPGSA,A,3,07,13,16,10,23,03,20,08,,,,,2.3,1.1,2.0*3A
$GPGSV,3,1,12,13,72,005,30,23,58,099,36,07,49,277,27,10,38,299,25*72
$GPGSV,3,2,12,16,34,048,28,08,24,258,28,20,23,177,36,03,22,097,36*79
$GPGSV,3,3,12,06,18,081,26,19,09,125,38,32,06,161,,04,03,260,*76
$GPRMC,201538.000,A,3748.4250,N,12218.1241,W,2.97,120.63,070611,,,A*7F
$GPVTG,120.63,T,,M,2.97,N,5.5,K,A*07
$GPGGA,201548.000,3748.4221,N,12218.1139,W,1,08,1.1,2.6,M,-25.1,M,,0000*6C
$GPGSA,A,3,07,13,16,10,23,03,20,08,,,,,2.3,1.1,2.0*3A
$GPGSV,3,1,12,13,72,005,30,23,58,099,37,07,49,277,26,10,38,299,21*76
$GPGSV,3,2,12,16,34,048,31,08,24,258,28,20,23,177,22,03,22,097,37*75
$GPGSV,3,3,12,06,18,081,33,19,09,125,35,32,06,161,,04,03,260,*7F
$GPRMC,201548.000,A,3748.4221,N,12218.1139,W,2.96,118.30,070611,,,A*7E
$GPVTG,118.30,T,,M,2.96,N,5.5,K,A*0B
$GPGGA,201558.000,3748.4199,N,12218.1076,W,1,08,1.1,2.5,M,-25.1,M,,0000*64
$GPGSA,A,3,07,13,16,10,23,03,20,08,,,,,2.3,1.1,2.0*3A
$GPGSV,3,1,12,13,72,005,30,23,58,099,37,07,49,277,27,10,38,299,26*70
$GPGSV,3,2,12,16,34,048,24,08,24,258,28,20,23,177,21,03,22,097,21*75
$GPGSV,3,3,12,06,18,081,28,19,09,125,32,32,06,161,,04,03,260,*72
$GPRMC,201558.000,A,3748.4199,N,12218.1076,W,0.00,94.23,070611,,,A*4F
$GPVTG,94.23,T,,M,0.00,N,0.0,K,A*31
$GPGGA,201608.000,3748.4135,N,12218.0966,W,1,08,1.1,9.2,M,-25.1,M,,0000*61
$GPGSA,A,3,07,13,16,10,23,03,20,08,,,,,2.3,1.1,2.0*3A
$GPGSV,3,1,12,13,72,005,23,23,58,099,38,07,49,277,24,10,38,299,20*78
$GPGSV,3,2,12,16,34,048,27,08,24,258,27,20,23,177,22,03,22,097,23*78
$GPGSV,3,3,12,06,18,081,23,19,09,125,31,32,06,161,,04,03,260,*7A
$GPRMC,201608.000,A,3748.4135,N,12218.0966,W,0.00,85.21,070611,,,A*44
$GPVTG,85.21,T,,M,0.00,N,0.0,K,A*33
$GPGGA,201618.000,3748.4098,N,12218.0856,W,1,08,1.1,9.3,M,-25.1,M,,0000*65
$GPGSA,A,3,07,13,16,10,23,03,20,08,,,,,2.3,1.1,2.0*3A
$GPGSV,3,1,12,13,73,009,21,23,57,101,32,07,50,279,24,10,38,298,20*75
$GPGSV,3,2,12,16,33,047,20,08,25,260,27,03,23,095,38,20,21,177,31*74
$GPGSV,3,3,12,06,18,080,17,19,10,124,30,32,05,161,,04,02,259,*7C
$GPVTG,109.12,T,,M,2.43,N,4.5,K,A*02
$GPGGA,201628.000,3748.4114,N,12218.0751,W,1,08,1.1,3.7,M,-25.1,M,,0000*65
$GPGSA,A,3,07,13,16,10,23,03,20,08,,,,,2.3,1.1,2.0*3A
$GPGSV,3,1,12,13,73,009,30,23,57,101,38,07,50,279,23,10,38,298,20*78
$GPGSV,3,2,12,16,33,047,32,08,25,260,26,03,23,095,39,20,21,177,25*72
$GPGSV,3,3,12,06,18,080,38,19,10,124,31,32,05,161,,04,02,259,*70
$GPRMC,201628.000,A,3748.4114,N,12218.0751,W,2.66,98.95,070611,,,A*4E
$GPVTG,98.95,T,,M,2.66,N,4.9,K,A*3F
$GPGGA,201638.000,3748.4114,N,12218.0717,W,1,08,1.1,2.5,M,-25.1,M,,0000*65
$GPGSA,A,3,07,13,16,10,23,03,20,08,,,,,2.3,1.1,2.0*3A
$GPGSV,3,1,12,13,73,009,30,23,57,101,38,07,50,279,23,10,38,298,22*7A
$GPGSV,3,2,12,16,33,047,33,08,25,260,26,03,23,095,39,20,21,177,22*74
$GPGSV,3,3,12,06,18,080,32,19,10,124,31,32,05,161,,04,02,259,*7A
$GPRMC,201638.000,A,3748.4114,N,12218.0717,W,0.00,92.04,070611,,,A*4D
$GPVTG,92.04,T,,M,0.00,N,0.0,K,A*32
$GPGGA,201648.000,3748.4109,N,12218.0542,W,1,08,1.1,2.0,M,-25.1,M,,0000*69
$GPGSA,A,3,07,13,16,10,23,03,20,08,,,,,2.3,1.1,2.0*3A
$GPGSV,3,1,12,13,73,009,32,23,57,101,38,07,50,279,24,10,38,298,29*74
$GPGSV,3,2,12,16,33,047,40,08,25,260,26,03,23,095,26,20,21,177,21*7D
$GPGSV,3,3,12,06,18,080,22,19,10,124,24,32,05,161,,04,02,259,*7F
$GPRMC,201648.000,A,3748.4109,N,12218.0542,W,2.74,16.50,070611,,,A*48
$GPVTG,16.50,T,,M,2.74,N,5.1,K,A*3A
$GPGGA,201658.000,3748.4189,N,12218.0486,W,1,08,1.1,4.3,M,-25.1,M,,0000*6C
$GPGSA,A,3,07,13,16,10,03,23,20,08,,,,,2.3,1.1,2.0*3A
$GPGSV,3,1,12,13,73,009,33,23,57,101,37,07,50,279,24,10,38,298,30*72
$GPGSV,3,2,12,16,33,047,40,08,25,260,27,03,23,095,23,20,21,177,23*7B
$GPGSV,3,3,12,06,18,080,22,19,10,124,20,32,05,161,14,04,02,259,*7E
$GPRMC,201658.000,A,3748.4189,N,12218.0486,W,2.55,18.89,070611,,,A*41
$GPVTG,18.89,T,,M,2.55,N,4.7,K,A*34
$GPGGA,201708.000,3748.4266,N,12218.0444,W,1,08,1.1,6.2,M,-25.1,M,,0000*67
$GPGSA,A,3,07,13,16,10,03,23,20,08,,,,,2.3,1.1,2.0*3A
$GPGSV,3,1,12,13,73,009,34,23,57,101,37,07,50,279,24,10,38,298,26*72
$GPGSV,3,2,12,16,33,047,40,08,25,260,22,03,23,095,35,20,21,177,24*7E
$GPGSV,3,3,12,06,18,080,37,19,10,124,20,32,05,161,,04,02,259,*7F
$GPRMC,201708.000,A,3748.4266,N,12218.0444,W,2.19,6.32,070611,,,A*7E
$GPVTG,6.32,T,,M,2.19,N,4.1,K,A*05
$GPGGA,201718.000,3748.4349,N,12218.0426,W,1,08,1.1,4.7,M,-25.1,M,,0000*69
$GPGSA,A,3,07,13,16,10,03,23,20,08,,,,,2.3,1.1,2.0*3A
$GPGSV,3,1,12,13,73,011,34,23,56,101,37,07,50,279,24,10,39,297,25*77
$GPGSV,3,2,12,16,33,047,40,08,26,260,20,03,23,095,39,20,21,177,24*73
$GPGSV,3,3,12,06,18,079,38,19,10,123,28,32,04,161,,04,02,258,*79
$GPRMC,201718.000,A,3748.4349,N,12218.0426,W,2.59,2.60,070611,,,A*70
$GPVTG,2.60,T,,M,2.59,N,4.8,K,A*0B
$GPGGA,201728.000,3748.4438,N,12218.0399,W,1,08,1.1,8.2,M,-25.1,M,,0000*61
$GPGSA,A,3,07,13,16,10,03,23,20,08,,,,,2.3,1.1,2.0*3A
$GPGSV,3,1,12,13,73,011,34,23,56,101,37,07,50,279,26,10,39,297,33*72
$GPGSV,3,2,12,16,33,047,40,08,26,260,21,03,23,095,38,20,21,177,22*75
$GPGSV,3,3,12,06,18,079,38,19,10,123,31,32,04,161,,04,02,258,*71
$GPVTG,7.02,T,,M,2.85,N,5.3,K,A*01
$GPGGA,201738.000,3748.4522,N,12218.0368,W,1,08,1.1,5.6,M,-25.1,M,,0000*6D
$GPGSA,A,3,07,13,16,10,03,23,20,08,,,,,2.3,1.1,2.0*3A
$GPGSV,3,1,12,13,73,011,35,23,56,101,38,07,50,279,22,10,39,297,20*7A
$GPGSV,3,2,12,16,33,047,40,08,26,260,21,03,23,095,40,20,21,177,28*70
$GPGSV,3,3,12,06,18,079,30,19,10,123,31,32,04,161,,04,02,258,*79
$GPRMC,201738.000,A,3748.4522,N,12218.0368,W,2.91,22.65,070611,,,A*47
$GPVTG,22.65,T,,M,2.91,N,5.4,K,A*35
$GPGGA,201748.000,3748.4616,N,12218.0346,W,1,08,1.1,5.6,M,-25.1,M,,0000*62
$GPGSA,A,3,07,13,16,10,03,23,20,08,,,,,2.3,1.1,2.0*3A
$GPGSV,3,1,12,13,73,012,35,23,56,102,38,07,50,280,27,10,39,297,26*7F
$GPGSV,3,2,12,16,33,047,40,08,26,260,21,03,23,095,39,20,21,177,25*73
$GPGSV,3,3,12,06,18,079,36,19,11,123,21,32,04,161,17,04,02,258,*79
$GPRMC,201748.000,A,3748.4616,N,12218.0346,W,2.96,6.90,070611,,,A*73
$GPVTG,6.90,T,,M,2.96,N,5.5,K,A*0F
$GPGGA,201758.000,3748.4692,N,12218.0305,W,1,08,1.1,3.0,M,-25.1,M,,0000*68
$GPGSA,A,3,07,13,16,10,03,23,20,08,,,,,2.3,1.1,2.0*3A
$GPGSV,3,1,12,13,73,012,34,23,56,102,38,07,50,280,23,10,39,297,27*7B
$GPGSV,3,2,12,16,33,047,40,08,26,260,23,03,23,095,41,20,21,177,30*7A
$GPGSV,3,3,12,06,18,079,41,19,11,123,40,32,04,161,19,04,02,258,*70
$GPRMC,201758.000,A,3748.4692,N,12218.0305,W,3.06,28.33,070611,,,A*44
$GPVTG,28.33,T,,M,3.06,N,5.7,K,A*30
$GPGGA,201808.000,3748.4770,N,12218.0263,W,1,08,1.1,2.4,M,-25.1,M,,0000*6B
$GPGSA,A,3,07,13,16,10,03,23,20,08,,,,,2.3,1.1,2.0*3A
$GPGSV,3,1,12,13,73,012,34,23,56,102,38,07,50,280,23,10,39,297,26*7A
$GPGSV,3,2,12,16,33,047,39,08,26,260,24,03,23,095,40,20,21,177,28*7B
$GPGSV,3,3,12,06,18,079,35,19,11,123,35,32,04,161,20,04,02,258,*7B
$GPRMC,201808.000,A,3748.4770,N,12218.0263,W,2.62,18.73,070611,,,A*46
$GPVTG,18.73,T,,M,2.62,N,4.9,K,A*3B
$GPGGA,201818.000,3748.4832,N,12218.0191,W,1,08,1.1,5.6,M,-25.1,M,,0000*68
$GPGSA,A,3,07,13,16,10,03,23,20,08,,,,,2.3,1.1,2.0*3A
$GPGSV,3,1,12,13,73,012,34,23,56,102,38,07,51,280,23,10,39,297,27*7A
$GPGSV,3,2,12,16,32,046,39,08,26,260,25,03,23,094,40,20,20,177,26*74
$GPGSV,3,3,12,06,18,079,37,19,11,123,29,32,04,161,26,04,02,258,*72
$GPRMC,201818.000,A,3748.4832,N,12218.0191,W,2.67,23.13,070611,,,A*4B
$GPVTG,23.13,T,,M,2.67,N,4.9,K,A*30
$GPGGA,201828.000,3748.4901,N,12218.0137,W,1,08,1.1,4.6,M,-25.1,M,,0000*67
$GPGSA,A,3,07,13,16,10,03,23,20,08,,,,,2.3,1.1,2.0*3A
$GPGSV,3,1,12,13,73,012,34,23,56,102,38,07,51,280,23,10,39,297,29*74
$GPGSV,3,2,12,16,32,046,39,08,26,260,24,03,23,094,40,20,20,177,27*74
$GPGSV,3,3,12,06,18,079,38,19,11,123,24,32,04,161,18,04,02,258,*7D
$GPVTG,16.12,T,,M,2.55,N,4.7,K,A*38
$GPGGA,201838.000,3748.4973,N,12218.0076,W,1,08,1.1,5.1,M,-25.1,M,,0000*61
$GPGSA,A,3,07,13,16,10,03,23,20,08,,,,,2.3,1.1,2.0*3A
$GPGSV,3,1,12,13,73,012,34,23,56,102,38,07,51,280,24,10,39,297,27*7D
$GPGSV,3,2,12,16,32,046,40,08,26,260,24,03,23,094,40,20,20,177,30*7C
$GPGSV,3,3,12,06,18,079,39,19,11,123,38,32,04,161,18,04,02,258,*71
$GPRMC,201838.000,A,3748.4973,N,12218.0076,W,2.33,22.77,070611,,,A*47
$GPVTG,22.77,T,,M,2.33,N,4.3,K,A*38
$GPGGA,201848.000,3748.5002,N,12218.0062,W,1,08,1.1,4.0,M,-25.1,M,,0000*6D
$GPGSA,A,3,07,13,16,10,03,23,20,08,,,,,2.3,1.1,2.0*3A
$GPGSV,3,1,12,13,73,012,28,23,56,102,26,07,51,280,24,10,39,297,25*7D
$GPGSV,3,2,12,16,32,046,35,08,26,260,23,03,23,094,29,20,20,177,25*72
$GPGSV,3,3,12,06,18,079,29,19,11,123,24,32,04,161,17,04,02,258,*72
$GPRMC,201848.000,A,3748.5002,N,12218.0062,W,0.00,12.43,070611,,,A*4D
$GPVTG,12.43,T,,M,0.00,N,0.0,K,A*39
$GPGGA,201858.000,3748.5106,N,12217.9973,W,1,08,1.1,2.5,M,-25.1,M,,0000*65
$GPGSA,A,3,07,13,16,10,03,23,20,08,,,,,2.2,1.1,2.0*3B
$GPGSV,3,1,12,13,73,012,33,23,56,102,38,07,51,280,24,10,39,297,26*7B
$GPGSV,3,2,12,16,32,046,39,08,26,260,23,03,23,094,40,20,20,177,27*73
$GPGSV,3,3,12,06,18,079,39,19,11,123,21,32,04,161,17,04,02,258,*76
$GPRMC,201858.000,A,3748.5106,N,12217.9973,W,2.53,17.57,070611,,,A*42
$GPVTG,17.57,T,,M,2.53,N,4.7,K,A*3E
$GPGGA,201908.000,3748.5187,N,12217.9942,W,1,08,1.1,-1.7,M,-25.1,M,,0000*46
$GPGSA,A,3,07,13,16,10,03,23,20,08,,,,,2.2,1.1,2.0*3B
$GPGSV,3,1,12,13,73,012,34,23,56,102,38,07,51,280,24,10,39,297,26*7C
$GPGSV,3,2,12,16,32,046,40,08,26,260,23,03,23,094,41,20,20,177,27*7C
$GPGSV,3,3,12,06,18,079,39,19,11,123,24,32,04,161,,04,02,258,*75
$GPRMC,201908.000,A,3748.5187,N,12217.9942,W,2.75,17.25,070611,,,A*4C
$GPVTG,17.25,T,,M,2.75,N,5.1,K,A*38
$GPGGA,201918.000,3748.5258,N,12217.9884,W,1,08,1.1,-1.6,M,-25.1,M,,0000*4C
$GPGSA,A,3,07,13,16,10,03,23,20,08,,,,,2.2,1.1,2.0*3B
$GPGSV,3,1,12,13,73,012,33,23,56,102,38,07,51,280,25,10,39,297,24*78
$GPGSV,3,2,12,16,32,046,39,08,26,260,25,03,23,094,41,20,20,177,28*7B
$GPGSV,3,3,12,06,18,079,39,19,11,123,23,32,04,161,,04,02,258,*72
$GPRMC,201918.000,A,3748.5258,N,12217.9884,W,2.38,8.38,070611,,,A*7C
$GPVTG,8.38,T,,M,2.38,N,4.4,K,A*07
$GPGGA,201928.000,3748.5336,N,12217.9837,W,1,08,1.1,-4.0,M,-25.1,M,,0000*4D
$GPGSA,A,3,07,13,16,10,03,23,20,08,,,,,2.2,1.1,2.0*3B
$GPGSV,3,1,12,13,73,012,33,23,56,102,38,07,51,280,24,10,39,297,23*7E
$GPGSV,3,2,12,16,32,046,40,08,26,260,22,03,23,094,42,20,20,177,30*78
$GPGSV,3,3,12,06,18,079,39,19,11,123,24,32,04,161,,04,02,258,*75
$GPRMC,201928.000,A,3748.5336,N,12217.9837,W,2.69,23.34,070611,,,A*4F
$GPVTG,23.34,T,,M,2.69,N,5.0,K,A*33
$GPGGA,201938.000,3748.5416,N,12217.9789,W,1,08,1.1,-5.2,M,-25.1,M,,0000*40
$GPGSA,A,3,07,13,16,10,03,23,20,08,,,,,2.2,1.1,2.0*3B
$GPGSV,3,1,12,13,73,012,33,23,56,102,38,07,51,280,24,10,39,297,26*7B
$GPGSV,3,2,12,16,32,046,40,08,26,260,22,03,23,094,41,20,20,177,28*72
$GPGSV,3,3,12,06,18,079,36,19,11,123,36,32,04,161,,04,02,258,*79
$GPVTG,28.74,T,,M,2.84,N,5.3,K,A*3C
$GPGGA,201948.000,3748.5481,N,12217.9725,W,1,08,1.1,-1.3,M,-25.1,M,,0000*4A
$GPGSA,A,3,07,13,16,10,03,23,20,08,,,,,2.2,1.1,2.0*3B
$GPGSV,3,1,12,13,73,012,32,23,56,102,37,07,51,280,25,10,39,297,26*74
$GPGSV,3,2,12,16,32,046,39,08,26,260,23,03,23,094,39,20,20,177,28*72
$GPGSV,3,3,12,06,18,079,36,19,11,123,21,32,04,161,16,04,02,258,*78
$GPRMC,201948.000,A,3748.5481,N,12217.9725,W,2.60,18.29,070611,,,A*43
$GPVTG,18.29,T,,M,2.60,N,4.8,K,A*37
$GPGGA,201958.000,3748.5564,N,12217.9669,W,1,08,1.1,-3.1,M,-25.1,M,,0000*48
$GPGSA,A,3,07,13,16,10,03,23,20,08,,,,,2.2,1.1,2.0*3B
$GPGSV,3,1,12,13,74,015,33,23,55,103,38,07,51,281,25,10,39,296,27*79
$GPGSV,3,2,12,16,32,046,39,08,26,261,24,03,24,094,41,20,20,176,31*75
$GPGSV,3,3,12,06,18,078,41,19,11,123,26,32,03,161,,04,02,257,*71
$GPRMC,201958.000,A,3748.5564,N,12217.9669,W,2.79,23.91,070611,,,A*42
$GPVTG,23.91,T,,M,2.79,N,5.2,K,A*3F
$GPGGA,202008.000,3748.5630,N,12217.9598,W,1,08,1.1,-1.1,M,-25.1,M,,0000*4A
$GPGSA,A,3,07,13,16,10,03,23,20,08,,,,,2.2,1.1,2.0*3B
$GPGSV,3,1,12,13,74,015,33,23,55,103,39,07,51,281,25,10,39,296,25*7A
$GPGSV,3,2,12,16,32,046,37,08,26,261,24,03,24,094,39,20,20,176,28*7C
$GPGSV,3,3,12,06,18,078,39,19,11,123,26,32,03,161,,04,02,257,*7E
$GPRMC,202008.000,A,3748.5630,N,12217.9598,W,2.78,24.06,070611,,,A*4A
$GPVTG,24.06,T,,M,2.78,N,5.1,K,A*34
$GPGGA,202018.000,3748.5703,N,12217.9546,W,1,08,1.1,-4.4,M,-25.1,M,,0000*49
$GPGSA,A,3,07,13,16,10,03,23,20,08,,,,,2.2,1.1,2.0*3B
$GPGSV,3,1,12,13,74,015,34,23,55,103,39,07,51,281,25,10,39,296,25*7D
$GPGSV,3,2,12,16,32,046,38,08,26,261,23,03,24,094,40,20,20,176,30*73
$GPGSV,3,3,12,06,18,078,38,19,11,123,25,32,03,161,,04,02,257,*7C
$GPRMC,202018.000,A,3748.5703,N,12217.9546,W,2.71,25.63,070611,,,A*42
$GPVTG,25.63,T,,M,2.71,N,5.0,K,A*3E
$GPGGA,202028.000,3748.5782,N,12217.9492,W,1,08,1.1,-5.9,M,-25.1,M,,0000*47
$GPGSA,A,3,07,13,16,10,03,23,20,08,,,,,2.2,1.1,1.9*31
$GPGSV,3,1,12,13,74,015,34,23,55,103,39,07,51,281,25,10,39,296,22*7A
$GPGSV,3,2,12,16,32,046,39,08,26,261,20,03,24,094,40,20,20,176,31*70
$GPGSV,3,3,12,06,18,078,42,19,11,123,24,32,03,161,,04,02,257,*70
$GPRMC,202028.000,A,3748.5782,N,12217.9492,W,2.82,24.68,070611,,,A*46
$GPVTG,24.68,T,,M,2.82,N,5.2,K,A*3A
$GPGGA,202038.000,3748.5842,N,12217.9461,W,1,08,1.1,-1.3,M,-25.1,M,,0000*47
$GPGSA,A,3,07,13,16,10,03,23,20,08,,,,,2.2,1.1,1.9*31
$GPGSV,3,1,12,13,74,015,34,23,55,103,29,07,51,281,29,10,39,296,30*74
$GPGSV,3,2,12,16,32,046,39,08,26,261,21,03,24,094,29,20,20,176,21*7F
$GPGSV,3,3,12,06,18,078,26,19,11,123,19,32,03,161,,04,02,257,*7C
$GPRMC,202038.000,A,3748.5842,N,12217.9461,W,2.05,291.04,070611,,,A*71
$GPVTG,291.04,T,,M,2.05,N,3.8,K,A*0F
$GPGGA,202048.000,3748.5851,N,12217.9517,W,1,08,1.1,-2.2,M,-25.1,M,,0000*40
$GPGSA,A,3,07,13,16,10,03,23,20,08,,,,,2.2,1.1,1.9*31
$GPGSV,3,1,12,13,74,016,27,23,55,103,28,07,51,281,29,10,39,296,32*76
$GPGSV,3,2,12,16,31,046,39,08,27,261,24,03,24,093,27,20,19,176,20*7A
$GPGSV,3,3,12,06,18,078,30,19,11,122,20,32,03,161,,04,01,257,*73
$GPVTG,265.46,T,,M,0.00,N,0.0,K,A*0E
$GPGGA,202058.000,3748.5851,N,12217.9517,W,1,08,1.1,-2.2,M,-25.1,M,,0000*41
$GPGSA,A,3,07,13,16,10,03,23,20,08,,,,,2.2,1.1,1.9*31
$GPGSV,3,1,12,13,74,016,34,23,55,103,25,07,51,281,36,10,39,296,36*73
$GPGSV,3,2,12,16,31,046,38,08,27,261,36,03,24,093,26,20,19,176,26*7F
$GPGSV,3,3,12,06,18,078,32,19,11,122,19,32,03,161,,04,01,257,*7B
$GPRMC,202058.000,A,3748.5851,N,12217.9517,W,0.00,265.46,070611,,,A*7F
$GPVTG,265.46,T,,M,0.00,N,0.0,K,A*0E
$GPGGA,202108.000,3748.5851,N,12217.9517,W,1,08,1.1,-2.2,M,-25.1,M,,0000*45
$GPGSA,A,3,07,13,16,10,03,23,20,08,,,,,2.2,1.1,1.9*31
$GPGSV,3,1,12,13,74,016,33,23,55,103,24,07,51,281,36,10,39,296,35*76
$GPGSV,3,2,12,16,31,046,36,08,27,261,34,03,24,093,26,20,19,176,21*74
$GPGSV,3,3,12,06,18,078,29,19,11,122,19,32,03,161,,04,01,257,*71
$GPRMC,202108.000,A,3748.5851,N,12217.9517,W,0.00,265.46,070611,,,A*7B
$GPVTG,265.46,T,,M,0.00,N,0.0,K,A*0E
$GPGGA,202118.000,3748.5998,N,12217.9801,W,1,08,1.1,1.5,M,-25.1,M,,0000*63
$GPGSA,A,3,07,13,16,10,03,23,20,08,,,,,2.2,1.1,1.9*31
$GPGSV,3,1,12,13,74,017,33,23,55,104,26,07,51,282,34,10,40,295,37*7C
$GPGSV,3,2,12,16,31,046,37,08,27,262,33,03,24,093,26,20,19,176,17*74
$GPGSV,3,3,12,06,18,077,27,19,12,122,18,32,03,161,,04,01,257,*72
$GPRMC,202118.000,A,3748.5998,N,12217.9801,W,3.06,303.75,070611,,,A*70
$GPVTG,303.75,T,,M,3.06,N,5.7,K,A*08
$GPGGA,202128.000,3748.6036,N,12217.9850,W,1,08,1.1,1.9,M,-25.1,M,,0000*66
$GPGSA,A,3,07,13,16,10,03,23,20,08,,,,,2.2,1.1,1.9*31
$GPGSV,3,1,12,13,74,017,33,23,55,104,26,07,51,282,36,10,40,295,38*71
$GPGSV,3,2,12,16,31,046,37,08,27,262,26,03,24,093,26,20,19,176,18*7F
$GPGSV,3,3,12,06,18,077,32,19,12,122,19,32,03,161,,04,01,257,*77
$GPRMC,202128.000,A,3748.6036,N,12217.9850,W,0.00,269.65,070611,,,A*70
$GPVTG,269.65,T,,M,0.00,N,0.0,K,A*03
$GPGGA,202138.000,3748.6120,N,12217.9962,W,1,08,1.1,3.6,M,-25.1,M,,0000*6C
$GPGSA,A,3,07,13,16,10,03,23,20,08,,,,,2.2,1.1,1.9*31
$GPGSV,3,1,12,13,74,017,34,23,55,104,36,07,51,282,28,10,40,295,30*70
$GPGSV,3,2,12,16,31,046,38,08,27,262,23,03,24,093,38,20,19,176,21*70
$GPGSV,3,3,12,06,18,077,39,19,12,122,29,32,03,161,,04,01,257,*7F
$GPRMC,202138.000,A,3748.6120,N,12217.9962,W,2.92,341.48,070611,,,A*7A
$GPVTG,341.48,T,,M,2.92,N,5.4,K,A*0F
$GPGGA,202148.000,3748.6180,N,12217.9998,W,1,08,1.1,3.7,M,-25.1,M,,0000*65
$GPGSA,A,3,07,13,16,10,03,23,20,08,,,,,2.2,1.1,1.9*31
$GPGSV,3,1,12,13,74,017,27,23,55,104,23,07,51,282,32,10,40,295,33*7E
$GPGSV,3,2,12,16,31,046,21,08,27,262,32,03,24,093,21,20,19,176,25*74
$GPRMC,202148.000,A,3748.6180,N,12217.9998,W,0.00,307.69,070611,,,A*7A
$GPVTG,307.69,T,,M,0.00,N,0.0,K,A*06
$GPGGA,202158.000,3748.6286,N,12217.9971,W,1,09,1.0,4.0,M,-25.1,M,,0000*66
$GPGSA,A,3,07,13,16,10,03,23,06,20,08,,,,2.0,1.0,1.7*3A
$GPGSV,3,1,12,13,74,018,34,23,55,104,34,07,52,282,24,10,40,295,25*76
$GPGSV,3,2,12,16,31,046,40,08,27,262,23,03,24,093,36,20,19,176,18*7B
$GPGSV,3,3,12,06,18,077,36,19,12,122,20,32,02,161,,05,01,326,*7E
$GPRMC,202158.000,A,3748.6286,N,12217.9971,W,2.68,28.96,070611,,,A*4B
$GPGGA,202208.000,3748.6376,N,12217.9907,W,1,09,1.0,5.0,M,-25.1,M,,0000*6E
$GPGSA,A,3,07,13,16,10,03,23,06,20,08,,,,2.0,1.0,1.7*3A
$GPGSV,3,1,12,13,74,018,34,23,55,104,23,07,52,282,25,10,40,295,26*72
$GPGSV,3,2,12,16,31,046,34,08,27,262,23,03,24,093,21,20,19,176,19*7F
$GPGSV,3,3,12,06,18,077,19,19,12,122,16,32,02,161,,05,01,326,*76
$GPRMC,202208.000,A,3748.6376,N,12217.9907,W,3.10,26.44,070611,,,A*4D
$GPVTG,26.44,T,,M,3.10,N,5.7,K,A*39
$GPGGA,202218.000,3748.6456,N,12217.9858,W,1,09,1.0,1.2,M,-25.1,M,,0000*67
$GPGSA,A,3,07,13,16,10,03,23,06,20,08,,,,2.0,1.0,1.7*3A
$GPGSV,3,1,12,13,74,018,34,23,55,104,39,07,52,282,25,10,40,295,26*79
$GPGSV,3,2,12,16,31,046,41,08,27,262,24,03,24,093,24,20,19,176,20*75
$GPGSV,3,3,12,06,18,077,19,19,12,122,19,32,02,161,,05,01,326,*79
$GPRMC,202218.000,A,3748.6456,N,12217.9858,W,2.60,19.38,070611,,,A*43
$GPVTG,19.38,T,,M,2.60,N,4.8,K,A*36
$GPGGA,202228.000,3748.6498,N,12217.9811,W,1,09,1.0,2.4,M,-25.1,M,,0000*6E
$GPGSA,A,3,07,13,16,10,03,23,06,20,08,,,,2.0,1.0,1.7*3A
$GPGSV,3,1,12,13,74,018,34,23,55,104,33,07,52,282,26,10,40,295,27*71
$GPGSV,3,2,12,16,31,046,27,08,27,262,25,03,24,093,21,20,19,176,19*7B
$GPGSV,3,3,12,06,18,077,20,19,12,122,21,32,02,161,,05,01,326,*78
$GPRMC,202228.000,A,3748.6498,N,12217.9811,W,0.00,33.58,070611,,,A*45
$GPVTG,33.58,T,,M,0.00,N,0.0,K,A*30
$GPGGA,202238.000,3748.6614,N,12217.9769,W,1,09,1.0,0.8,M,-25.1,M,,0000*67
$GPGSA,A,3,07,13,16,10,03,23,06,20,08,,,,2.0,1.0,1.7*3A
$GPGSV,3,1,12,13,74,018,24,23,55,104,29,07,52,282,26,10,40,295,29*75
$GPGSV,3,2,12,16,31,046,35,08,27,262,28,03,24,093,33,20,19,176,20*7C
$GPGSV,3,3,12,06,18,077,34,19,12,122,32,32,02,161,,05,01,326,*7F
$GPRMC,202238.000,A,3748.6614,N,12217.9769,W,2.29,33.97,070611,,,A*48
$GPVTG,33.97,T,,M,2.29,N,4.2,K,A*3C
$GPGGA,202248.000,3748.6658,N,12217.9747,W,1,09,1.0,2.1,M,-25.1,M,,0000*6F
$GPGSA,A,3,07,13,16,10,03,23,06,20,08,,,,2.0,1.0,1.7*3A
$GPGSV,3,1,12,13,74,018,31,23,55,104,39,07,52,282,25,10,40,295,24*7E
$GPGSV,3,2,12,16,31,046,38,08,27,262,23,03,24,093,39,20,19,176,27*77
$GPGSV,3,3,12,06,18,077,29,19,12,122,39,32,02,161,,05,01,326,*78
$GPRMC,202248.000,A,3748.6658,N,12217.9747,W,0.00,15.64,070611,,,A*4A
$GPVTG,15.64,T,,M,0.00,N,0.0,K,A*3B
$GPGGA,202258.000,3748.6697,N,12217.9683,W,1,09,1.0,0.4,M,-25.1,M,,0000*63
$GPGSA,A,3,07,13,16,10,03,23,06,20,08,,,,2.0,1.0,1.7*3A
$GPGSV,3,1,12,13,74,018,22,23,55,104,23,07,52,282,25,10,40,295,28*7B
$GPGSV,3,2,12,16,31,046,37,08,27,262,26,03,24,093,22,20,19,176,20*70
$GPGSV,3,3,12,06,18,077,21,19,12,122,18,32,02,161,,05,01,326,*73
$GPVTG,26.47,T,,M,0.00,N,0.0,K,A*3A
$GPGGA,202308.000,3748.6780,N,12217.9619,W,1,09,1.0,-2.9,M,-25.1,M,,0000*41
$GPGSA,A,3,07,13,16,10,03,23,06,20,08,,,,2.0,1.0,1.7*3A
$GPGSV,3,1,12,13,74,018,34,23,55,104,37,07,52,282,24,10,40,295,27*77
$GPGSV,3,2,12,16,31,046,38,08,27,262,22,03,24,093,24,20,19,176,21*7C
$GPGSV,3,3,12,06,18,077,27,19,12,122,37,32,02,161,,05,01,326,*78
$GPRMC,202308.000,A,3748.6780,N,12217.9619,W,0.00,28.44,070611,,,A*4D
$GPVTG,28.44,T,,M,0.00,N,0.0,K,A*37
$GPGGA,202318.000,3748.6780,N,12217.9619,W,1,09,1.0,-2.9,M,-25.1,M,,0000*40
$GPGSA,A,3,07,13,16,10,03,23,06,20,08,,,,2.0,1.0,1.7*3A
$GPGSV,3,1,12,13,74,018,34,23,55,104,33,07,52,282,24,10,40,295,27*73
$GPGSV,3,2,12,16,31,046,39,08,27,262,23,03,24,093,35,20,19,176,19*77
$GPGSV,3,3,12,06,18,077,33,19,12,122,18,32,02,161,,05,01,326,*70
$GPRMC,202318.000,A,3748.6780,N,12217.9619,W,0.00,28.44,070611,,,A*4C
$GPVTG,28.44,T,,M,0.00,N,0.0,K,A*37
$GPGGA,202328.000,3748.6918,N,12217.9464,W,1,09,1.0,1.7,M,-25.1,M,,0000*64
$GPGSA,A,3,07,13,16,10,03,23,06,20,08,,,,2.0,1.0,1.7*3A
$GPGSV,3,1,12,13,74,018,34,23,55,104,37,07,52,282,23,10,40,295,26*71
$GPGSV,3,2,12,16,31,046,40,08,27,262,23,03,24,093,34,20,19,176,20*72
$GPGSV,3,3,12,06,18,077,29,19,12,122,22,32,02,161,,05,01,326,*72
$GPRMC,202328.000,A,3748.6918,N,12217.9464,W,2.46,27.86,070611,,,A*49
$GPVTG,27.86,T,,M,2.46,N,4.6,K,A*34
$GPGGA,202338.000,3748.7016,N,12217.9398,W,1,09,1.0,2.1,M,-25.1,M,,0000*62
$GPGSA,A,3,07,13,16,10,03,23,06,20,08,,,,2.0,1.0,1.7*3A
$GPGSV,3,1,12,13,74,018,33,23,55,104,37,07,52,282,23,10,40,295,27*77
$GPGSV,3,2,12,16,31,046,41,08,27,262,23,03,24,093,21,20,19,176,30*76
$GPGSV,3,3,12,06,18,077,24,19,12,122,18,32,02,161,,05,01,326,*76
$GPRMC,202338.000,A,3748.7016,N,12217.9398,W,3.09,20.05,070611,,,A*4C
$GPVTG,20.05,T,,M,3.09,N,5.7,K,A*32
$GPGGA,202348.000,3748.7094,N,12217.9338,W,1,09,1.0,1.1,M,-25.1,M,,0000*66
$GPGSA,A,3,07,13,16,10,03,23,06,20,08,,,,2.0,1.0,1.7*3A
$GPGSV,3,1,12,13,74,021,33,23,54,105,38,07,52,283,26,10,40,294,23*73
$GPGSV,3,2,12,16,30,045,40,08,28,263,23,03,24,092,32,06,19,076,28*74
$GPGSV,3,3,12,20,18,176,26,19,12,121,33,05,02,326,,32,02,161,*79
$GPRMC,202348.000,A,3748.7094,N,12217.9338,W,2.74,42.57,070611,,,A*43
$GPVTG,42.57,T,,M,2.74,N,5.1,K,A*3C
$GPGGA,202358.000,3748.7172,N,12217.9293,W,1,09,1.0,3.3,M,-25.1,M,,0000*6E
$GPGSA,A,3,07,13,16,10,03,23,06,20,08,,,,2.0,1.0,1.7*3A
$GPGSV,3,1,12,13,74,021,34,23,54,105,36,07,52,283,22,10,40,294,25*78
$GPGSV,3,2,12,16,30,045,39,08,28,263,24,03,24,092,25,06,19,076,25*76
$GPRMC,202358.000,A,3748.7172,N,12217.9293,W,2.52,14.15,070611,,,A*4A
$GPVTG,14.15,T,,M,2.52,N,4.7,K,A*3A
$GPGGA,202408.000,3748.7256,N,12217.9245,W,1,10,1.0,6.6,M,-25.1,M,,0000*6A
$GPGSA,A,3,07,13,16,10,03,23,19,06,20,08,,,1.9,1.0,1.7*38
$GPGSV,3,1,12,13,74,022,34,23,54,106,36,07,52,284,24,10,40,294,29*75
$GPGSV,3,2,12,16,30,045,40,08,28,263,26,03,24,092,27,06,19,076,25*78
$GPGSV,3,3,12,20,18,176,22,19,12,121,24,05,02,326,,32,02,161,*7B
$GPRMC,202408.000,A,3748.7256,N,12217.9245,W,2.42,24.45,070611,,,A*41
$GPGGA,202418.000,3748.7328,N,12217.9170,W,1,09,1.1,11.6,M,-25.1,M,,0000*59
$GPGSA,A,3,07,13,16,10,03,23,19,20,08,,,,2.1,1.1,1.8*3B
$GPGSV,3,1,12,13,74,022,34,23,54,106,38,07,52,284,28,10,40,294,28*76
$GPGSV,3,2,12,16,30,045,35,08,28,263,26,03,24,092,36,06,19,076,*7D
$GPGSV,3,3,12,20,18,176,25,19,12,121,31,05,02,326,,32,02,161,*78
$GPRMC,202418.000,A,3748.7328,N,12217.9170,W,2.54,30.76,070611,,,A*4F
$GPVTG,30.76,T,,M,2.54,N,4.7,K,A*3F
$GPGGA,202428.000,3748.7414,N,12217.9113,W,1,10,1.0,12.7,M,-25.1,M,,0000*5C
$GPGSA,A,3,07,13,16,10,03,23,19,06,20,08,,,1.9,1.0,1.7*38
$GPGSV,3,1,12,13,74,022,35,23,54,106,38,07,52,284,25,10,40,294,27*75
$GPGSV,3,2,12,16,30,045,40,08,28,263,26,03,24,092,42,06,19,076,26*78
$GPGSV,3,3,12,20,18,176,25,19,12,121,27,05,02,326,,32,02,161,*7F
$GPRMC,202428.000,A,3748.7414,N,12217.9113,W,2.60,16.95,070611,,,A*4F
$GPVTG,16.95,T,,M,2.60,N,4.8,K,A*3E
$GPGGA,202438.000,3748.7483,N,12217.9073,W,1,10,1.0,9.4,M,-25.1,M,,0000*6D
$GPGSA,A,3,07,13,16,10,03,23,19,06,20,08,,,1.9,1.0,1.7*38
$GPGSV,3,1,12,13,74,022,34,23,54,106,35,07,52,284,25,10,40,294,27*79
$GPGSV,3,2,12,16,30,045,39,08,28,263,25,03,24,092,39,06,19,076,35*7B
$GPGSV,3,3,12,20,18,176,28,19,12,121,26,05,02,326,,32,02,161,*73
$GPRMC,202438.000,A,3748.7483,N,12217.9073,W,2.73,33.97,070611,,,A*40
$GPVTG,33.97,T,,M,2.73,N,5.0,K,A*30
$GPGGA,202448.000,3748.7556,N,12217.8997,W,1,10,1.0,10.5,M,-25.1,M,,0000*58
$GPGSA,A,3,07,13,16,10,03,23,19,06,20,08,,,1.9,1.0,1.7*38
$GPGSV,3,1,12,13,75,023,33,23,54,106,35,07,52,284,24,10,40,293,26*79
$GPGSV,3,2,12,16,30,045,39,08,28,263,25,03,24,091,39,06,19,076,35*78
$GPGSV,3,3,12,20,18,176,31,19,13,121,27,05,02,326,,32,01,161,*78
$GPRMC,202448.000,A,3748.7556,N,12217.8997,W,2.75,33.69,070611,,,A*4B
$GPVTG,33.69,T,,M,2.75,N,5.1,K,A*36
$GPGGA,202458.000,3748.7615,N,12217.8971,W,1,10,1.0,6.5,M,-25.1,M,,0000*62
$GPGSA,A,3,07,13,16,10,03,23,19,06,20,08,,,1.9,1.0,1.7*38
$GPGSV,3,1,12,13,75,023,33,23,54,106,37,07,52,284,24,10,40,293,27*7A
$GPGSV,3,2,12,16,30,045,32,08,28,263,25,03,24,091,30,06,19,076,28*76
$GPGSV,3,3,12,20,18,176,30,19,13,121,27,05,02,326,,32,01,161,*79
$GPRMC,202458.000,A,3748.7615,N,12217.8971,W,0.00,19.15,070611,,,A*45
$GPVTG,19.15,T,,M,0.00,N,0.0,K,A*31
$GPGGA,202508.000,3748.7615,N,12217.8971,W,1,10,1.0,6.5,M,-25.1,M,,0000*66
$GPGSA,A,3,07,13,16,10,03,23,19,06,20,08,,,1.9,1.0,1.7*38
$GPGSV,3,1,12,13,75,023,35,23,54,106,28,07,52,284,29,10,40,293,26*7E
$GPGSV,3,2,12,16,30,045,20,08,28,263,32,03,24,091,29,06,19,076,26*75
$GPGSV,3,3,12,20,18,176,25,19,13,121,33,05,02,326,,32,01,161,*78
$GPVTG,19.15,T,,M,0.00,N,0.0,K,A*31
$GPGGA,202518.000,3748.7615,N,12217.8971,W,1,10,1.0,6.5,M,-25.1,M,,0000*67
$GPGSA,A,3,07,13,16,10,03,23,19,06,20,08,,,1.9,1.0,1.7*38
$GPGSV,3,1,12,13,75,023,35,23,54,106,27,07,52,284,27,10,40,293,30*78
$GPGSV,3,2,12,16,30,045,29,08,28,263,31,03,24,091,26,06,19,076,26*70
$GPGSV,3,3,12,20,18,176,25,19,13,121,32,05,02,326,20,32,01,161,*7B
$GPRMC,202518.000,A,3748.7615,N,12217.8971,W,0.00,19.15,070611,,,A*40
$GPVTG,19.15,T,,M,0.00,N,0.0,K,A*31
$GPGGA,202528.000,3748.7615,N,12217.8971,W,1,10,1.0,6.5,M,-25.1,M,,0000*64
$GPGSA,A,3,07,13,16,10,03,23,19,06,20,08,,,1.9,1.0,1.7*38
$GPGSV,3,1,12,13,75,023,32,23,54,106,30,07,52,284,25,10,40,293,30*7B
$GPGSV,3,2,12,16,30,045,30,08,28,263,31,03,24,091,29,06,19,076,25*74
$GPGSV,3,3,12,20,18,176,29,19,13,121,30,05,02,326,18,32,01,161,*7E
$GPRMC,202528.000,A,3748.7615,N,12217.8971,W,0.00,19.15,070611,,,A*43
$GPVTG,19.15,T,,M,0.00,N,0.0,K,A*31
$GPGGA,202538.000,3748.7615,N,12217.8971,W,1,10,1.0,6.5,M,-25.1,M,,0000*65
$GPGSA,A,3,07,13,16,10,03,23,19,06,20,08,,,1.9,1.0,1.7*38
$GPGSV,3,1,12,13,75,023,34,23,54,106,23,07,52,284,32,10,40,293,36*7F
$GPGSV,3,2,12,16,30,045,27,08,28,263,31,03,24,091,20,06,19,076,23*7D
$GPGSV,3,3,12,20,18,176,23,19,13,121,31,05,02,326,31,32,01,161,*7E
$GPRMC,202538.000,A,3748.7615,N,12217.8971,W,0.00,19.15,070611,,,A*42
$GPVTG,19.15,T,,M,0.00,N,0.0,K,A*31
$GPGGA,202548.000,3748.7615,N,12217.8971,W,1,09,1.3,6.5,M,-25.1,M,,0000*69
$GPGSA,A,3,07,13,16,10,03,19,06,23,08,,,,2.1,1.3,1.7*32
$GPGSV,3,1,12,13,75,023,25,23,54,106,37,07,52,284,20,10,40,293,24*7A
$GPGSV,3,2,12,16,30,045,33,08,28,263,18,03,24,091,33,06,19,076,31*72
$GPGSV,3,3,12,20,18,176,,19,13,121,31,05,02,326,27,32,01,161,*78
$GPRMC,202548.000,A,3748.7615,N,12217.8971,W,0.00,19.15,070611,,,A*45
$GPVTG,19.15,T,,M,0.00,N,0.0,K,A*31
$GPGGA,202558.000,3748.7615,N,12217.8971,W,1,08,1.3,6.5,M,-25.1,M,,0000*69
$GPGSA,A,3,13,16,10,03,19,06,23,08,,,,,2.1,1.3,1.7*35
$GPGSV,3,1,12,13,75,023,28,23,54,106,32,07,52,284,,10,40,293,22*76
$GPGSV,3,2,12,16,30,045,35,08,28,263,18,03,24,091,34,06,19,076,33*71
$GPGSV,3,3,12,20,18,176,,19,13,121,36,05,02,326,31,32,01,161,*78
$GPRMC,202558.000,A,3748.7615,N,12217.8971,W,0.00,19.15,070611,,,A*44
$GPVTG,19.15,T,,M,0.00,N,0.0,K,A*31
$GPGGA,202608.000,3748.7615,N,12217.8971,W,1,09,1.3,6.5,M,-25.1,M,,0000*6E
$GPGSA,A,3,07,13,16,10,03,19,06,23,08,,,,2.1,1.3,1.7*32
$GPGSV,3,1,12,13,75,023,37,23,54,106,39,07,52,284,36,10,40,293,38*7D
$GPGSV,3,2,12,16,30,045,25,08,28,263,21,03,24,091,35,06,19,076,35*7D
                                                                                                                              
                                                                                      